[2025-06-10T16:48:57.816+0200] {local_task_job_runner.py:123} INFO - ::group::Pre task execution logs
[2025-06-10T16:48:57.820+0200] {taskinstance.py:2614} INFO - Dependencies all met for dep_context=non-requeueable deps ti=<TaskInstance: case4.wait_for_raw_parquet manual__2025-06-10T14:48:55.592923+00:00 [queued]>
[2025-06-10T16:48:57.822+0200] {taskinstance.py:2614} INFO - Dependencies all met for dep_context=requeueable deps ti=<TaskInstance: case4.wait_for_raw_parquet manual__2025-06-10T14:48:55.592923+00:00 [queued]>
[2025-06-10T16:48:57.822+0200] {taskinstance.py:2867} INFO - Starting attempt 1 of 1
[2025-06-10T16:48:57.827+0200] {taskinstance.py:2890} INFO - Executing <Task(FileSensor): wait_for_raw_parquet> on 2025-06-10 14:48:55.592923+00:00
[2025-06-10T16:48:57.830+0200] {standard_task_runner.py:72} INFO - Started process 46788 to run task
[2025-06-10T16:48:57.832+0200] {standard_task_runner.py:104} INFO - Running: ['airflow', 'tasks', 'run', 'case4', 'wait_for_raw_parquet', 'manual__2025-06-10T14:48:55.592923+00:00', '--job-id', '56', '--raw', '--subdir', 'DAGS_FOLDER/case4.py', '--cfg-path', '/var/folders/sj/kmk_wl3517d377606n_z382h0000gp/T/tmptfg2e0qa']
[2025-06-10T16:48:57.834+0200] {standard_task_runner.py:105} INFO - Job 56: Subtask wait_for_raw_parquet
[2025-06-10T16:48:57.873+0200] {task_command.py:467} INFO - Running <TaskInstance: case4.wait_for_raw_parquet manual__2025-06-10T14:48:55.592923+00:00 [running]> on host LGLXN9TVJX
[2025-06-10T16:48:57.896+0200] {taskinstance.py:3134} INFO - Exporting env vars: AIRFLOW_CTX_DAG_EMAIL='tayfun.simsek@mhp.com' AIRFLOW_CTX_DAG_OWNER='airflow' AIRFLOW_CTX_DAG_ID='case4' AIRFLOW_CTX_TASK_ID='wait_for_raw_parquet' AIRFLOW_CTX_EXECUTION_DATE='2025-06-10T14:48:55.592923+00:00' AIRFLOW_CTX_TRY_NUMBER='1' AIRFLOW_CTX_DAG_RUN_ID='manual__2025-06-10T14:48:55.592923+00:00'
[2025-06-10T16:48:57.897+0200] {taskinstance.py:732} INFO - ::endgroup::
[2025-06-10T16:48:57.955+0200] {baseoperator.py:423} WARNING - FileSensor.execute cannot be called outside TaskInstance!
[2025-06-10T16:48:57.960+0200] {base.py:84} INFO - Retrieving connection 'fs_default'
[2025-06-10T16:48:57.961+0200] {filesystem.py:109} INFO - Poking for file /Users/tsimsek/airflow/dags/../data/raw/taxi_data_today.parquet
[2025-06-10T16:48:57.961+0200] {filesystem.py:113} INFO - Found File /Users/tsimsek/airflow/dags/../data/raw/taxi_data_today.parquet last modified: 20250610164802
[2025-06-10T16:48:57.961+0200] {base.py:339} INFO - Success criteria met. Exiting.
[2025-06-10T16:48:57.962+0200] {filesystem.py:109} INFO - Poking for file /Users/tsimsek/airflow/dags/../data/raw/taxi_data_today.parquet
[2025-06-10T16:48:57.962+0200] {filesystem.py:113} INFO - Found File /Users/tsimsek/airflow/dags/../data/raw/taxi_data_today.parquet last modified: 20250610164802
[2025-06-10T16:48:57.964+0200] {taskinstance.py:341} INFO - ::group::Post task execution logs
[2025-06-10T16:48:57.965+0200] {taskinstance.py:353} INFO - Marking task as SUCCESS. dag_id=case4, task_id=wait_for_raw_parquet, run_id=manual__2025-06-10T14:48:55.592923+00:00, execution_date=20250610T144855, start_date=20250610T144857, end_date=20250610T144857
[2025-06-10T16:48:58.010+0200] {local_task_job_runner.py:266} INFO - Task exited with return code 0
[2025-06-10T16:48:58.025+0200] {taskinstance.py:3901} INFO - 1 downstream tasks scheduled from follow-on schedule check
[2025-06-10T16:48:58.026+0200] {local_task_job_runner.py:245} INFO - ::endgroup::
