[2025-06-10T15:50:22.880+0200] {processor.py:186} INFO - Started process (PID=33189) to work on /Users/tsimsek/airflow/dags/case3.py
[2025-06-10T15:50:22.882+0200] {processor.py:914} INFO - Processing file /Users/tsimsek/airflow/dags/case3.py for tasks to queue
[2025-06-10T15:50:22.882+0200] {logging_mixin.py:190} INFO - [2025-06-10T15:50:22.882+0200] {dagbag.py:588} INFO - Filling up the DagBag from /Users/tsimsek/airflow/dags/case3.py
[2025-06-10T15:50:23.312+0200] {processor.py:925} INFO - DAG(s) 'case3' retrieved from /Users/tsimsek/airflow/dags/case3.py
[2025-06-10T15:50:23.427+0200] {logging_mixin.py:190} INFO - [2025-06-10T15:50:23.426+0200] {override.py:1930} INFO - Created Permission View: can delete on DAG:case3
[2025-06-10T15:50:23.431+0200] {logging_mixin.py:190} INFO - [2025-06-10T15:50:23.431+0200] {override.py:1930} INFO - Created Permission View: can edit on DAG:case3
[2025-06-10T15:50:23.434+0200] {logging_mixin.py:190} INFO - [2025-06-10T15:50:23.434+0200] {override.py:1930} INFO - Created Permission View: can read on DAG:case3
[2025-06-10T15:50:23.438+0200] {logging_mixin.py:190} INFO - [2025-06-10T15:50:23.438+0200] {override.py:1930} INFO - Created Permission View: can delete on DAG Run:case3
[2025-06-10T15:50:23.441+0200] {logging_mixin.py:190} INFO - [2025-06-10T15:50:23.441+0200] {override.py:1930} INFO - Created Permission View: menu access on DAG Run:case3
[2025-06-10T15:50:23.443+0200] {logging_mixin.py:190} INFO - [2025-06-10T15:50:23.443+0200] {override.py:1930} INFO - Created Permission View: can read on DAG Run:case3
[2025-06-10T15:50:23.447+0200] {logging_mixin.py:190} INFO - [2025-06-10T15:50:23.447+0200] {override.py:1930} INFO - Created Permission View: can create on DAG Run:case3
[2025-06-10T15:50:23.447+0200] {logging_mixin.py:190} INFO - [2025-06-10T15:50:23.447+0200] {dag.py:3239} INFO - Sync 1 DAGs
[2025-06-10T15:50:23.452+0200] {logging_mixin.py:190} INFO - [2025-06-10T15:50:23.452+0200] {dag.py:3262} INFO - Creating ORM DAG for case3
[2025-06-10T15:50:23.452+0200] {logging_mixin.py:190} INFO - [2025-06-10T15:50:23.452+0200] {dag.py:4180} INFO - Setting next_dagrun for case3 to None, run_after=None
[2025-06-10T15:50:23.459+0200] {processor.py:208} INFO - Processing /Users/tsimsek/airflow/dags/case3.py took 0.586 seconds
[2025-06-10T15:50:55.363+0200] {processor.py:186} INFO - Started process (PID=33336) to work on /Users/tsimsek/airflow/dags/case3.py
[2025-06-10T15:50:55.365+0200] {processor.py:914} INFO - Processing file /Users/tsimsek/airflow/dags/case3.py for tasks to queue
[2025-06-10T15:50:55.365+0200] {logging_mixin.py:190} INFO - [2025-06-10T15:50:55.365+0200] {dagbag.py:588} INFO - Filling up the DagBag from /Users/tsimsek/airflow/dags/case3.py
[2025-06-10T15:50:55.774+0200] {processor.py:925} INFO - DAG(s) 'case3' retrieved from /Users/tsimsek/airflow/dags/case3.py
[2025-06-10T15:50:55.834+0200] {logging_mixin.py:190} INFO - [2025-06-10T15:50:55.834+0200] {dag.py:3239} INFO - Sync 1 DAGs
[2025-06-10T15:50:55.838+0200] {logging_mixin.py:190} INFO - [2025-06-10T15:50:55.838+0200] {dag.py:4180} INFO - Setting next_dagrun for case3 to None, run_after=None
[2025-06-10T15:50:55.845+0200] {processor.py:208} INFO - Processing /Users/tsimsek/airflow/dags/case3.py took 0.491 seconds
[2025-06-10T15:51:34.479+0200] {processor.py:186} INFO - Started process (PID=33463) to work on /Users/tsimsek/airflow/dags/case3.py
[2025-06-10T15:51:34.481+0200] {processor.py:914} INFO - Processing file /Users/tsimsek/airflow/dags/case3.py for tasks to queue
[2025-06-10T15:51:34.481+0200] {logging_mixin.py:190} INFO - [2025-06-10T15:51:34.481+0200] {dagbag.py:588} INFO - Filling up the DagBag from /Users/tsimsek/airflow/dags/case3.py
[2025-06-10T15:51:35.052+0200] {processor.py:925} INFO - DAG(s) 'case3' retrieved from /Users/tsimsek/airflow/dags/case3.py
[2025-06-10T15:51:35.166+0200] {logging_mixin.py:190} INFO - [2025-06-10T15:51:35.166+0200] {dag.py:3239} INFO - Sync 1 DAGs
[2025-06-10T15:51:35.171+0200] {logging_mixin.py:190} INFO - [2025-06-10T15:51:35.171+0200] {dag.py:4180} INFO - Setting next_dagrun for case3 to None, run_after=None
[2025-06-10T15:51:35.180+0200] {processor.py:208} INFO - Processing /Users/tsimsek/airflow/dags/case3.py took 0.711 seconds
[2025-06-10T15:52:06.368+0200] {processor.py:186} INFO - Started process (PID=33569) to work on /Users/tsimsek/airflow/dags/case3.py
[2025-06-10T15:52:06.369+0200] {processor.py:914} INFO - Processing file /Users/tsimsek/airflow/dags/case3.py for tasks to queue
[2025-06-10T15:52:06.370+0200] {logging_mixin.py:190} INFO - [2025-06-10T15:52:06.370+0200] {dagbag.py:588} INFO - Filling up the DagBag from /Users/tsimsek/airflow/dags/case3.py
[2025-06-10T15:52:06.854+0200] {processor.py:925} INFO - DAG(s) 'case3' retrieved from /Users/tsimsek/airflow/dags/case3.py
[2025-06-10T15:52:06.913+0200] {logging_mixin.py:190} INFO - [2025-06-10T15:52:06.913+0200] {dag.py:3239} INFO - Sync 1 DAGs
[2025-06-10T15:52:06.917+0200] {logging_mixin.py:190} INFO - [2025-06-10T15:52:06.917+0200] {dag.py:4180} INFO - Setting next_dagrun for case3 to None, run_after=None
[2025-06-10T15:52:06.924+0200] {processor.py:208} INFO - Processing /Users/tsimsek/airflow/dags/case3.py took 0.566 seconds
[2025-06-10T16:37:31.107+0200] {processor.py:186} INFO - Started process (PID=42902) to work on /Users/tsimsek/airflow/dags/case3.py
[2025-06-10T16:37:31.109+0200] {processor.py:914} INFO - Processing file /Users/tsimsek/airflow/dags/case3.py for tasks to queue
[2025-06-10T16:37:31.110+0200] {logging_mixin.py:190} INFO - [2025-06-10T16:37:31.110+0200] {dagbag.py:588} INFO - Filling up the DagBag from /Users/tsimsek/airflow/dags/case3.py
[2025-06-10T16:37:31.462+0200] {processor.py:925} INFO - DAG(s) 'case3' retrieved from /Users/tsimsek/airflow/dags/case3.py
[2025-06-10T16:37:31.531+0200] {logging_mixin.py:190} INFO - [2025-06-10T16:37:31.531+0200] {dag.py:3239} INFO - Sync 1 DAGs
[2025-06-10T16:37:31.535+0200] {logging_mixin.py:190} INFO - [2025-06-10T16:37:31.535+0200] {dag.py:4180} INFO - Setting next_dagrun for case3 to None, run_after=None
[2025-06-10T16:37:31.542+0200] {processor.py:208} INFO - Processing /Users/tsimsek/airflow/dags/case3.py took 0.441 seconds
[2025-06-10T16:38:03.313+0200] {processor.py:186} INFO - Started process (PID=43010) to work on /Users/tsimsek/airflow/dags/case3.py
[2025-06-10T16:38:03.316+0200] {processor.py:914} INFO - Processing file /Users/tsimsek/airflow/dags/case3.py for tasks to queue
[2025-06-10T16:38:03.316+0200] {logging_mixin.py:190} INFO - [2025-06-10T16:38:03.316+0200] {dagbag.py:588} INFO - Filling up the DagBag from /Users/tsimsek/airflow/dags/case3.py
[2025-06-10T16:38:03.753+0200] {processor.py:925} INFO - DAG(s) 'case3' retrieved from /Users/tsimsek/airflow/dags/case3.py
[2025-06-10T16:38:03.814+0200] {logging_mixin.py:190} INFO - [2025-06-10T16:38:03.814+0200] {dag.py:3239} INFO - Sync 1 DAGs
[2025-06-10T16:38:03.818+0200] {logging_mixin.py:190} INFO - [2025-06-10T16:38:03.818+0200] {dag.py:4180} INFO - Setting next_dagrun for case3 to None, run_after=None
[2025-06-10T16:38:03.827+0200] {processor.py:208} INFO - Processing /Users/tsimsek/airflow/dags/case3.py took 0.523 seconds
[2025-06-10T16:38:40.236+0200] {processor.py:186} INFO - Started process (PID=43297) to work on /Users/tsimsek/airflow/dags/case3.py
[2025-06-10T16:38:40.238+0200] {processor.py:914} INFO - Processing file /Users/tsimsek/airflow/dags/case3.py for tasks to queue
[2025-06-10T16:38:40.239+0200] {logging_mixin.py:190} INFO - [2025-06-10T16:38:40.239+0200] {dagbag.py:588} INFO - Filling up the DagBag from /Users/tsimsek/airflow/dags/case3.py
[2025-06-10T16:38:40.635+0200] {processor.py:925} INFO - DAG(s) 'case3' retrieved from /Users/tsimsek/airflow/dags/case3.py
[2025-06-10T16:38:40.696+0200] {logging_mixin.py:190} INFO - [2025-06-10T16:38:40.696+0200] {dag.py:3239} INFO - Sync 1 DAGs
[2025-06-10T16:38:40.700+0200] {logging_mixin.py:190} INFO - [2025-06-10T16:38:40.700+0200] {dag.py:4180} INFO - Setting next_dagrun for case3 to None, run_after=None
[2025-06-10T16:38:40.708+0200] {processor.py:208} INFO - Processing /Users/tsimsek/airflow/dags/case3.py took 0.481 seconds
[2025-06-10T16:40:05.376+0200] {processor.py:186} INFO - Started process (PID=43763) to work on /Users/tsimsek/airflow/dags/case3.py
[2025-06-10T16:40:05.379+0200] {processor.py:914} INFO - Processing file /Users/tsimsek/airflow/dags/case3.py for tasks to queue
[2025-06-10T16:40:05.379+0200] {logging_mixin.py:190} INFO - [2025-06-10T16:40:05.379+0200] {dagbag.py:588} INFO - Filling up the DagBag from /Users/tsimsek/airflow/dags/case3.py
[2025-06-10T16:40:05.823+0200] {processor.py:925} INFO - DAG(s) 'case3' retrieved from /Users/tsimsek/airflow/dags/case3.py
[2025-06-10T16:40:05.885+0200] {logging_mixin.py:190} INFO - [2025-06-10T16:40:05.884+0200] {dag.py:3239} INFO - Sync 1 DAGs
[2025-06-10T16:40:05.888+0200] {logging_mixin.py:190} INFO - [2025-06-10T16:40:05.888+0200] {dag.py:4180} INFO - Setting next_dagrun for case3 to None, run_after=None
[2025-06-10T16:40:05.898+0200] {processor.py:208} INFO - Processing /Users/tsimsek/airflow/dags/case3.py took 0.532 seconds
[2025-06-10T16:40:37.351+0200] {processor.py:186} INFO - Started process (PID=43865) to work on /Users/tsimsek/airflow/dags/case3.py
[2025-06-10T16:40:37.353+0200] {processor.py:914} INFO - Processing file /Users/tsimsek/airflow/dags/case3.py for tasks to queue
[2025-06-10T16:40:37.353+0200] {logging_mixin.py:190} INFO - [2025-06-10T16:40:37.353+0200] {dagbag.py:588} INFO - Filling up the DagBag from /Users/tsimsek/airflow/dags/case3.py
[2025-06-10T16:40:37.711+0200] {processor.py:925} INFO - DAG(s) 'case3' retrieved from /Users/tsimsek/airflow/dags/case3.py
[2025-06-10T16:40:37.776+0200] {logging_mixin.py:190} INFO - [2025-06-10T16:40:37.776+0200] {dag.py:3239} INFO - Sync 1 DAGs
[2025-06-10T16:40:37.779+0200] {logging_mixin.py:190} INFO - [2025-06-10T16:40:37.779+0200] {dag.py:4180} INFO - Setting next_dagrun for case3 to None, run_after=None
[2025-06-10T16:40:37.789+0200] {processor.py:208} INFO - Processing /Users/tsimsek/airflow/dags/case3.py took 0.447 seconds
[2025-06-10T16:41:09.113+0200] {processor.py:186} INFO - Started process (PID=43970) to work on /Users/tsimsek/airflow/dags/case3.py
[2025-06-10T16:41:09.115+0200] {processor.py:914} INFO - Processing file /Users/tsimsek/airflow/dags/case3.py for tasks to queue
[2025-06-10T16:41:09.115+0200] {logging_mixin.py:190} INFO - [2025-06-10T16:41:09.115+0200] {dagbag.py:588} INFO - Filling up the DagBag from /Users/tsimsek/airflow/dags/case3.py
[2025-06-10T16:41:09.471+0200] {processor.py:925} INFO - DAG(s) 'case3' retrieved from /Users/tsimsek/airflow/dags/case3.py
[2025-06-10T16:41:09.533+0200] {logging_mixin.py:190} INFO - [2025-06-10T16:41:09.533+0200] {dag.py:3239} INFO - Sync 1 DAGs
[2025-06-10T16:41:09.537+0200] {logging_mixin.py:190} INFO - [2025-06-10T16:41:09.537+0200] {dag.py:4180} INFO - Setting next_dagrun for case3 to None, run_after=None
[2025-06-10T16:41:09.547+0200] {processor.py:208} INFO - Processing /Users/tsimsek/airflow/dags/case3.py took 0.442 seconds
[2025-06-10T16:41:42.472+0200] {processor.py:186} INFO - Started process (PID=44092) to work on /Users/tsimsek/airflow/dags/case3.py
[2025-06-10T16:41:42.474+0200] {processor.py:914} INFO - Processing file /Users/tsimsek/airflow/dags/case3.py for tasks to queue
[2025-06-10T16:41:42.474+0200] {logging_mixin.py:190} INFO - [2025-06-10T16:41:42.474+0200] {dagbag.py:588} INFO - Filling up the DagBag from /Users/tsimsek/airflow/dags/case3.py
[2025-06-10T16:41:42.916+0200] {processor.py:925} INFO - DAG(s) 'case3' retrieved from /Users/tsimsek/airflow/dags/case3.py
[2025-06-10T16:41:42.979+0200] {logging_mixin.py:190} INFO - [2025-06-10T16:41:42.979+0200] {dag.py:3239} INFO - Sync 1 DAGs
[2025-06-10T16:41:42.982+0200] {logging_mixin.py:190} INFO - [2025-06-10T16:41:42.982+0200] {dag.py:4180} INFO - Setting next_dagrun for case3 to None, run_after=None
[2025-06-10T16:41:42.992+0200] {processor.py:208} INFO - Processing /Users/tsimsek/airflow/dags/case3.py took 0.529 seconds
[2025-06-10T16:42:24.982+0200] {processor.py:186} INFO - Started process (PID=44424) to work on /Users/tsimsek/airflow/dags/case3.py
[2025-06-10T16:42:24.984+0200] {processor.py:914} INFO - Processing file /Users/tsimsek/airflow/dags/case3.py for tasks to queue
[2025-06-10T16:42:24.984+0200] {logging_mixin.py:190} INFO - [2025-06-10T16:42:24.984+0200] {dagbag.py:588} INFO - Filling up the DagBag from /Users/tsimsek/airflow/dags/case3.py
[2025-06-10T16:42:25.551+0200] {processor.py:925} INFO - DAG(s) 'case3' retrieved from /Users/tsimsek/airflow/dags/case3.py
[2025-06-10T16:42:25.615+0200] {logging_mixin.py:190} INFO - [2025-06-10T16:42:25.615+0200] {dag.py:3239} INFO - Sync 1 DAGs
[2025-06-10T16:42:25.619+0200] {logging_mixin.py:190} INFO - [2025-06-10T16:42:25.619+0200] {dag.py:4180} INFO - Setting next_dagrun for case3 to None, run_after=None
[2025-06-10T16:42:25.628+0200] {processor.py:208} INFO - Processing /Users/tsimsek/airflow/dags/case3.py took 0.651 seconds
[2025-06-10T16:42:56.778+0200] {processor.py:186} INFO - Started process (PID=44541) to work on /Users/tsimsek/airflow/dags/case3.py
[2025-06-10T16:42:56.780+0200] {processor.py:914} INFO - Processing file /Users/tsimsek/airflow/dags/case3.py for tasks to queue
[2025-06-10T16:42:56.780+0200] {logging_mixin.py:190} INFO - [2025-06-10T16:42:56.780+0200] {dagbag.py:588} INFO - Filling up the DagBag from /Users/tsimsek/airflow/dags/case3.py
[2025-06-10T16:42:57.216+0200] {processor.py:925} INFO - DAG(s) 'case3' retrieved from /Users/tsimsek/airflow/dags/case3.py
[2025-06-10T16:42:57.279+0200] {logging_mixin.py:190} INFO - [2025-06-10T16:42:57.279+0200] {dag.py:3239} INFO - Sync 1 DAGs
[2025-06-10T16:42:57.283+0200] {logging_mixin.py:190} INFO - [2025-06-10T16:42:57.283+0200] {dag.py:4180} INFO - Setting next_dagrun for case3 to None, run_after=None
[2025-06-10T16:42:57.292+0200] {processor.py:208} INFO - Processing /Users/tsimsek/airflow/dags/case3.py took 0.525 seconds
[2025-06-10T16:43:28.729+0200] {processor.py:186} INFO - Started process (PID=44615) to work on /Users/tsimsek/airflow/dags/case3.py
[2025-06-10T16:43:28.731+0200] {processor.py:914} INFO - Processing file /Users/tsimsek/airflow/dags/case3.py for tasks to queue
[2025-06-10T16:43:28.732+0200] {logging_mixin.py:190} INFO - [2025-06-10T16:43:28.732+0200] {dagbag.py:588} INFO - Filling up the DagBag from /Users/tsimsek/airflow/dags/case3.py
[2025-06-10T16:43:29.189+0200] {processor.py:925} INFO - DAG(s) 'case3' retrieved from /Users/tsimsek/airflow/dags/case3.py
[2025-06-10T16:43:29.250+0200] {logging_mixin.py:190} INFO - [2025-06-10T16:43:29.250+0200] {dag.py:3239} INFO - Sync 1 DAGs
[2025-06-10T16:43:29.253+0200] {logging_mixin.py:190} INFO - [2025-06-10T16:43:29.253+0200] {dag.py:4180} INFO - Setting next_dagrun for case3 to None, run_after=None
[2025-06-10T16:43:29.261+0200] {processor.py:208} INFO - Processing /Users/tsimsek/airflow/dags/case3.py took 0.542 seconds
[2025-06-10T16:44:01.179+0200] {processor.py:186} INFO - Started process (PID=44748) to work on /Users/tsimsek/airflow/dags/case3.py
[2025-06-10T16:44:01.181+0200] {processor.py:914} INFO - Processing file /Users/tsimsek/airflow/dags/case3.py for tasks to queue
[2025-06-10T16:44:01.182+0200] {logging_mixin.py:190} INFO - [2025-06-10T16:44:01.181+0200] {dagbag.py:588} INFO - Filling up the DagBag from /Users/tsimsek/airflow/dags/case3.py
[2025-06-10T16:44:01.705+0200] {processor.py:925} INFO - DAG(s) 'case3' retrieved from /Users/tsimsek/airflow/dags/case3.py
[2025-06-10T16:44:01.770+0200] {logging_mixin.py:190} INFO - [2025-06-10T16:44:01.770+0200] {dag.py:3239} INFO - Sync 1 DAGs
[2025-06-10T16:44:01.774+0200] {logging_mixin.py:190} INFO - [2025-06-10T16:44:01.774+0200] {dag.py:4180} INFO - Setting next_dagrun for case3 to None, run_after=None
[2025-06-10T16:44:01.783+0200] {processor.py:208} INFO - Processing /Users/tsimsek/airflow/dags/case3.py took 0.614 seconds
[2025-06-10T16:44:33.070+0200] {processor.py:186} INFO - Started process (PID=44850) to work on /Users/tsimsek/airflow/dags/case3.py
[2025-06-10T16:44:33.072+0200] {processor.py:914} INFO - Processing file /Users/tsimsek/airflow/dags/case3.py for tasks to queue
[2025-06-10T16:44:33.072+0200] {logging_mixin.py:190} INFO - [2025-06-10T16:44:33.072+0200] {dagbag.py:588} INFO - Filling up the DagBag from /Users/tsimsek/airflow/dags/case3.py
[2025-06-10T16:44:33.519+0200] {processor.py:925} INFO - DAG(s) 'case3' retrieved from /Users/tsimsek/airflow/dags/case3.py
[2025-06-10T16:44:33.581+0200] {logging_mixin.py:190} INFO - [2025-06-10T16:44:33.581+0200] {dag.py:3239} INFO - Sync 1 DAGs
[2025-06-10T16:44:33.585+0200] {logging_mixin.py:190} INFO - [2025-06-10T16:44:33.585+0200] {dag.py:4180} INFO - Setting next_dagrun for case3 to None, run_after=None
[2025-06-10T16:44:33.594+0200] {processor.py:208} INFO - Processing /Users/tsimsek/airflow/dags/case3.py took 0.533 seconds
[2025-06-10T16:45:13.629+0200] {processor.py:186} INFO - Started process (PID=45131) to work on /Users/tsimsek/airflow/dags/case3.py
[2025-06-10T16:45:13.631+0200] {processor.py:914} INFO - Processing file /Users/tsimsek/airflow/dags/case3.py for tasks to queue
[2025-06-10T16:45:13.631+0200] {logging_mixin.py:190} INFO - [2025-06-10T16:45:13.631+0200] {dagbag.py:588} INFO - Filling up the DagBag from /Users/tsimsek/airflow/dags/case3.py
[2025-06-10T16:45:14.201+0200] {processor.py:925} INFO - DAG(s) 'case3' retrieved from /Users/tsimsek/airflow/dags/case3.py
[2025-06-10T16:45:14.265+0200] {logging_mixin.py:190} INFO - [2025-06-10T16:45:14.264+0200] {dag.py:3239} INFO - Sync 1 DAGs
[2025-06-10T16:45:14.268+0200] {logging_mixin.py:190} INFO - [2025-06-10T16:45:14.268+0200] {dag.py:4180} INFO - Setting next_dagrun for case3 to None, run_after=None
[2025-06-10T16:45:14.276+0200] {processor.py:208} INFO - Processing /Users/tsimsek/airflow/dags/case3.py took 0.654 seconds
[2025-06-10T16:45:45.370+0200] {processor.py:186} INFO - Started process (PID=45228) to work on /Users/tsimsek/airflow/dags/case3.py
[2025-06-10T16:45:45.372+0200] {processor.py:914} INFO - Processing file /Users/tsimsek/airflow/dags/case3.py for tasks to queue
[2025-06-10T16:45:45.372+0200] {logging_mixin.py:190} INFO - [2025-06-10T16:45:45.372+0200] {dagbag.py:588} INFO - Filling up the DagBag from /Users/tsimsek/airflow/dags/case3.py
[2025-06-10T16:45:45.819+0200] {processor.py:925} INFO - DAG(s) 'case3' retrieved from /Users/tsimsek/airflow/dags/case3.py
[2025-06-10T16:45:45.884+0200] {logging_mixin.py:190} INFO - [2025-06-10T16:45:45.884+0200] {dag.py:3239} INFO - Sync 1 DAGs
[2025-06-10T16:45:45.887+0200] {logging_mixin.py:190} INFO - [2025-06-10T16:45:45.887+0200] {dag.py:4180} INFO - Setting next_dagrun for case3 to None, run_after=None
[2025-06-10T16:45:45.895+0200] {processor.py:208} INFO - Processing /Users/tsimsek/airflow/dags/case3.py took 0.532 seconds
[2025-06-10T16:46:17.631+0200] {processor.py:186} INFO - Started process (PID=45339) to work on /Users/tsimsek/airflow/dags/case3.py
[2025-06-10T16:46:17.633+0200] {processor.py:914} INFO - Processing file /Users/tsimsek/airflow/dags/case3.py for tasks to queue
[2025-06-10T16:46:17.633+0200] {logging_mixin.py:190} INFO - [2025-06-10T16:46:17.633+0200] {dagbag.py:588} INFO - Filling up the DagBag from /Users/tsimsek/airflow/dags/case3.py
[2025-06-10T16:46:18.077+0200] {processor.py:925} INFO - DAG(s) 'case3' retrieved from /Users/tsimsek/airflow/dags/case3.py
[2025-06-10T16:46:18.139+0200] {logging_mixin.py:190} INFO - [2025-06-10T16:46:18.139+0200] {dag.py:3239} INFO - Sync 1 DAGs
[2025-06-10T16:46:18.142+0200] {logging_mixin.py:190} INFO - [2025-06-10T16:46:18.142+0200] {dag.py:4180} INFO - Setting next_dagrun for case3 to None, run_after=None
[2025-06-10T16:46:18.151+0200] {processor.py:208} INFO - Processing /Users/tsimsek/airflow/dags/case3.py took 0.525 seconds
[2025-06-10T16:46:54.242+0200] {processor.py:186} INFO - Started process (PID=46205) to work on /Users/tsimsek/airflow/dags/case3.py
[2025-06-10T16:46:54.244+0200] {processor.py:914} INFO - Processing file /Users/tsimsek/airflow/dags/case3.py for tasks to queue
[2025-06-10T16:46:54.245+0200] {logging_mixin.py:190} INFO - [2025-06-10T16:46:54.244+0200] {dagbag.py:588} INFO - Filling up the DagBag from /Users/tsimsek/airflow/dags/case3.py
[2025-06-10T16:46:54.792+0200] {processor.py:925} INFO - DAG(s) 'case3' retrieved from /Users/tsimsek/airflow/dags/case3.py
[2025-06-10T16:46:54.858+0200] {logging_mixin.py:190} INFO - [2025-06-10T16:46:54.858+0200] {dag.py:3239} INFO - Sync 1 DAGs
[2025-06-10T16:46:54.861+0200] {logging_mixin.py:190} INFO - [2025-06-10T16:46:54.861+0200] {dag.py:4180} INFO - Setting next_dagrun for case3 to None, run_after=None
[2025-06-10T16:46:54.869+0200] {processor.py:208} INFO - Processing /Users/tsimsek/airflow/dags/case3.py took 0.632 seconds
[2025-06-10T16:47:26.104+0200] {processor.py:186} INFO - Started process (PID=46328) to work on /Users/tsimsek/airflow/dags/case3.py
[2025-06-10T16:47:26.106+0200] {processor.py:914} INFO - Processing file /Users/tsimsek/airflow/dags/case3.py for tasks to queue
[2025-06-10T16:47:26.107+0200] {logging_mixin.py:190} INFO - [2025-06-10T16:47:26.107+0200] {dagbag.py:588} INFO - Filling up the DagBag from /Users/tsimsek/airflow/dags/case3.py
[2025-06-10T16:47:26.444+0200] {processor.py:925} INFO - DAG(s) 'case3' retrieved from /Users/tsimsek/airflow/dags/case3.py
[2025-06-10T16:47:26.505+0200] {logging_mixin.py:190} INFO - [2025-06-10T16:47:26.505+0200] {dag.py:3239} INFO - Sync 1 DAGs
[2025-06-10T16:47:26.508+0200] {logging_mixin.py:190} INFO - [2025-06-10T16:47:26.508+0200] {dag.py:4180} INFO - Setting next_dagrun for case3 to None, run_after=None
[2025-06-10T16:47:26.515+0200] {processor.py:208} INFO - Processing /Users/tsimsek/airflow/dags/case3.py took 0.419 seconds
[2025-06-10T16:47:57.611+0200] {processor.py:186} INFO - Started process (PID=46428) to work on /Users/tsimsek/airflow/dags/case3.py
[2025-06-10T16:47:57.613+0200] {processor.py:914} INFO - Processing file /Users/tsimsek/airflow/dags/case3.py for tasks to queue
[2025-06-10T16:47:57.613+0200] {logging_mixin.py:190} INFO - [2025-06-10T16:47:57.613+0200] {dagbag.py:588} INFO - Filling up the DagBag from /Users/tsimsek/airflow/dags/case3.py
[2025-06-10T16:47:58.010+0200] {processor.py:925} INFO - DAG(s) 'case3' retrieved from /Users/tsimsek/airflow/dags/case3.py
[2025-06-10T16:47:58.080+0200] {logging_mixin.py:190} INFO - [2025-06-10T16:47:58.080+0200] {dag.py:3239} INFO - Sync 1 DAGs
[2025-06-10T16:47:58.084+0200] {logging_mixin.py:190} INFO - [2025-06-10T16:47:58.084+0200] {dag.py:4180} INFO - Setting next_dagrun for case3 to None, run_after=None
[2025-06-10T16:47:58.092+0200] {processor.py:208} INFO - Processing /Users/tsimsek/airflow/dags/case3.py took 0.491 seconds
[2025-06-10T16:48:44.376+0200] {processor.py:186} INFO - Started process (PID=46717) to work on /Users/tsimsek/airflow/dags/case3.py
[2025-06-10T16:48:44.378+0200] {processor.py:914} INFO - Processing file /Users/tsimsek/airflow/dags/case3.py for tasks to queue
[2025-06-10T16:48:44.378+0200] {logging_mixin.py:190} INFO - [2025-06-10T16:48:44.378+0200] {dagbag.py:588} INFO - Filling up the DagBag from /Users/tsimsek/airflow/dags/case3.py
[2025-06-10T16:48:44.725+0200] {processor.py:925} INFO - DAG(s) 'case3' retrieved from /Users/tsimsek/airflow/dags/case3.py
[2025-06-10T16:48:44.787+0200] {logging_mixin.py:190} INFO - [2025-06-10T16:48:44.787+0200] {dag.py:3239} INFO - Sync 1 DAGs
[2025-06-10T16:48:44.790+0200] {logging_mixin.py:190} INFO - [2025-06-10T16:48:44.790+0200] {dag.py:4180} INFO - Setting next_dagrun for case3 to None, run_after=None
[2025-06-10T16:48:44.798+0200] {processor.py:208} INFO - Processing /Users/tsimsek/airflow/dags/case3.py took 0.428 seconds
[2025-06-10T16:49:16.580+0200] {processor.py:186} INFO - Started process (PID=46842) to work on /Users/tsimsek/airflow/dags/case3.py
[2025-06-10T16:49:16.582+0200] {processor.py:914} INFO - Processing file /Users/tsimsek/airflow/dags/case3.py for tasks to queue
[2025-06-10T16:49:16.582+0200] {logging_mixin.py:190} INFO - [2025-06-10T16:49:16.582+0200] {dagbag.py:588} INFO - Filling up the DagBag from /Users/tsimsek/airflow/dags/case3.py
[2025-06-10T16:49:16.985+0200] {processor.py:925} INFO - DAG(s) 'case3' retrieved from /Users/tsimsek/airflow/dags/case3.py
[2025-06-10T16:49:17.045+0200] {logging_mixin.py:190} INFO - [2025-06-10T16:49:17.045+0200] {dag.py:3239} INFO - Sync 1 DAGs
[2025-06-10T16:49:17.048+0200] {logging_mixin.py:190} INFO - [2025-06-10T16:49:17.048+0200] {dag.py:4180} INFO - Setting next_dagrun for case3 to None, run_after=None
[2025-06-10T16:49:17.056+0200] {processor.py:208} INFO - Processing /Users/tsimsek/airflow/dags/case3.py took 0.485 seconds
[2025-06-10T16:49:48.505+0200] {processor.py:186} INFO - Started process (PID=46921) to work on /Users/tsimsek/airflow/dags/case3.py
[2025-06-10T16:49:48.507+0200] {processor.py:914} INFO - Processing file /Users/tsimsek/airflow/dags/case3.py for tasks to queue
[2025-06-10T16:49:48.507+0200] {logging_mixin.py:190} INFO - [2025-06-10T16:49:48.507+0200] {dagbag.py:588} INFO - Filling up the DagBag from /Users/tsimsek/airflow/dags/case3.py
[2025-06-10T16:49:48.893+0200] {processor.py:925} INFO - DAG(s) 'case3' retrieved from /Users/tsimsek/airflow/dags/case3.py
[2025-06-10T16:49:48.952+0200] {logging_mixin.py:190} INFO - [2025-06-10T16:49:48.952+0200] {dag.py:3239} INFO - Sync 1 DAGs
[2025-06-10T16:49:48.956+0200] {logging_mixin.py:190} INFO - [2025-06-10T16:49:48.955+0200] {dag.py:4180} INFO - Setting next_dagrun for case3 to None, run_after=None
[2025-06-10T16:49:48.963+0200] {processor.py:208} INFO - Processing /Users/tsimsek/airflow/dags/case3.py took 0.467 seconds
[2025-06-10T16:50:20.400+0200] {processor.py:186} INFO - Started process (PID=47014) to work on /Users/tsimsek/airflow/dags/case3.py
[2025-06-10T16:50:20.402+0200] {processor.py:914} INFO - Processing file /Users/tsimsek/airflow/dags/case3.py for tasks to queue
[2025-06-10T16:50:20.402+0200] {logging_mixin.py:190} INFO - [2025-06-10T16:50:20.402+0200] {dagbag.py:588} INFO - Filling up the DagBag from /Users/tsimsek/airflow/dags/case3.py
[2025-06-10T16:50:20.817+0200] {processor.py:925} INFO - DAG(s) 'case3' retrieved from /Users/tsimsek/airflow/dags/case3.py
[2025-06-10T16:50:20.878+0200] {logging_mixin.py:190} INFO - [2025-06-10T16:50:20.878+0200] {dag.py:3239} INFO - Sync 1 DAGs
[2025-06-10T16:50:20.882+0200] {logging_mixin.py:190} INFO - [2025-06-10T16:50:20.881+0200] {dag.py:4180} INFO - Setting next_dagrun for case3 to None, run_after=None
[2025-06-10T16:50:20.889+0200] {processor.py:208} INFO - Processing /Users/tsimsek/airflow/dags/case3.py took 0.497 seconds
[2025-06-10T16:50:52.185+0200] {processor.py:186} INFO - Started process (PID=47095) to work on /Users/tsimsek/airflow/dags/case3.py
[2025-06-10T16:50:52.187+0200] {processor.py:914} INFO - Processing file /Users/tsimsek/airflow/dags/case3.py for tasks to queue
[2025-06-10T16:50:52.187+0200] {logging_mixin.py:190} INFO - [2025-06-10T16:50:52.187+0200] {dagbag.py:588} INFO - Filling up the DagBag from /Users/tsimsek/airflow/dags/case3.py
[2025-06-10T16:50:52.602+0200] {processor.py:925} INFO - DAG(s) 'case3' retrieved from /Users/tsimsek/airflow/dags/case3.py
[2025-06-10T16:50:52.662+0200] {logging_mixin.py:190} INFO - [2025-06-10T16:50:52.662+0200] {dag.py:3239} INFO - Sync 1 DAGs
[2025-06-10T16:50:52.666+0200] {logging_mixin.py:190} INFO - [2025-06-10T16:50:52.666+0200] {dag.py:4180} INFO - Setting next_dagrun for case3 to None, run_after=None
[2025-06-10T16:50:52.675+0200] {processor.py:208} INFO - Processing /Users/tsimsek/airflow/dags/case3.py took 0.499 seconds
