[2025-06-10T15:14:14.807+0200] {processor.py:186} INFO - Started process (PID=24229) to work on /Users/tsimsek/airflow/dags/case1.py
[2025-06-10T15:14:14.809+0200] {processor.py:914} INFO - Processing file /Users/tsimsek/airflow/dags/case1.py for tasks to queue
[2025-06-10T15:14:14.809+0200] {logging_mixin.py:190} INFO - [2025-06-10T15:14:14.809+0200] {dagbag.py:588} INFO - Filling up the DagBag from /Users/tsimsek/airflow/dags/case1.py
[2025-06-10T15:14:16.451+0200] {processor.py:925} INFO - DAG(s) 'case1' retrieved from /Users/tsimsek/airflow/dags/case1.py
[2025-06-10T15:14:16.575+0200] {logging_mixin.py:190} INFO - [2025-06-10T15:14:16.575+0200] {override.py:1930} INFO - Created Permission View: can read on DAG:case1
[2025-06-10T15:14:16.579+0200] {logging_mixin.py:190} INFO - [2025-06-10T15:14:16.579+0200] {override.py:1930} INFO - Created Permission View: can delete on DAG:case1
[2025-06-10T15:14:16.581+0200] {logging_mixin.py:190} INFO - [2025-06-10T15:14:16.581+0200] {override.py:1930} INFO - Created Permission View: can edit on DAG:case1
[2025-06-10T15:14:16.585+0200] {logging_mixin.py:190} INFO - [2025-06-10T15:14:16.585+0200] {override.py:1930} INFO - Created Permission View: can read on DAG Run:case1
[2025-06-10T15:14:16.588+0200] {logging_mixin.py:190} INFO - [2025-06-10T15:14:16.588+0200] {override.py:1930} INFO - Created Permission View: can delete on DAG Run:case1
[2025-06-10T15:14:16.590+0200] {logging_mixin.py:190} INFO - [2025-06-10T15:14:16.590+0200] {override.py:1930} INFO - Created Permission View: menu access on DAG Run:case1
[2025-06-10T15:14:16.593+0200] {logging_mixin.py:190} INFO - [2025-06-10T15:14:16.593+0200] {override.py:1930} INFO - Created Permission View: can create on DAG Run:case1
[2025-06-10T15:14:16.593+0200] {logging_mixin.py:190} INFO - [2025-06-10T15:14:16.593+0200] {dag.py:3239} INFO - Sync 1 DAGs
[2025-06-10T15:14:16.598+0200] {logging_mixin.py:190} INFO - [2025-06-10T15:14:16.598+0200] {dag.py:3262} INFO - Creating ORM DAG for case1
[2025-06-10T15:14:16.598+0200] {logging_mixin.py:190} INFO - [2025-06-10T15:14:16.598+0200] {dag.py:4180} INFO - Setting next_dagrun for case1 to None, run_after=None
[2025-06-10T15:14:16.604+0200] {processor.py:208} INFO - Processing /Users/tsimsek/airflow/dags/case1.py took 1.805 seconds
[2025-06-10T15:14:48.679+0200] {processor.py:186} INFO - Started process (PID=24357) to work on /Users/tsimsek/airflow/dags/case1.py
[2025-06-10T15:14:48.681+0200] {processor.py:914} INFO - Processing file /Users/tsimsek/airflow/dags/case1.py for tasks to queue
[2025-06-10T15:14:48.681+0200] {logging_mixin.py:190} INFO - [2025-06-10T15:14:48.681+0200] {dagbag.py:588} INFO - Filling up the DagBag from /Users/tsimsek/airflow/dags/case1.py
[2025-06-10T15:14:49.063+0200] {processor.py:925} INFO - DAG(s) 'case1' retrieved from /Users/tsimsek/airflow/dags/case1.py
[2025-06-10T15:14:49.125+0200] {logging_mixin.py:190} INFO - [2025-06-10T15:14:49.125+0200] {dag.py:3239} INFO - Sync 1 DAGs
[2025-06-10T15:14:49.128+0200] {logging_mixin.py:190} INFO - [2025-06-10T15:14:49.128+0200] {dag.py:4180} INFO - Setting next_dagrun for case1 to None, run_after=None
[2025-06-10T15:14:49.137+0200] {processor.py:208} INFO - Processing /Users/tsimsek/airflow/dags/case1.py took 0.466 seconds
[2025-06-10T15:15:20.396+0200] {processor.py:186} INFO - Started process (PID=24462) to work on /Users/tsimsek/airflow/dags/case1.py
[2025-06-10T15:15:20.398+0200] {processor.py:914} INFO - Processing file /Users/tsimsek/airflow/dags/case1.py for tasks to queue
[2025-06-10T15:15:20.399+0200] {logging_mixin.py:190} INFO - [2025-06-10T15:15:20.399+0200] {dagbag.py:588} INFO - Filling up the DagBag from /Users/tsimsek/airflow/dags/case1.py
[2025-06-10T15:15:20.917+0200] {processor.py:925} INFO - DAG(s) 'case1' retrieved from /Users/tsimsek/airflow/dags/case1.py
[2025-06-10T15:15:20.978+0200] {logging_mixin.py:190} INFO - [2025-06-10T15:15:20.978+0200] {dag.py:3239} INFO - Sync 1 DAGs
[2025-06-10T15:15:20.981+0200] {logging_mixin.py:190} INFO - [2025-06-10T15:15:20.981+0200] {dag.py:4180} INFO - Setting next_dagrun for case1 to None, run_after=None
[2025-06-10T15:15:20.991+0200] {processor.py:208} INFO - Processing /Users/tsimsek/airflow/dags/case1.py took 0.603 seconds
[2025-06-10T15:15:52.492+0200] {processor.py:186} INFO - Started process (PID=24565) to work on /Users/tsimsek/airflow/dags/case1.py
[2025-06-10T15:15:52.494+0200] {processor.py:914} INFO - Processing file /Users/tsimsek/airflow/dags/case1.py for tasks to queue
[2025-06-10T15:15:52.494+0200] {logging_mixin.py:190} INFO - [2025-06-10T15:15:52.494+0200] {dagbag.py:588} INFO - Filling up the DagBag from /Users/tsimsek/airflow/dags/case1.py
[2025-06-10T15:15:52.853+0200] {processor.py:925} INFO - DAG(s) 'case1' retrieved from /Users/tsimsek/airflow/dags/case1.py
[2025-06-10T15:15:52.911+0200] {logging_mixin.py:190} INFO - [2025-06-10T15:15:52.911+0200] {dag.py:3239} INFO - Sync 1 DAGs
[2025-06-10T15:15:52.914+0200] {logging_mixin.py:190} INFO - [2025-06-10T15:15:52.914+0200] {dag.py:4180} INFO - Setting next_dagrun for case1 to None, run_after=None
[2025-06-10T15:15:52.922+0200] {processor.py:208} INFO - Processing /Users/tsimsek/airflow/dags/case1.py took 0.439 seconds
[2025-06-10T15:16:24.025+0200] {processor.py:186} INFO - Started process (PID=24649) to work on /Users/tsimsek/airflow/dags/case1.py
[2025-06-10T15:16:24.028+0200] {processor.py:914} INFO - Processing file /Users/tsimsek/airflow/dags/case1.py for tasks to queue
[2025-06-10T15:16:24.028+0200] {logging_mixin.py:190} INFO - [2025-06-10T15:16:24.028+0200] {dagbag.py:588} INFO - Filling up the DagBag from /Users/tsimsek/airflow/dags/case1.py
[2025-06-10T15:16:24.426+0200] {processor.py:925} INFO - DAG(s) 'case1' retrieved from /Users/tsimsek/airflow/dags/case1.py
[2025-06-10T15:16:24.488+0200] {logging_mixin.py:190} INFO - [2025-06-10T15:16:24.488+0200] {dag.py:3239} INFO - Sync 1 DAGs
[2025-06-10T15:16:24.492+0200] {logging_mixin.py:190} INFO - [2025-06-10T15:16:24.491+0200] {dag.py:4180} INFO - Setting next_dagrun for case1 to None, run_after=None
[2025-06-10T15:16:24.500+0200] {processor.py:208} INFO - Processing /Users/tsimsek/airflow/dags/case1.py took 0.485 seconds
[2025-06-10T15:17:04.400+0200] {processor.py:186} INFO - Started process (PID=24795) to work on /Users/tsimsek/airflow/dags/case1.py
[2025-06-10T15:17:04.402+0200] {processor.py:914} INFO - Processing file /Users/tsimsek/airflow/dags/case1.py for tasks to queue
[2025-06-10T15:17:04.403+0200] {logging_mixin.py:190} INFO - [2025-06-10T15:17:04.403+0200] {dagbag.py:588} INFO - Filling up the DagBag from /Users/tsimsek/airflow/dags/case1.py
[2025-06-10T15:17:04.734+0200] {processor.py:925} INFO - DAG(s) 'case1' retrieved from /Users/tsimsek/airflow/dags/case1.py
[2025-06-10T15:17:04.797+0200] {logging_mixin.py:190} INFO - [2025-06-10T15:17:04.797+0200] {dag.py:3239} INFO - Sync 1 DAGs
[2025-06-10T15:17:04.800+0200] {logging_mixin.py:190} INFO - [2025-06-10T15:17:04.800+0200] {dag.py:4180} INFO - Setting next_dagrun for case1 to None, run_after=None
[2025-06-10T15:17:04.807+0200] {processor.py:208} INFO - Processing /Users/tsimsek/airflow/dags/case1.py took 0.415 seconds
[2025-06-10T15:18:52.332+0200] {processor.py:186} INFO - Started process (PID=25230) to work on /Users/tsimsek/airflow/dags/case1.py
[2025-06-10T15:18:52.334+0200] {processor.py:914} INFO - Processing file /Users/tsimsek/airflow/dags/case1.py for tasks to queue
[2025-06-10T15:18:52.334+0200] {logging_mixin.py:190} INFO - [2025-06-10T15:18:52.334+0200] {dagbag.py:588} INFO - Filling up the DagBag from /Users/tsimsek/airflow/dags/case1.py
[2025-06-10T15:18:52.713+0200] {processor.py:925} INFO - DAG(s) 'case1' retrieved from /Users/tsimsek/airflow/dags/case1.py
[2025-06-10T15:18:52.779+0200] {logging_mixin.py:190} INFO - [2025-06-10T15:18:52.779+0200] {dag.py:3239} INFO - Sync 1 DAGs
[2025-06-10T15:18:52.783+0200] {logging_mixin.py:190} INFO - [2025-06-10T15:18:52.783+0200] {dag.py:4180} INFO - Setting next_dagrun for case1 to None, run_after=None
[2025-06-10T15:18:52.790+0200] {processor.py:208} INFO - Processing /Users/tsimsek/airflow/dags/case1.py took 0.465 seconds
[2025-06-10T15:22:39.510+0200] {processor.py:186} INFO - Started process (PID=26854) to work on /Users/tsimsek/airflow/dags/case1.py
[2025-06-10T15:22:39.512+0200] {processor.py:914} INFO - Processing file /Users/tsimsek/airflow/dags/case1.py for tasks to queue
[2025-06-10T15:22:39.512+0200] {logging_mixin.py:190} INFO - [2025-06-10T15:22:39.512+0200] {dagbag.py:588} INFO - Filling up the DagBag from /Users/tsimsek/airflow/dags/case1.py
[2025-06-10T15:22:40.038+0200] {processor.py:925} INFO - DAG(s) 'case1' retrieved from /Users/tsimsek/airflow/dags/case1.py
[2025-06-10T15:22:40.100+0200] {logging_mixin.py:190} INFO - [2025-06-10T15:22:40.100+0200] {dag.py:3239} INFO - Sync 1 DAGs
[2025-06-10T15:22:40.103+0200] {logging_mixin.py:190} INFO - [2025-06-10T15:22:40.103+0200] {dag.py:4180} INFO - Setting next_dagrun for case1 to None, run_after=None
[2025-06-10T15:22:40.110+0200] {processor.py:208} INFO - Processing /Users/tsimsek/airflow/dags/case1.py took 0.607 seconds
[2025-06-10T15:26:02.337+0200] {processor.py:186} INFO - Started process (PID=27511) to work on /Users/tsimsek/airflow/dags/case1.py
[2025-06-10T15:26:02.340+0200] {processor.py:914} INFO - Processing file /Users/tsimsek/airflow/dags/case1.py for tasks to queue
[2025-06-10T15:26:02.340+0200] {logging_mixin.py:190} INFO - [2025-06-10T15:26:02.340+0200] {dagbag.py:588} INFO - Filling up the DagBag from /Users/tsimsek/airflow/dags/case1.py
[2025-06-10T15:26:02.717+0200] {processor.py:925} INFO - DAG(s) 'case1' retrieved from /Users/tsimsek/airflow/dags/case1.py
[2025-06-10T15:26:02.779+0200] {logging_mixin.py:190} INFO - [2025-06-10T15:26:02.779+0200] {dag.py:3239} INFO - Sync 1 DAGs
[2025-06-10T15:26:02.783+0200] {logging_mixin.py:190} INFO - [2025-06-10T15:26:02.783+0200] {dag.py:4180} INFO - Setting next_dagrun for case1 to None, run_after=None
[2025-06-10T15:26:02.792+0200] {processor.py:208} INFO - Processing /Users/tsimsek/airflow/dags/case1.py took 0.463 seconds
[2025-06-10T15:29:30.991+0200] {processor.py:186} INFO - Started process (PID=28278) to work on /Users/tsimsek/airflow/dags/case1.py
[2025-06-10T15:29:30.993+0200] {processor.py:914} INFO - Processing file /Users/tsimsek/airflow/dags/case1.py for tasks to queue
[2025-06-10T15:29:30.993+0200] {logging_mixin.py:190} INFO - [2025-06-10T15:29:30.993+0200] {dagbag.py:588} INFO - Filling up the DagBag from /Users/tsimsek/airflow/dags/case1.py
[2025-06-10T15:29:31.363+0200] {processor.py:925} INFO - DAG(s) 'case1' retrieved from /Users/tsimsek/airflow/dags/case1.py
[2025-06-10T15:29:31.426+0200] {logging_mixin.py:190} INFO - [2025-06-10T15:29:31.426+0200] {dag.py:3239} INFO - Sync 1 DAGs
[2025-06-10T15:29:31.430+0200] {logging_mixin.py:190} INFO - [2025-06-10T15:29:31.429+0200] {dag.py:4180} INFO - Setting next_dagrun for case1 to None, run_after=None
[2025-06-10T15:29:31.438+0200] {processor.py:208} INFO - Processing /Users/tsimsek/airflow/dags/case1.py took 0.457 seconds
[2025-06-10T15:30:02.877+0200] {processor.py:186} INFO - Started process (PID=28375) to work on /Users/tsimsek/airflow/dags/case1.py
[2025-06-10T15:30:02.878+0200] {processor.py:914} INFO - Processing file /Users/tsimsek/airflow/dags/case1.py for tasks to queue
[2025-06-10T15:30:02.879+0200] {logging_mixin.py:190} INFO - [2025-06-10T15:30:02.879+0200] {dagbag.py:588} INFO - Filling up the DagBag from /Users/tsimsek/airflow/dags/case1.py
[2025-06-10T15:30:03.261+0200] {processor.py:925} INFO - DAG(s) 'case1' retrieved from /Users/tsimsek/airflow/dags/case1.py
[2025-06-10T15:30:03.319+0200] {logging_mixin.py:190} INFO - [2025-06-10T15:30:03.319+0200] {dag.py:3239} INFO - Sync 1 DAGs
[2025-06-10T15:30:03.323+0200] {logging_mixin.py:190} INFO - [2025-06-10T15:30:03.323+0200] {dag.py:4180} INFO - Setting next_dagrun for case1 to None, run_after=None
[2025-06-10T15:30:03.330+0200] {processor.py:208} INFO - Processing /Users/tsimsek/airflow/dags/case1.py took 0.462 seconds
[2025-06-10T15:30:37.490+0200] {processor.py:186} INFO - Started process (PID=28473) to work on /Users/tsimsek/airflow/dags/case1.py
[2025-06-10T15:30:37.491+0200] {processor.py:914} INFO - Processing file /Users/tsimsek/airflow/dags/case1.py for tasks to queue
[2025-06-10T15:30:37.492+0200] {logging_mixin.py:190} INFO - [2025-06-10T15:30:37.492+0200] {dagbag.py:588} INFO - Filling up the DagBag from /Users/tsimsek/airflow/dags/case1.py
[2025-06-10T15:30:37.824+0200] {processor.py:925} INFO - DAG(s) 'case1' retrieved from /Users/tsimsek/airflow/dags/case1.py
[2025-06-10T15:30:37.887+0200] {logging_mixin.py:190} INFO - [2025-06-10T15:30:37.887+0200] {dag.py:3239} INFO - Sync 1 DAGs
[2025-06-10T15:30:37.890+0200] {logging_mixin.py:190} INFO - [2025-06-10T15:30:37.890+0200] {dag.py:4180} INFO - Setting next_dagrun for case1 to None, run_after=None
[2025-06-10T15:30:37.900+0200] {processor.py:208} INFO - Processing /Users/tsimsek/airflow/dags/case1.py took 0.419 seconds
[2025-06-10T15:31:09.208+0200] {processor.py:186} INFO - Started process (PID=28563) to work on /Users/tsimsek/airflow/dags/case1.py
[2025-06-10T15:31:09.210+0200] {processor.py:914} INFO - Processing file /Users/tsimsek/airflow/dags/case1.py for tasks to queue
[2025-06-10T15:31:09.210+0200] {logging_mixin.py:190} INFO - [2025-06-10T15:31:09.210+0200] {dagbag.py:588} INFO - Filling up the DagBag from /Users/tsimsek/airflow/dags/case1.py
[2025-06-10T15:31:09.734+0200] {processor.py:925} INFO - DAG(s) 'case1' retrieved from /Users/tsimsek/airflow/dags/case1.py
[2025-06-10T15:31:09.795+0200] {logging_mixin.py:190} INFO - [2025-06-10T15:31:09.795+0200] {dag.py:3239} INFO - Sync 1 DAGs
[2025-06-10T15:31:09.799+0200] {logging_mixin.py:190} INFO - [2025-06-10T15:31:09.799+0200] {dag.py:4180} INFO - Setting next_dagrun for case1 to None, run_after=None
[2025-06-10T15:31:09.809+0200] {processor.py:208} INFO - Processing /Users/tsimsek/airflow/dags/case1.py took 0.609 seconds
[2025-06-10T15:31:41.153+0200] {processor.py:186} INFO - Started process (PID=28655) to work on /Users/tsimsek/airflow/dags/case1.py
[2025-06-10T15:31:41.154+0200] {processor.py:914} INFO - Processing file /Users/tsimsek/airflow/dags/case1.py for tasks to queue
[2025-06-10T15:31:41.155+0200] {logging_mixin.py:190} INFO - [2025-06-10T15:31:41.155+0200] {dagbag.py:588} INFO - Filling up the DagBag from /Users/tsimsek/airflow/dags/case1.py
[2025-06-10T15:31:41.514+0200] {processor.py:925} INFO - DAG(s) 'case1' retrieved from /Users/tsimsek/airflow/dags/case1.py
[2025-06-10T15:31:41.575+0200] {logging_mixin.py:190} INFO - [2025-06-10T15:31:41.575+0200] {dag.py:3239} INFO - Sync 1 DAGs
[2025-06-10T15:31:41.578+0200] {logging_mixin.py:190} INFO - [2025-06-10T15:31:41.578+0200] {dag.py:4180} INFO - Setting next_dagrun for case1 to None, run_after=None
[2025-06-10T15:31:41.585+0200] {processor.py:208} INFO - Processing /Users/tsimsek/airflow/dags/case1.py took 0.441 seconds
[2025-06-10T15:32:12.719+0200] {processor.py:186} INFO - Started process (PID=28756) to work on /Users/tsimsek/airflow/dags/case1.py
[2025-06-10T15:32:12.721+0200] {processor.py:914} INFO - Processing file /Users/tsimsek/airflow/dags/case1.py for tasks to queue
[2025-06-10T15:32:12.722+0200] {logging_mixin.py:190} INFO - [2025-06-10T15:32:12.722+0200] {dagbag.py:588} INFO - Filling up the DagBag from /Users/tsimsek/airflow/dags/case1.py
[2025-06-10T15:32:13.128+0200] {processor.py:925} INFO - DAG(s) 'case1' retrieved from /Users/tsimsek/airflow/dags/case1.py
[2025-06-10T15:32:13.188+0200] {logging_mixin.py:190} INFO - [2025-06-10T15:32:13.188+0200] {dag.py:3239} INFO - Sync 1 DAGs
[2025-06-10T15:32:13.192+0200] {logging_mixin.py:190} INFO - [2025-06-10T15:32:13.192+0200] {dag.py:4180} INFO - Setting next_dagrun for case1 to None, run_after=None
[2025-06-10T15:32:13.202+0200] {processor.py:208} INFO - Processing /Users/tsimsek/airflow/dags/case1.py took 0.490 seconds
[2025-06-10T15:32:44.478+0200] {processor.py:186} INFO - Started process (PID=28827) to work on /Users/tsimsek/airflow/dags/case1.py
[2025-06-10T15:32:44.480+0200] {processor.py:914} INFO - Processing file /Users/tsimsek/airflow/dags/case1.py for tasks to queue
[2025-06-10T15:32:44.481+0200] {logging_mixin.py:190} INFO - [2025-06-10T15:32:44.480+0200] {dagbag.py:588} INFO - Filling up the DagBag from /Users/tsimsek/airflow/dags/case1.py
[2025-06-10T15:32:44.831+0200] {processor.py:925} INFO - DAG(s) 'case1' retrieved from /Users/tsimsek/airflow/dags/case1.py
[2025-06-10T15:32:44.892+0200] {logging_mixin.py:190} INFO - [2025-06-10T15:32:44.892+0200] {dag.py:3239} INFO - Sync 1 DAGs
[2025-06-10T15:32:44.895+0200] {logging_mixin.py:190} INFO - [2025-06-10T15:32:44.895+0200] {dag.py:4180} INFO - Setting next_dagrun for case1 to None, run_after=None
[2025-06-10T15:32:44.903+0200] {processor.py:208} INFO - Processing /Users/tsimsek/airflow/dags/case1.py took 0.434 seconds
[2025-06-10T15:33:16.148+0200] {processor.py:186} INFO - Started process (PID=28921) to work on /Users/tsimsek/airflow/dags/case1.py
[2025-06-10T15:33:16.149+0200] {processor.py:914} INFO - Processing file /Users/tsimsek/airflow/dags/case1.py for tasks to queue
[2025-06-10T15:33:16.150+0200] {logging_mixin.py:190} INFO - [2025-06-10T15:33:16.150+0200] {dagbag.py:588} INFO - Filling up the DagBag from /Users/tsimsek/airflow/dags/case1.py
[2025-06-10T15:33:16.504+0200] {processor.py:925} INFO - DAG(s) 'case1' retrieved from /Users/tsimsek/airflow/dags/case1.py
[2025-06-10T15:33:16.563+0200] {logging_mixin.py:190} INFO - [2025-06-10T15:33:16.563+0200] {dag.py:3239} INFO - Sync 1 DAGs
[2025-06-10T15:33:16.566+0200] {logging_mixin.py:190} INFO - [2025-06-10T15:33:16.566+0200] {dag.py:4180} INFO - Setting next_dagrun for case1 to None, run_after=None
[2025-06-10T15:33:16.574+0200] {processor.py:208} INFO - Processing /Users/tsimsek/airflow/dags/case1.py took 0.435 seconds
[2025-06-10T15:33:47.755+0200] {processor.py:186} INFO - Started process (PID=28995) to work on /Users/tsimsek/airflow/dags/case1.py
[2025-06-10T15:33:47.757+0200] {processor.py:914} INFO - Processing file /Users/tsimsek/airflow/dags/case1.py for tasks to queue
[2025-06-10T15:33:47.757+0200] {logging_mixin.py:190} INFO - [2025-06-10T15:33:47.757+0200] {dagbag.py:588} INFO - Filling up the DagBag from /Users/tsimsek/airflow/dags/case1.py
[2025-06-10T15:33:48.309+0200] {processor.py:925} INFO - DAG(s) 'case1' retrieved from /Users/tsimsek/airflow/dags/case1.py
[2025-06-10T15:33:48.375+0200] {logging_mixin.py:190} INFO - [2025-06-10T15:33:48.375+0200] {dag.py:3239} INFO - Sync 1 DAGs
[2025-06-10T15:33:48.379+0200] {logging_mixin.py:190} INFO - [2025-06-10T15:33:48.378+0200] {dag.py:4180} INFO - Setting next_dagrun for case1 to None, run_after=None
[2025-06-10T15:33:48.388+0200] {processor.py:208} INFO - Processing /Users/tsimsek/airflow/dags/case1.py took 0.648 seconds
[2025-06-10T15:34:19.632+0200] {processor.py:186} INFO - Started process (PID=29117) to work on /Users/tsimsek/airflow/dags/case1.py
[2025-06-10T15:34:19.634+0200] {processor.py:914} INFO - Processing file /Users/tsimsek/airflow/dags/case1.py for tasks to queue
[2025-06-10T15:34:19.634+0200] {logging_mixin.py:190} INFO - [2025-06-10T15:34:19.634+0200] {dagbag.py:588} INFO - Filling up the DagBag from /Users/tsimsek/airflow/dags/case1.py
[2025-06-10T15:34:19.944+0200] {processor.py:925} INFO - DAG(s) 'case1' retrieved from /Users/tsimsek/airflow/dags/case1.py
[2025-06-10T15:34:20.005+0200] {logging_mixin.py:190} INFO - [2025-06-10T15:34:20.005+0200] {dag.py:3239} INFO - Sync 1 DAGs
[2025-06-10T15:34:20.009+0200] {logging_mixin.py:190} INFO - [2025-06-10T15:34:20.009+0200] {dag.py:4180} INFO - Setting next_dagrun for case1 to None, run_after=None
[2025-06-10T15:34:20.017+0200] {processor.py:208} INFO - Processing /Users/tsimsek/airflow/dags/case1.py took 0.392 seconds
[2025-06-10T15:34:51.351+0200] {processor.py:186} INFO - Started process (PID=29175) to work on /Users/tsimsek/airflow/dags/case1.py
[2025-06-10T15:34:51.353+0200] {processor.py:914} INFO - Processing file /Users/tsimsek/airflow/dags/case1.py for tasks to queue
[2025-06-10T15:34:51.353+0200] {logging_mixin.py:190} INFO - [2025-06-10T15:34:51.353+0200] {dagbag.py:588} INFO - Filling up the DagBag from /Users/tsimsek/airflow/dags/case1.py
[2025-06-10T15:34:51.847+0200] {processor.py:925} INFO - DAG(s) 'case1' retrieved from /Users/tsimsek/airflow/dags/case1.py
[2025-06-10T15:34:51.907+0200] {logging_mixin.py:190} INFO - [2025-06-10T15:34:51.907+0200] {dag.py:3239} INFO - Sync 1 DAGs
[2025-06-10T15:34:51.910+0200] {logging_mixin.py:190} INFO - [2025-06-10T15:34:51.910+0200] {dag.py:4180} INFO - Setting next_dagrun for case1 to None, run_after=None
[2025-06-10T15:34:51.919+0200] {processor.py:208} INFO - Processing /Users/tsimsek/airflow/dags/case1.py took 0.576 seconds
[2025-06-10T15:35:34.387+0200] {processor.py:186} INFO - Started process (PID=29474) to work on /Users/tsimsek/airflow/dags/case1.py
[2025-06-10T15:35:34.389+0200] {processor.py:914} INFO - Processing file /Users/tsimsek/airflow/dags/case1.py for tasks to queue
[2025-06-10T15:35:34.390+0200] {logging_mixin.py:190} INFO - [2025-06-10T15:35:34.390+0200] {dagbag.py:588} INFO - Filling up the DagBag from /Users/tsimsek/airflow/dags/case1.py
[2025-06-10T15:35:34.868+0200] {processor.py:925} INFO - DAG(s) 'case1' retrieved from /Users/tsimsek/airflow/dags/case1.py
[2025-06-10T15:35:34.930+0200] {logging_mixin.py:190} INFO - [2025-06-10T15:35:34.930+0200] {dag.py:3239} INFO - Sync 1 DAGs
[2025-06-10T15:35:34.933+0200] {logging_mixin.py:190} INFO - [2025-06-10T15:35:34.933+0200] {dag.py:4180} INFO - Setting next_dagrun for case1 to None, run_after=None
[2025-06-10T15:35:34.943+0200] {processor.py:208} INFO - Processing /Users/tsimsek/airflow/dags/case1.py took 0.562 seconds
[2025-06-10T15:36:13.156+0200] {processor.py:186} INFO - Started process (PID=29583) to work on /Users/tsimsek/airflow/dags/case1.py
[2025-06-10T15:36:13.169+0200] {processor.py:914} INFO - Processing file /Users/tsimsek/airflow/dags/case1.py for tasks to queue
[2025-06-10T15:36:13.170+0200] {logging_mixin.py:190} INFO - [2025-06-10T15:36:13.170+0200] {dagbag.py:588} INFO - Filling up the DagBag from /Users/tsimsek/airflow/dags/case1.py
[2025-06-10T15:36:14.750+0200] {processor.py:925} INFO - DAG(s) 'case1' retrieved from /Users/tsimsek/airflow/dags/case1.py
[2025-06-10T15:36:14.907+0200] {logging_mixin.py:190} INFO - [2025-06-10T15:36:14.907+0200] {dag.py:3239} INFO - Sync 1 DAGs
[2025-06-10T15:36:14.912+0200] {logging_mixin.py:190} INFO - [2025-06-10T15:36:14.912+0200] {dag.py:4180} INFO - Setting next_dagrun for case1 to None, run_after=None
[2025-06-10T15:36:14.923+0200] {processor.py:208} INFO - Processing /Users/tsimsek/airflow/dags/case1.py took 1.787 seconds
[2025-06-10T15:36:46.230+0200] {processor.py:186} INFO - Started process (PID=29684) to work on /Users/tsimsek/airflow/dags/case1.py
[2025-06-10T15:36:46.232+0200] {processor.py:914} INFO - Processing file /Users/tsimsek/airflow/dags/case1.py for tasks to queue
[2025-06-10T15:36:46.233+0200] {logging_mixin.py:190} INFO - [2025-06-10T15:36:46.233+0200] {dagbag.py:588} INFO - Filling up the DagBag from /Users/tsimsek/airflow/dags/case1.py
[2025-06-10T15:36:46.610+0200] {processor.py:925} INFO - DAG(s) 'case1' retrieved from /Users/tsimsek/airflow/dags/case1.py
[2025-06-10T15:36:46.673+0200] {logging_mixin.py:190} INFO - [2025-06-10T15:36:46.673+0200] {dag.py:3239} INFO - Sync 1 DAGs
[2025-06-10T15:36:46.676+0200] {logging_mixin.py:190} INFO - [2025-06-10T15:36:46.676+0200] {dag.py:4180} INFO - Setting next_dagrun for case1 to None, run_after=None
[2025-06-10T15:36:46.686+0200] {processor.py:208} INFO - Processing /Users/tsimsek/airflow/dags/case1.py took 0.464 seconds
[2025-06-10T15:37:17.807+0200] {processor.py:186} INFO - Started process (PID=30410) to work on /Users/tsimsek/airflow/dags/case1.py
[2025-06-10T15:37:17.809+0200] {processor.py:914} INFO - Processing file /Users/tsimsek/airflow/dags/case1.py for tasks to queue
[2025-06-10T15:37:17.809+0200] {logging_mixin.py:190} INFO - [2025-06-10T15:37:17.809+0200] {dagbag.py:588} INFO - Filling up the DagBag from /Users/tsimsek/airflow/dags/case1.py
[2025-06-10T15:37:18.228+0200] {processor.py:925} INFO - DAG(s) 'case1' retrieved from /Users/tsimsek/airflow/dags/case1.py
[2025-06-10T15:37:18.302+0200] {logging_mixin.py:190} INFO - [2025-06-10T15:37:18.302+0200] {dag.py:3239} INFO - Sync 1 DAGs
[2025-06-10T15:37:18.306+0200] {logging_mixin.py:190} INFO - [2025-06-10T15:37:18.306+0200] {dag.py:4180} INFO - Setting next_dagrun for case1 to None, run_after=None
[2025-06-10T15:37:18.312+0200] {processor.py:208} INFO - Processing /Users/tsimsek/airflow/dags/case1.py took 0.513 seconds
[2025-06-10T15:37:49.540+0200] {processor.py:186} INFO - Started process (PID=30625) to work on /Users/tsimsek/airflow/dags/case1.py
[2025-06-10T15:37:49.542+0200] {processor.py:914} INFO - Processing file /Users/tsimsek/airflow/dags/case1.py for tasks to queue
[2025-06-10T15:37:49.542+0200] {logging_mixin.py:190} INFO - [2025-06-10T15:37:49.542+0200] {dagbag.py:588} INFO - Filling up the DagBag from /Users/tsimsek/airflow/dags/case1.py
[2025-06-10T15:37:49.892+0200] {processor.py:925} INFO - DAG(s) 'case1' retrieved from /Users/tsimsek/airflow/dags/case1.py
[2025-06-10T15:37:49.951+0200] {logging_mixin.py:190} INFO - [2025-06-10T15:37:49.951+0200] {dag.py:3239} INFO - Sync 1 DAGs
[2025-06-10T15:37:49.954+0200] {logging_mixin.py:190} INFO - [2025-06-10T15:37:49.954+0200] {dag.py:4180} INFO - Setting next_dagrun for case1 to None, run_after=None
[2025-06-10T15:37:49.961+0200] {processor.py:208} INFO - Processing /Users/tsimsek/airflow/dags/case1.py took 0.429 seconds
[2025-06-10T15:38:21.216+0200] {processor.py:186} INFO - Started process (PID=30726) to work on /Users/tsimsek/airflow/dags/case1.py
[2025-06-10T15:38:21.218+0200] {processor.py:914} INFO - Processing file /Users/tsimsek/airflow/dags/case1.py for tasks to queue
[2025-06-10T15:38:21.219+0200] {logging_mixin.py:190} INFO - [2025-06-10T15:38:21.218+0200] {dagbag.py:588} INFO - Filling up the DagBag from /Users/tsimsek/airflow/dags/case1.py
[2025-06-10T15:38:21.600+0200] {processor.py:925} INFO - DAG(s) 'case1' retrieved from /Users/tsimsek/airflow/dags/case1.py
[2025-06-10T15:38:21.662+0200] {logging_mixin.py:190} INFO - [2025-06-10T15:38:21.662+0200] {dag.py:3239} INFO - Sync 1 DAGs
[2025-06-10T15:38:21.666+0200] {logging_mixin.py:190} INFO - [2025-06-10T15:38:21.666+0200] {dag.py:4180} INFO - Setting next_dagrun for case1 to None, run_after=None
[2025-06-10T15:38:21.673+0200] {processor.py:208} INFO - Processing /Users/tsimsek/airflow/dags/case1.py took 0.465 seconds
[2025-06-10T15:38:53.528+0200] {processor.py:186} INFO - Started process (PID=30830) to work on /Users/tsimsek/airflow/dags/case1.py
[2025-06-10T15:38:53.530+0200] {processor.py:914} INFO - Processing file /Users/tsimsek/airflow/dags/case1.py for tasks to queue
[2025-06-10T15:38:53.530+0200] {logging_mixin.py:190} INFO - [2025-06-10T15:38:53.530+0200] {dagbag.py:588} INFO - Filling up the DagBag from /Users/tsimsek/airflow/dags/case1.py
[2025-06-10T15:38:53.912+0200] {processor.py:925} INFO - DAG(s) 'case1' retrieved from /Users/tsimsek/airflow/dags/case1.py
[2025-06-10T15:38:53.974+0200] {logging_mixin.py:190} INFO - [2025-06-10T15:38:53.974+0200] {dag.py:3239} INFO - Sync 1 DAGs
[2025-06-10T15:38:53.977+0200] {logging_mixin.py:190} INFO - [2025-06-10T15:38:53.977+0200] {dag.py:4180} INFO - Setting next_dagrun for case1 to None, run_after=None
[2025-06-10T15:38:53.985+0200] {processor.py:208} INFO - Processing /Users/tsimsek/airflow/dags/case1.py took 0.467 seconds
[2025-06-10T15:39:35.481+0200] {processor.py:186} INFO - Started process (PID=31125) to work on /Users/tsimsek/airflow/dags/case1.py
[2025-06-10T15:39:35.482+0200] {processor.py:914} INFO - Processing file /Users/tsimsek/airflow/dags/case1.py for tasks to queue
[2025-06-10T15:39:35.483+0200] {logging_mixin.py:190} INFO - [2025-06-10T15:39:35.483+0200] {dagbag.py:588} INFO - Filling up the DagBag from /Users/tsimsek/airflow/dags/case1.py
[2025-06-10T15:39:35.952+0200] {processor.py:925} INFO - DAG(s) 'case1' retrieved from /Users/tsimsek/airflow/dags/case1.py
[2025-06-10T15:39:36.021+0200] {logging_mixin.py:190} INFO - [2025-06-10T15:39:36.021+0200] {dag.py:3239} INFO - Sync 1 DAGs
[2025-06-10T15:39:36.025+0200] {logging_mixin.py:190} INFO - [2025-06-10T15:39:36.025+0200] {dag.py:4180} INFO - Setting next_dagrun for case1 to None, run_after=None
[2025-06-10T15:39:36.032+0200] {processor.py:208} INFO - Processing /Users/tsimsek/airflow/dags/case1.py took 0.559 seconds
[2025-06-10T15:40:56.641+0200] {processor.py:186} INFO - Started process (PID=31526) to work on /Users/tsimsek/airflow/dags/case1.py
[2025-06-10T15:40:56.643+0200] {processor.py:914} INFO - Processing file /Users/tsimsek/airflow/dags/case1.py for tasks to queue
[2025-06-10T15:40:56.643+0200] {logging_mixin.py:190} INFO - [2025-06-10T15:40:56.643+0200] {dagbag.py:588} INFO - Filling up the DagBag from /Users/tsimsek/airflow/dags/case1.py
[2025-06-10T15:40:57.088+0200] {processor.py:925} INFO - DAG(s) 'case1' retrieved from /Users/tsimsek/airflow/dags/case1.py
[2025-06-10T15:40:57.156+0200] {logging_mixin.py:190} INFO - [2025-06-10T15:40:57.155+0200] {dag.py:3239} INFO - Sync 1 DAGs
[2025-06-10T15:40:57.160+0200] {logging_mixin.py:190} INFO - [2025-06-10T15:40:57.159+0200] {dag.py:4180} INFO - Setting next_dagrun for case1 to None, run_after=None
[2025-06-10T15:40:57.167+0200] {processor.py:208} INFO - Processing /Users/tsimsek/airflow/dags/case1.py took 0.534 seconds
[2025-06-10T15:41:29.239+0200] {processor.py:186} INFO - Started process (PID=31680) to work on /Users/tsimsek/airflow/dags/case1.py
[2025-06-10T15:41:29.240+0200] {processor.py:914} INFO - Processing file /Users/tsimsek/airflow/dags/case1.py for tasks to queue
[2025-06-10T15:41:29.241+0200] {logging_mixin.py:190} INFO - [2025-06-10T15:41:29.241+0200] {dagbag.py:588} INFO - Filling up the DagBag from /Users/tsimsek/airflow/dags/case1.py
[2025-06-10T15:41:29.572+0200] {processor.py:925} INFO - DAG(s) 'case1' retrieved from /Users/tsimsek/airflow/dags/case1.py
[2025-06-10T15:41:29.633+0200] {logging_mixin.py:190} INFO - [2025-06-10T15:41:29.633+0200] {dag.py:3239} INFO - Sync 1 DAGs
[2025-06-10T15:41:29.636+0200] {logging_mixin.py:190} INFO - [2025-06-10T15:41:29.636+0200] {dag.py:4180} INFO - Setting next_dagrun for case1 to None, run_after=None
[2025-06-10T15:41:29.644+0200] {processor.py:208} INFO - Processing /Users/tsimsek/airflow/dags/case1.py took 0.415 seconds
[2025-06-10T15:42:00.812+0200] {processor.py:186} INFO - Started process (PID=31781) to work on /Users/tsimsek/airflow/dags/case1.py
[2025-06-10T15:42:00.814+0200] {processor.py:914} INFO - Processing file /Users/tsimsek/airflow/dags/case1.py for tasks to queue
[2025-06-10T15:42:00.814+0200] {logging_mixin.py:190} INFO - [2025-06-10T15:42:00.814+0200] {dagbag.py:588} INFO - Filling up the DagBag from /Users/tsimsek/airflow/dags/case1.py
[2025-06-10T15:42:01.214+0200] {processor.py:925} INFO - DAG(s) 'case1' retrieved from /Users/tsimsek/airflow/dags/case1.py
[2025-06-10T15:42:01.275+0200] {logging_mixin.py:190} INFO - [2025-06-10T15:42:01.275+0200] {dag.py:3239} INFO - Sync 1 DAGs
[2025-06-10T15:42:01.279+0200] {logging_mixin.py:190} INFO - [2025-06-10T15:42:01.279+0200] {dag.py:4180} INFO - Setting next_dagrun for case1 to None, run_after=None
[2025-06-10T15:42:01.286+0200] {processor.py:208} INFO - Processing /Users/tsimsek/airflow/dags/case1.py took 0.483 seconds
[2025-06-10T15:42:33.556+0200] {processor.py:186} INFO - Started process (PID=31891) to work on /Users/tsimsek/airflow/dags/case1.py
[2025-06-10T15:42:33.558+0200] {processor.py:914} INFO - Processing file /Users/tsimsek/airflow/dags/case1.py for tasks to queue
[2025-06-10T15:42:33.558+0200] {logging_mixin.py:190} INFO - [2025-06-10T15:42:33.558+0200] {dagbag.py:588} INFO - Filling up the DagBag from /Users/tsimsek/airflow/dags/case1.py
[2025-06-10T15:42:33.922+0200] {processor.py:925} INFO - DAG(s) 'case1' retrieved from /Users/tsimsek/airflow/dags/case1.py
[2025-06-10T15:42:33.983+0200] {logging_mixin.py:190} INFO - [2025-06-10T15:42:33.983+0200] {dag.py:3239} INFO - Sync 1 DAGs
[2025-06-10T15:42:33.987+0200] {logging_mixin.py:190} INFO - [2025-06-10T15:42:33.987+0200] {dag.py:4180} INFO - Setting next_dagrun for case1 to None, run_after=None
[2025-06-10T15:42:33.993+0200] {processor.py:208} INFO - Processing /Users/tsimsek/airflow/dags/case1.py took 0.444 seconds
[2025-06-10T15:43:05.149+0200] {processor.py:186} INFO - Started process (PID=31971) to work on /Users/tsimsek/airflow/dags/case1.py
[2025-06-10T15:43:05.151+0200] {processor.py:914} INFO - Processing file /Users/tsimsek/airflow/dags/case1.py for tasks to queue
[2025-06-10T15:43:05.151+0200] {logging_mixin.py:190} INFO - [2025-06-10T15:43:05.151+0200] {dagbag.py:588} INFO - Filling up the DagBag from /Users/tsimsek/airflow/dags/case1.py
[2025-06-10T15:43:05.476+0200] {processor.py:925} INFO - DAG(s) 'case1' retrieved from /Users/tsimsek/airflow/dags/case1.py
[2025-06-10T15:43:05.538+0200] {logging_mixin.py:190} INFO - [2025-06-10T15:43:05.538+0200] {dag.py:3239} INFO - Sync 1 DAGs
[2025-06-10T15:43:05.541+0200] {logging_mixin.py:190} INFO - [2025-06-10T15:43:05.541+0200] {dag.py:4180} INFO - Setting next_dagrun for case1 to None, run_after=None
[2025-06-10T15:43:05.549+0200] {processor.py:208} INFO - Processing /Users/tsimsek/airflow/dags/case1.py took 0.407 seconds
[2025-06-10T15:43:36.804+0200] {processor.py:186} INFO - Started process (PID=32081) to work on /Users/tsimsek/airflow/dags/case1.py
[2025-06-10T15:43:36.805+0200] {processor.py:914} INFO - Processing file /Users/tsimsek/airflow/dags/case1.py for tasks to queue
[2025-06-10T15:43:36.806+0200] {logging_mixin.py:190} INFO - [2025-06-10T15:43:36.806+0200] {dagbag.py:588} INFO - Filling up the DagBag from /Users/tsimsek/airflow/dags/case1.py
[2025-06-10T15:43:37.221+0200] {processor.py:925} INFO - DAG(s) 'case1' retrieved from /Users/tsimsek/airflow/dags/case1.py
[2025-06-10T15:43:37.286+0200] {logging_mixin.py:190} INFO - [2025-06-10T15:43:37.285+0200] {dag.py:3239} INFO - Sync 1 DAGs
[2025-06-10T15:43:37.289+0200] {logging_mixin.py:190} INFO - [2025-06-10T15:43:37.289+0200] {dag.py:4180} INFO - Setting next_dagrun for case1 to None, run_after=None
[2025-06-10T15:43:37.298+0200] {processor.py:208} INFO - Processing /Users/tsimsek/airflow/dags/case1.py took 0.503 seconds
[2025-06-10T15:50:28.291+0200] {processor.py:186} INFO - Started process (PID=33264) to work on /Users/tsimsek/airflow/dags/case1.py
[2025-06-10T15:50:28.292+0200] {processor.py:914} INFO - Processing file /Users/tsimsek/airflow/dags/case1.py for tasks to queue
[2025-06-10T15:50:28.293+0200] {logging_mixin.py:190} INFO - [2025-06-10T15:50:28.293+0200] {dagbag.py:588} INFO - Filling up the DagBag from /Users/tsimsek/airflow/dags/case1.py
[2025-06-10T15:50:28.835+0200] {processor.py:925} INFO - DAG(s) 'case1' retrieved from /Users/tsimsek/airflow/dags/case1.py
[2025-06-10T15:50:28.900+0200] {logging_mixin.py:190} INFO - [2025-06-10T15:50:28.900+0200] {dag.py:3239} INFO - Sync 1 DAGs
[2025-06-10T15:50:28.903+0200] {logging_mixin.py:190} INFO - [2025-06-10T15:50:28.903+0200] {dag.py:4180} INFO - Setting next_dagrun for case1 to None, run_after=None
[2025-06-10T15:50:28.911+0200] {processor.py:208} INFO - Processing /Users/tsimsek/airflow/dags/case1.py took 0.628 seconds
[2025-06-10T15:51:00.812+0200] {processor.py:186} INFO - Started process (PID=33368) to work on /Users/tsimsek/airflow/dags/case1.py
[2025-06-10T15:51:00.814+0200] {processor.py:914} INFO - Processing file /Users/tsimsek/airflow/dags/case1.py for tasks to queue
[2025-06-10T15:51:00.814+0200] {logging_mixin.py:190} INFO - [2025-06-10T15:51:00.814+0200] {dagbag.py:588} INFO - Filling up the DagBag from /Users/tsimsek/airflow/dags/case1.py
[2025-06-10T15:51:01.258+0200] {processor.py:925} INFO - DAG(s) 'case1' retrieved from /Users/tsimsek/airflow/dags/case1.py
[2025-06-10T15:51:01.319+0200] {logging_mixin.py:190} INFO - [2025-06-10T15:51:01.319+0200] {dag.py:3239} INFO - Sync 1 DAGs
[2025-06-10T15:51:01.323+0200] {logging_mixin.py:190} INFO - [2025-06-10T15:51:01.323+0200] {dag.py:4180} INFO - Setting next_dagrun for case1 to None, run_after=None
[2025-06-10T15:51:01.331+0200] {processor.py:208} INFO - Processing /Users/tsimsek/airflow/dags/case1.py took 0.528 seconds
[2025-06-10T15:51:39.989+0200] {processor.py:186} INFO - Started process (PID=33486) to work on /Users/tsimsek/airflow/dags/case1.py
[2025-06-10T15:51:39.991+0200] {processor.py:914} INFO - Processing file /Users/tsimsek/airflow/dags/case1.py for tasks to queue
[2025-06-10T15:51:39.991+0200] {logging_mixin.py:190} INFO - [2025-06-10T15:51:39.991+0200] {dagbag.py:588} INFO - Filling up the DagBag from /Users/tsimsek/airflow/dags/case1.py
[2025-06-10T15:51:40.384+0200] {processor.py:925} INFO - DAG(s) 'case1' retrieved from /Users/tsimsek/airflow/dags/case1.py
[2025-06-10T15:51:40.447+0200] {logging_mixin.py:190} INFO - [2025-06-10T15:51:40.446+0200] {dag.py:3239} INFO - Sync 1 DAGs
[2025-06-10T15:51:40.450+0200] {logging_mixin.py:190} INFO - [2025-06-10T15:51:40.450+0200] {dag.py:4180} INFO - Setting next_dagrun for case1 to None, run_after=None
[2025-06-10T15:51:40.457+0200] {processor.py:208} INFO - Processing /Users/tsimsek/airflow/dags/case1.py took 0.475 seconds
[2025-06-10T15:52:11.688+0200] {processor.py:186} INFO - Started process (PID=33584) to work on /Users/tsimsek/airflow/dags/case1.py
[2025-06-10T15:52:11.690+0200] {processor.py:914} INFO - Processing file /Users/tsimsek/airflow/dags/case1.py for tasks to queue
[2025-06-10T15:52:11.690+0200] {logging_mixin.py:190} INFO - [2025-06-10T15:52:11.690+0200] {dagbag.py:588} INFO - Filling up the DagBag from /Users/tsimsek/airflow/dags/case1.py
[2025-06-10T15:52:12.068+0200] {processor.py:925} INFO - DAG(s) 'case1' retrieved from /Users/tsimsek/airflow/dags/case1.py
[2025-06-10T15:52:12.128+0200] {logging_mixin.py:190} INFO - [2025-06-10T15:52:12.128+0200] {dag.py:3239} INFO - Sync 1 DAGs
[2025-06-10T15:52:12.131+0200] {logging_mixin.py:190} INFO - [2025-06-10T15:52:12.131+0200] {dag.py:4180} INFO - Setting next_dagrun for case1 to None, run_after=None
[2025-06-10T15:52:12.138+0200] {processor.py:208} INFO - Processing /Users/tsimsek/airflow/dags/case1.py took 0.460 seconds
[2025-06-10T16:37:35.231+0200] {processor.py:186} INFO - Started process (PID=42915) to work on /Users/tsimsek/airflow/dags/case1.py
[2025-06-10T16:37:35.234+0200] {processor.py:914} INFO - Processing file /Users/tsimsek/airflow/dags/case1.py for tasks to queue
[2025-06-10T16:37:35.234+0200] {logging_mixin.py:190} INFO - [2025-06-10T16:37:35.234+0200] {dagbag.py:588} INFO - Filling up the DagBag from /Users/tsimsek/airflow/dags/case1.py
[2025-06-10T16:37:35.704+0200] {processor.py:925} INFO - DAG(s) 'case1' retrieved from /Users/tsimsek/airflow/dags/case1.py
[2025-06-10T16:37:35.768+0200] {logging_mixin.py:190} INFO - [2025-06-10T16:37:35.768+0200] {dag.py:3239} INFO - Sync 1 DAGs
[2025-06-10T16:37:35.771+0200] {logging_mixin.py:190} INFO - [2025-06-10T16:37:35.771+0200] {dag.py:4180} INFO - Setting next_dagrun for case1 to None, run_after=None
[2025-06-10T16:37:35.779+0200] {processor.py:208} INFO - Processing /Users/tsimsek/airflow/dags/case1.py took 0.556 seconds
[2025-06-10T16:38:07.435+0200] {processor.py:186} INFO - Started process (PID=43024) to work on /Users/tsimsek/airflow/dags/case1.py
[2025-06-10T16:38:07.437+0200] {processor.py:914} INFO - Processing file /Users/tsimsek/airflow/dags/case1.py for tasks to queue
[2025-06-10T16:38:07.437+0200] {logging_mixin.py:190} INFO - [2025-06-10T16:38:07.437+0200] {dagbag.py:588} INFO - Filling up the DagBag from /Users/tsimsek/airflow/dags/case1.py
[2025-06-10T16:38:07.821+0200] {processor.py:925} INFO - DAG(s) 'case1' retrieved from /Users/tsimsek/airflow/dags/case1.py
[2025-06-10T16:38:07.885+0200] {logging_mixin.py:190} INFO - [2025-06-10T16:38:07.885+0200] {dag.py:3239} INFO - Sync 1 DAGs
[2025-06-10T16:38:07.889+0200] {logging_mixin.py:190} INFO - [2025-06-10T16:38:07.889+0200] {dag.py:4180} INFO - Setting next_dagrun for case1 to None, run_after=None
[2025-06-10T16:38:07.898+0200] {processor.py:208} INFO - Processing /Users/tsimsek/airflow/dags/case1.py took 0.473 seconds
[2025-06-10T16:38:45.422+0200] {processor.py:186} INFO - Started process (PID=43314) to work on /Users/tsimsek/airflow/dags/case1.py
[2025-06-10T16:38:45.424+0200] {processor.py:914} INFO - Processing file /Users/tsimsek/airflow/dags/case1.py for tasks to queue
[2025-06-10T16:38:45.424+0200] {logging_mixin.py:190} INFO - [2025-06-10T16:38:45.424+0200] {dagbag.py:588} INFO - Filling up the DagBag from /Users/tsimsek/airflow/dags/case1.py
[2025-06-10T16:38:45.876+0200] {processor.py:925} INFO - DAG(s) 'case1' retrieved from /Users/tsimsek/airflow/dags/case1.py
[2025-06-10T16:38:45.941+0200] {logging_mixin.py:190} INFO - [2025-06-10T16:38:45.940+0200] {dag.py:3239} INFO - Sync 1 DAGs
[2025-06-10T16:38:45.944+0200] {logging_mixin.py:190} INFO - [2025-06-10T16:38:45.944+0200] {dag.py:4180} INFO - Setting next_dagrun for case1 to None, run_after=None
[2025-06-10T16:38:45.954+0200] {processor.py:208} INFO - Processing /Users/tsimsek/airflow/dags/case1.py took 0.539 seconds
[2025-06-10T16:40:10.707+0200] {processor.py:186} INFO - Started process (PID=43780) to work on /Users/tsimsek/airflow/dags/case1.py
[2025-06-10T16:40:10.709+0200] {processor.py:914} INFO - Processing file /Users/tsimsek/airflow/dags/case1.py for tasks to queue
[2025-06-10T16:40:10.709+0200] {logging_mixin.py:190} INFO - [2025-06-10T16:40:10.709+0200] {dagbag.py:588} INFO - Filling up the DagBag from /Users/tsimsek/airflow/dags/case1.py
[2025-06-10T16:40:11.090+0200] {processor.py:925} INFO - DAG(s) 'case1' retrieved from /Users/tsimsek/airflow/dags/case1.py
[2025-06-10T16:40:11.156+0200] {logging_mixin.py:190} INFO - [2025-06-10T16:40:11.156+0200] {dag.py:3239} INFO - Sync 1 DAGs
[2025-06-10T16:40:11.160+0200] {logging_mixin.py:190} INFO - [2025-06-10T16:40:11.160+0200] {dag.py:4180} INFO - Setting next_dagrun for case1 to None, run_after=None
[2025-06-10T16:40:11.168+0200] {processor.py:208} INFO - Processing /Users/tsimsek/airflow/dags/case1.py took 0.471 seconds
[2025-06-10T16:40:42.463+0200] {processor.py:186} INFO - Started process (PID=43881) to work on /Users/tsimsek/airflow/dags/case1.py
[2025-06-10T16:40:42.466+0200] {processor.py:914} INFO - Processing file /Users/tsimsek/airflow/dags/case1.py for tasks to queue
[2025-06-10T16:40:42.466+0200] {logging_mixin.py:190} INFO - [2025-06-10T16:40:42.466+0200] {dagbag.py:588} INFO - Filling up the DagBag from /Users/tsimsek/airflow/dags/case1.py
[2025-06-10T16:40:42.812+0200] {processor.py:925} INFO - DAG(s) 'case1' retrieved from /Users/tsimsek/airflow/dags/case1.py
[2025-06-10T16:40:42.875+0200] {logging_mixin.py:190} INFO - [2025-06-10T16:40:42.874+0200] {dag.py:3239} INFO - Sync 1 DAGs
[2025-06-10T16:40:42.878+0200] {logging_mixin.py:190} INFO - [2025-06-10T16:40:42.878+0200] {dag.py:4180} INFO - Setting next_dagrun for case1 to None, run_after=None
[2025-06-10T16:40:42.888+0200] {processor.py:208} INFO - Processing /Users/tsimsek/airflow/dags/case1.py took 0.432 seconds
[2025-06-10T16:41:14.270+0200] {processor.py:186} INFO - Started process (PID=43994) to work on /Users/tsimsek/airflow/dags/case1.py
[2025-06-10T16:41:14.272+0200] {processor.py:914} INFO - Processing file /Users/tsimsek/airflow/dags/case1.py for tasks to queue
[2025-06-10T16:41:14.272+0200] {logging_mixin.py:190} INFO - [2025-06-10T16:41:14.272+0200] {dagbag.py:588} INFO - Filling up the DagBag from /Users/tsimsek/airflow/dags/case1.py
[2025-06-10T16:41:14.684+0200] {processor.py:925} INFO - DAG(s) 'case1' retrieved from /Users/tsimsek/airflow/dags/case1.py
[2025-06-10T16:41:14.747+0200] {logging_mixin.py:190} INFO - [2025-06-10T16:41:14.747+0200] {dag.py:3239} INFO - Sync 1 DAGs
[2025-06-10T16:41:14.751+0200] {logging_mixin.py:190} INFO - [2025-06-10T16:41:14.751+0200] {dag.py:4180} INFO - Setting next_dagrun for case1 to None, run_after=None
[2025-06-10T16:41:14.758+0200] {processor.py:208} INFO - Processing /Users/tsimsek/airflow/dags/case1.py took 0.497 seconds
[2025-06-10T16:41:47.919+0200] {processor.py:186} INFO - Started process (PID=44115) to work on /Users/tsimsek/airflow/dags/case1.py
[2025-06-10T16:41:47.921+0200] {processor.py:914} INFO - Processing file /Users/tsimsek/airflow/dags/case1.py for tasks to queue
[2025-06-10T16:41:47.922+0200] {logging_mixin.py:190} INFO - [2025-06-10T16:41:47.922+0200] {dagbag.py:588} INFO - Filling up the DagBag from /Users/tsimsek/airflow/dags/case1.py
[2025-06-10T16:41:48.332+0200] {processor.py:925} INFO - DAG(s) 'case1' retrieved from /Users/tsimsek/airflow/dags/case1.py
[2025-06-10T16:41:48.392+0200] {logging_mixin.py:190} INFO - [2025-06-10T16:41:48.392+0200] {dag.py:3239} INFO - Sync 1 DAGs
[2025-06-10T16:41:48.396+0200] {logging_mixin.py:190} INFO - [2025-06-10T16:41:48.396+0200] {dag.py:4180} INFO - Setting next_dagrun for case1 to None, run_after=None
[2025-06-10T16:41:48.402+0200] {processor.py:208} INFO - Processing /Users/tsimsek/airflow/dags/case1.py took 0.494 seconds
[2025-06-10T16:42:30.330+0200] {processor.py:186} INFO - Started process (PID=44444) to work on /Users/tsimsek/airflow/dags/case1.py
[2025-06-10T16:42:30.332+0200] {processor.py:914} INFO - Processing file /Users/tsimsek/airflow/dags/case1.py for tasks to queue
[2025-06-10T16:42:30.333+0200] {logging_mixin.py:190} INFO - [2025-06-10T16:42:30.333+0200] {dagbag.py:588} INFO - Filling up the DagBag from /Users/tsimsek/airflow/dags/case1.py
[2025-06-10T16:42:30.765+0200] {processor.py:925} INFO - DAG(s) 'case1' retrieved from /Users/tsimsek/airflow/dags/case1.py
[2025-06-10T16:42:30.831+0200] {logging_mixin.py:190} INFO - [2025-06-10T16:42:30.831+0200] {dag.py:3239} INFO - Sync 1 DAGs
[2025-06-10T16:42:30.834+0200] {logging_mixin.py:190} INFO - [2025-06-10T16:42:30.834+0200] {dag.py:4180} INFO - Setting next_dagrun for case1 to None, run_after=None
[2025-06-10T16:42:30.843+0200] {processor.py:208} INFO - Processing /Users/tsimsek/airflow/dags/case1.py took 0.524 seconds
[2025-06-10T16:43:02.224+0200] {processor.py:186} INFO - Started process (PID=44556) to work on /Users/tsimsek/airflow/dags/case1.py
[2025-06-10T16:43:02.226+0200] {processor.py:914} INFO - Processing file /Users/tsimsek/airflow/dags/case1.py for tasks to queue
[2025-06-10T16:43:02.227+0200] {logging_mixin.py:190} INFO - [2025-06-10T16:43:02.227+0200] {dagbag.py:588} INFO - Filling up the DagBag from /Users/tsimsek/airflow/dags/case1.py
[2025-06-10T16:43:02.624+0200] {processor.py:925} INFO - DAG(s) 'case1' retrieved from /Users/tsimsek/airflow/dags/case1.py
[2025-06-10T16:43:02.684+0200] {logging_mixin.py:190} INFO - [2025-06-10T16:43:02.684+0200] {dag.py:3239} INFO - Sync 1 DAGs
[2025-06-10T16:43:02.687+0200] {logging_mixin.py:190} INFO - [2025-06-10T16:43:02.687+0200] {dag.py:4180} INFO - Setting next_dagrun for case1 to None, run_after=None
[2025-06-10T16:43:02.696+0200] {processor.py:208} INFO - Processing /Users/tsimsek/airflow/dags/case1.py took 0.482 seconds
[2025-06-10T16:43:33.944+0200] {processor.py:186} INFO - Started process (PID=44633) to work on /Users/tsimsek/airflow/dags/case1.py
[2025-06-10T16:43:33.946+0200] {processor.py:914} INFO - Processing file /Users/tsimsek/airflow/dags/case1.py for tasks to queue
[2025-06-10T16:43:33.946+0200] {logging_mixin.py:190} INFO - [2025-06-10T16:43:33.946+0200] {dagbag.py:588} INFO - Filling up the DagBag from /Users/tsimsek/airflow/dags/case1.py
[2025-06-10T16:43:34.352+0200] {processor.py:925} INFO - DAG(s) 'case1' retrieved from /Users/tsimsek/airflow/dags/case1.py
[2025-06-10T16:43:34.413+0200] {logging_mixin.py:190} INFO - [2025-06-10T16:43:34.413+0200] {dag.py:3239} INFO - Sync 1 DAGs
[2025-06-10T16:43:34.416+0200] {logging_mixin.py:190} INFO - [2025-06-10T16:43:34.416+0200] {dag.py:4180} INFO - Setting next_dagrun for case1 to None, run_after=None
[2025-06-10T16:43:34.423+0200] {processor.py:208} INFO - Processing /Users/tsimsek/airflow/dags/case1.py took 0.490 seconds
[2025-06-10T16:44:08.050+0200] {processor.py:186} INFO - Started process (PID=44769) to work on /Users/tsimsek/airflow/dags/case1.py
[2025-06-10T16:44:08.052+0200] {processor.py:914} INFO - Processing file /Users/tsimsek/airflow/dags/case1.py for tasks to queue
[2025-06-10T16:44:08.052+0200] {logging_mixin.py:190} INFO - [2025-06-10T16:44:08.052+0200] {dagbag.py:588} INFO - Filling up the DagBag from /Users/tsimsek/airflow/dags/case1.py
[2025-06-10T16:44:08.391+0200] {processor.py:925} INFO - DAG(s) 'case1' retrieved from /Users/tsimsek/airflow/dags/case1.py
[2025-06-10T16:44:08.453+0200] {logging_mixin.py:190} INFO - [2025-06-10T16:44:08.453+0200] {dag.py:3239} INFO - Sync 1 DAGs
[2025-06-10T16:44:08.456+0200] {logging_mixin.py:190} INFO - [2025-06-10T16:44:08.456+0200] {dag.py:4180} INFO - Setting next_dagrun for case1 to None, run_after=None
[2025-06-10T16:44:08.465+0200] {processor.py:208} INFO - Processing /Users/tsimsek/airflow/dags/case1.py took 0.424 seconds
[2025-06-10T16:44:39.586+0200] {processor.py:186} INFO - Started process (PID=44867) to work on /Users/tsimsek/airflow/dags/case1.py
[2025-06-10T16:44:39.588+0200] {processor.py:914} INFO - Processing file /Users/tsimsek/airflow/dags/case1.py for tasks to queue
[2025-06-10T16:44:39.588+0200] {logging_mixin.py:190} INFO - [2025-06-10T16:44:39.588+0200] {dagbag.py:588} INFO - Filling up the DagBag from /Users/tsimsek/airflow/dags/case1.py
[2025-06-10T16:44:39.950+0200] {processor.py:925} INFO - DAG(s) 'case1' retrieved from /Users/tsimsek/airflow/dags/case1.py
[2025-06-10T16:44:40.010+0200] {logging_mixin.py:190} INFO - [2025-06-10T16:44:40.010+0200] {dag.py:3239} INFO - Sync 1 DAGs
[2025-06-10T16:44:40.014+0200] {logging_mixin.py:190} INFO - [2025-06-10T16:44:40.014+0200] {dag.py:4180} INFO - Setting next_dagrun for case1 to None, run_after=None
[2025-06-10T16:44:40.023+0200] {processor.py:208} INFO - Processing /Users/tsimsek/airflow/dags/case1.py took 0.445 seconds
[2025-06-10T16:45:18.985+0200] {processor.py:186} INFO - Started process (PID=45151) to work on /Users/tsimsek/airflow/dags/case1.py
[2025-06-10T16:45:18.987+0200] {processor.py:914} INFO - Processing file /Users/tsimsek/airflow/dags/case1.py for tasks to queue
[2025-06-10T16:45:18.987+0200] {logging_mixin.py:190} INFO - [2025-06-10T16:45:18.987+0200] {dagbag.py:588} INFO - Filling up the DagBag from /Users/tsimsek/airflow/dags/case1.py
[2025-06-10T16:45:19.409+0200] {processor.py:925} INFO - DAG(s) 'case1' retrieved from /Users/tsimsek/airflow/dags/case1.py
[2025-06-10T16:45:19.478+0200] {logging_mixin.py:190} INFO - [2025-06-10T16:45:19.478+0200] {dag.py:3239} INFO - Sync 1 DAGs
[2025-06-10T16:45:19.482+0200] {logging_mixin.py:190} INFO - [2025-06-10T16:45:19.482+0200] {dag.py:4180} INFO - Setting next_dagrun for case1 to None, run_after=None
[2025-06-10T16:45:19.491+0200] {processor.py:208} INFO - Processing /Users/tsimsek/airflow/dags/case1.py took 0.515 seconds
[2025-06-10T16:45:51.658+0200] {processor.py:186} INFO - Started process (PID=45270) to work on /Users/tsimsek/airflow/dags/case1.py
[2025-06-10T16:45:51.660+0200] {processor.py:914} INFO - Processing file /Users/tsimsek/airflow/dags/case1.py for tasks to queue
[2025-06-10T16:45:51.661+0200] {logging_mixin.py:190} INFO - [2025-06-10T16:45:51.661+0200] {dagbag.py:588} INFO - Filling up the DagBag from /Users/tsimsek/airflow/dags/case1.py
[2025-06-10T16:45:51.995+0200] {processor.py:925} INFO - DAG(s) 'case1' retrieved from /Users/tsimsek/airflow/dags/case1.py
[2025-06-10T16:45:52.057+0200] {logging_mixin.py:190} INFO - [2025-06-10T16:45:52.057+0200] {dag.py:3239} INFO - Sync 1 DAGs
[2025-06-10T16:45:52.060+0200] {logging_mixin.py:190} INFO - [2025-06-10T16:45:52.060+0200] {dag.py:4180} INFO - Setting next_dagrun for case1 to None, run_after=None
[2025-06-10T16:45:52.067+0200] {processor.py:208} INFO - Processing /Users/tsimsek/airflow/dags/case1.py took 0.418 seconds
[2025-06-10T16:46:23.116+0200] {processor.py:186} INFO - Started process (PID=45371) to work on /Users/tsimsek/airflow/dags/case1.py
[2025-06-10T16:46:23.118+0200] {processor.py:914} INFO - Processing file /Users/tsimsek/airflow/dags/case1.py for tasks to queue
[2025-06-10T16:46:23.118+0200] {logging_mixin.py:190} INFO - [2025-06-10T16:46:23.118+0200] {dagbag.py:588} INFO - Filling up the DagBag from /Users/tsimsek/airflow/dags/case1.py
[2025-06-10T16:46:23.603+0200] {processor.py:925} INFO - DAG(s) 'case1' retrieved from /Users/tsimsek/airflow/dags/case1.py
[2025-06-10T16:46:23.664+0200] {logging_mixin.py:190} INFO - [2025-06-10T16:46:23.664+0200] {dag.py:3239} INFO - Sync 1 DAGs
[2025-06-10T16:46:23.668+0200] {logging_mixin.py:190} INFO - [2025-06-10T16:46:23.668+0200] {dag.py:4180} INFO - Setting next_dagrun for case1 to None, run_after=None
[2025-06-10T16:46:23.676+0200] {processor.py:208} INFO - Processing /Users/tsimsek/airflow/dags/case1.py took 0.568 seconds
[2025-06-10T16:46:59.926+0200] {processor.py:186} INFO - Started process (PID=46269) to work on /Users/tsimsek/airflow/dags/case1.py
[2025-06-10T16:46:59.928+0200] {processor.py:914} INFO - Processing file /Users/tsimsek/airflow/dags/case1.py for tasks to queue
[2025-06-10T16:46:59.928+0200] {logging_mixin.py:190} INFO - [2025-06-10T16:46:59.928+0200] {dagbag.py:588} INFO - Filling up the DagBag from /Users/tsimsek/airflow/dags/case1.py
[2025-06-10T16:47:00.287+0200] {processor.py:925} INFO - DAG(s) 'case1' retrieved from /Users/tsimsek/airflow/dags/case1.py
[2025-06-10T16:47:00.350+0200] {logging_mixin.py:190} INFO - [2025-06-10T16:47:00.350+0200] {dag.py:3239} INFO - Sync 1 DAGs
[2025-06-10T16:47:00.353+0200] {logging_mixin.py:190} INFO - [2025-06-10T16:47:00.353+0200] {dag.py:4180} INFO - Setting next_dagrun for case1 to None, run_after=None
[2025-06-10T16:47:00.362+0200] {processor.py:208} INFO - Processing /Users/tsimsek/airflow/dags/case1.py took 0.445 seconds
[2025-06-10T16:47:32.180+0200] {processor.py:186} INFO - Started process (PID=46346) to work on /Users/tsimsek/airflow/dags/case1.py
[2025-06-10T16:47:32.182+0200] {processor.py:914} INFO - Processing file /Users/tsimsek/airflow/dags/case1.py for tasks to queue
[2025-06-10T16:47:32.182+0200] {logging_mixin.py:190} INFO - [2025-06-10T16:47:32.182+0200] {dagbag.py:588} INFO - Filling up the DagBag from /Users/tsimsek/airflow/dags/case1.py
[2025-06-10T16:47:32.501+0200] {processor.py:925} INFO - DAG(s) 'case1' retrieved from /Users/tsimsek/airflow/dags/case1.py
[2025-06-10T16:47:32.566+0200] {logging_mixin.py:190} INFO - [2025-06-10T16:47:32.566+0200] {dag.py:3239} INFO - Sync 1 DAGs
[2025-06-10T16:47:32.570+0200] {logging_mixin.py:190} INFO - [2025-06-10T16:47:32.570+0200] {dag.py:4180} INFO - Setting next_dagrun for case1 to None, run_after=None
[2025-06-10T16:47:32.578+0200] {processor.py:208} INFO - Processing /Users/tsimsek/airflow/dags/case1.py took 0.406 seconds
[2025-06-10T16:48:03.996+0200] {processor.py:186} INFO - Started process (PID=46447) to work on /Users/tsimsek/airflow/dags/case1.py
[2025-06-10T16:48:03.998+0200] {processor.py:914} INFO - Processing file /Users/tsimsek/airflow/dags/case1.py for tasks to queue
[2025-06-10T16:48:03.998+0200] {logging_mixin.py:190} INFO - [2025-06-10T16:48:03.998+0200] {dagbag.py:588} INFO - Filling up the DagBag from /Users/tsimsek/airflow/dags/case1.py
[2025-06-10T16:48:04.322+0200] {processor.py:925} INFO - DAG(s) 'case1' retrieved from /Users/tsimsek/airflow/dags/case1.py
[2025-06-10T16:48:04.385+0200] {logging_mixin.py:190} INFO - [2025-06-10T16:48:04.385+0200] {dag.py:3239} INFO - Sync 1 DAGs
[2025-06-10T16:48:04.389+0200] {logging_mixin.py:190} INFO - [2025-06-10T16:48:04.389+0200] {dag.py:4180} INFO - Setting next_dagrun for case1 to None, run_after=None
[2025-06-10T16:48:04.395+0200] {processor.py:208} INFO - Processing /Users/tsimsek/airflow/dags/case1.py took 0.408 seconds
[2025-06-10T16:48:48.408+0200] {processor.py:186} INFO - Started process (PID=46732) to work on /Users/tsimsek/airflow/dags/case1.py
[2025-06-10T16:48:48.410+0200] {processor.py:914} INFO - Processing file /Users/tsimsek/airflow/dags/case1.py for tasks to queue
[2025-06-10T16:48:48.410+0200] {logging_mixin.py:190} INFO - [2025-06-10T16:48:48.410+0200] {dagbag.py:588} INFO - Filling up the DagBag from /Users/tsimsek/airflow/dags/case1.py
[2025-06-10T16:48:48.850+0200] {processor.py:925} INFO - DAG(s) 'case1' retrieved from /Users/tsimsek/airflow/dags/case1.py
[2025-06-10T16:48:48.910+0200] {logging_mixin.py:190} INFO - [2025-06-10T16:48:48.910+0200] {dag.py:3239} INFO - Sync 1 DAGs
[2025-06-10T16:48:48.914+0200] {logging_mixin.py:190} INFO - [2025-06-10T16:48:48.914+0200] {dag.py:4180} INFO - Setting next_dagrun for case1 to None, run_after=None
[2025-06-10T16:48:48.924+0200] {processor.py:208} INFO - Processing /Users/tsimsek/airflow/dags/case1.py took 0.526 seconds
[2025-06-10T16:49:21.994+0200] {processor.py:186} INFO - Started process (PID=46859) to work on /Users/tsimsek/airflow/dags/case1.py
[2025-06-10T16:49:21.996+0200] {processor.py:914} INFO - Processing file /Users/tsimsek/airflow/dags/case1.py for tasks to queue
[2025-06-10T16:49:21.996+0200] {logging_mixin.py:190} INFO - [2025-06-10T16:49:21.996+0200] {dagbag.py:588} INFO - Filling up the DagBag from /Users/tsimsek/airflow/dags/case1.py
[2025-06-10T16:49:22.417+0200] {processor.py:925} INFO - DAG(s) 'case1' retrieved from /Users/tsimsek/airflow/dags/case1.py
[2025-06-10T16:49:22.480+0200] {logging_mixin.py:190} INFO - [2025-06-10T16:49:22.480+0200] {dag.py:3239} INFO - Sync 1 DAGs
[2025-06-10T16:49:22.483+0200] {logging_mixin.py:190} INFO - [2025-06-10T16:49:22.483+0200] {dag.py:4180} INFO - Setting next_dagrun for case1 to None, run_after=None
[2025-06-10T16:49:22.494+0200] {processor.py:208} INFO - Processing /Users/tsimsek/airflow/dags/case1.py took 0.508 seconds
[2025-06-10T16:49:53.551+0200] {processor.py:186} INFO - Started process (PID=46935) to work on /Users/tsimsek/airflow/dags/case1.py
[2025-06-10T16:49:53.553+0200] {processor.py:914} INFO - Processing file /Users/tsimsek/airflow/dags/case1.py for tasks to queue
[2025-06-10T16:49:53.553+0200] {logging_mixin.py:190} INFO - [2025-06-10T16:49:53.553+0200] {dagbag.py:588} INFO - Filling up the DagBag from /Users/tsimsek/airflow/dags/case1.py
[2025-06-10T16:49:54.030+0200] {processor.py:925} INFO - DAG(s) 'case1' retrieved from /Users/tsimsek/airflow/dags/case1.py
[2025-06-10T16:49:54.093+0200] {logging_mixin.py:190} INFO - [2025-06-10T16:49:54.093+0200] {dag.py:3239} INFO - Sync 1 DAGs
[2025-06-10T16:49:54.096+0200] {logging_mixin.py:190} INFO - [2025-06-10T16:49:54.096+0200] {dag.py:4180} INFO - Setting next_dagrun for case1 to None, run_after=None
[2025-06-10T16:49:54.103+0200] {processor.py:208} INFO - Processing /Users/tsimsek/airflow/dags/case1.py took 0.560 seconds
[2025-06-10T16:50:25.274+0200] {processor.py:186} INFO - Started process (PID=47040) to work on /Users/tsimsek/airflow/dags/case1.py
[2025-06-10T16:50:25.276+0200] {processor.py:914} INFO - Processing file /Users/tsimsek/airflow/dags/case1.py for tasks to queue
[2025-06-10T16:50:25.276+0200] {logging_mixin.py:190} INFO - [2025-06-10T16:50:25.276+0200] {dagbag.py:588} INFO - Filling up the DagBag from /Users/tsimsek/airflow/dags/case1.py
[2025-06-10T16:50:25.782+0200] {processor.py:925} INFO - DAG(s) 'case1' retrieved from /Users/tsimsek/airflow/dags/case1.py
[2025-06-10T16:50:25.844+0200] {logging_mixin.py:190} INFO - [2025-06-10T16:50:25.844+0200] {dag.py:3239} INFO - Sync 1 DAGs
[2025-06-10T16:50:25.847+0200] {logging_mixin.py:190} INFO - [2025-06-10T16:50:25.847+0200] {dag.py:4180} INFO - Setting next_dagrun for case1 to None, run_after=None
[2025-06-10T16:50:25.857+0200] {processor.py:208} INFO - Processing /Users/tsimsek/airflow/dags/case1.py took 0.593 seconds
[2025-06-10T16:50:57.008+0200] {processor.py:186} INFO - Started process (PID=47105) to work on /Users/tsimsek/airflow/dags/case1.py
[2025-06-10T16:50:57.010+0200] {processor.py:914} INFO - Processing file /Users/tsimsek/airflow/dags/case1.py for tasks to queue
[2025-06-10T16:50:57.010+0200] {logging_mixin.py:190} INFO - [2025-06-10T16:50:57.010+0200] {dagbag.py:588} INFO - Filling up the DagBag from /Users/tsimsek/airflow/dags/case1.py
[2025-06-10T16:50:57.448+0200] {processor.py:925} INFO - DAG(s) 'case1' retrieved from /Users/tsimsek/airflow/dags/case1.py
[2025-06-10T16:50:57.508+0200] {logging_mixin.py:190} INFO - [2025-06-10T16:50:57.508+0200] {dag.py:3239} INFO - Sync 1 DAGs
[2025-06-10T16:50:57.511+0200] {logging_mixin.py:190} INFO - [2025-06-10T16:50:57.511+0200] {dag.py:4180} INFO - Setting next_dagrun for case1 to None, run_after=None
[2025-06-10T16:50:57.518+0200] {processor.py:208} INFO - Processing /Users/tsimsek/airflow/dags/case1.py took 0.520 seconds
