[2025-06-10T16:37:25.087+0200] {processor.py:186} INFO - Started process (PID=42850) to work on /Users/tsimsek/airflow/dags/case4.py
[2025-06-10T16:37:25.089+0200] {processor.py:914} INFO - Processing file /Users/tsimsek/airflow/dags/case4.py for tasks to queue
[2025-06-10T16:37:25.089+0200] {logging_mixin.py:190} INFO - [2025-06-10T16:37:25.089+0200] {dagbag.py:588} INFO - Filling up the DagBag from /Users/tsimsek/airflow/dags/case4.py
[2025-06-10T16:37:26.354+0200] {processor.py:925} INFO - DAG(s) 'case4' retrieved from /Users/tsimsek/airflow/dags/case4.py
[2025-06-10T16:37:26.603+0200] {logging_mixin.py:190} INFO - [2025-06-10T16:37:26.603+0200] {override.py:1930} INFO - Created Permission View: can read on DAG:case4
[2025-06-10T16:37:26.607+0200] {logging_mixin.py:190} INFO - [2025-06-10T16:37:26.607+0200] {override.py:1930} INFO - Created Permission View: can edit on DAG:case4
[2025-06-10T16:37:26.610+0200] {logging_mixin.py:190} INFO - [2025-06-10T16:37:26.610+0200] {override.py:1930} INFO - Created Permission View: can delete on DAG:case4
[2025-06-10T16:37:26.614+0200] {logging_mixin.py:190} INFO - [2025-06-10T16:37:26.614+0200] {override.py:1930} INFO - Created Permission View: can create on DAG Run:case4
[2025-06-10T16:37:26.617+0200] {logging_mixin.py:190} INFO - [2025-06-10T16:37:26.617+0200] {override.py:1930} INFO - Created Permission View: can read on DAG Run:case4
[2025-06-10T16:37:26.619+0200] {logging_mixin.py:190} INFO - [2025-06-10T16:37:26.619+0200] {override.py:1930} INFO - Created Permission View: menu access on DAG Run:case4
[2025-06-10T16:37:26.621+0200] {logging_mixin.py:190} INFO - [2025-06-10T16:37:26.621+0200] {override.py:1930} INFO - Created Permission View: can delete on DAG Run:case4
[2025-06-10T16:37:26.622+0200] {logging_mixin.py:190} INFO - [2025-06-10T16:37:26.621+0200] {dag.py:3239} INFO - Sync 1 DAGs
[2025-06-10T16:37:26.627+0200] {logging_mixin.py:190} INFO - [2025-06-10T16:37:26.626+0200] {dag.py:3262} INFO - Creating ORM DAG for case4
[2025-06-10T16:37:26.629+0200] {logging_mixin.py:190} INFO - [2025-06-10T16:37:26.629+0200] {dag.py:4180} INFO - Setting next_dagrun for case4 to 2024-01-15 00:00:00+00:00, run_after=2024-01-16 00:00:00+00:00
[2025-06-10T16:37:26.635+0200] {processor.py:208} INFO - Processing /Users/tsimsek/airflow/dags/case4.py took 1.550 seconds
[2025-06-10T16:37:58.050+0200] {processor.py:186} INFO - Started process (PID=42997) to work on /Users/tsimsek/airflow/dags/case4.py
[2025-06-10T16:37:58.052+0200] {processor.py:914} INFO - Processing file /Users/tsimsek/airflow/dags/case4.py for tasks to queue
[2025-06-10T16:37:58.052+0200] {logging_mixin.py:190} INFO - [2025-06-10T16:37:58.052+0200] {dagbag.py:588} INFO - Filling up the DagBag from /Users/tsimsek/airflow/dags/case4.py
[2025-06-10T16:37:58.422+0200] {processor.py:925} INFO - DAG(s) 'case4' retrieved from /Users/tsimsek/airflow/dags/case4.py
[2025-06-10T16:37:58.496+0200] {logging_mixin.py:190} INFO - [2025-06-10T16:37:58.496+0200] {dag.py:3239} INFO - Sync 1 DAGs
[2025-06-10T16:37:58.502+0200] {logging_mixin.py:190} INFO - [2025-06-10T16:37:58.502+0200] {dag.py:4180} INFO - Setting next_dagrun for case4 to 2024-01-15 00:00:00+00:00, run_after=2024-01-16 00:00:00+00:00
[2025-06-10T16:37:58.511+0200] {processor.py:208} INFO - Processing /Users/tsimsek/airflow/dags/case4.py took 0.468 seconds
[2025-06-10T16:38:34.954+0200] {processor.py:186} INFO - Started process (PID=43243) to work on /Users/tsimsek/airflow/dags/case4.py
[2025-06-10T16:38:34.956+0200] {processor.py:914} INFO - Processing file /Users/tsimsek/airflow/dags/case4.py for tasks to queue
[2025-06-10T16:38:34.957+0200] {logging_mixin.py:190} INFO - [2025-06-10T16:38:34.956+0200] {dagbag.py:588} INFO - Filling up the DagBag from /Users/tsimsek/airflow/dags/case4.py
[2025-06-10T16:38:35.407+0200] {processor.py:925} INFO - DAG(s) 'case4' retrieved from /Users/tsimsek/airflow/dags/case4.py
[2025-06-10T16:38:35.489+0200] {logging_mixin.py:190} INFO - [2025-06-10T16:38:35.488+0200] {dag.py:3239} INFO - Sync 1 DAGs
[2025-06-10T16:38:35.495+0200] {logging_mixin.py:190} INFO - [2025-06-10T16:38:35.495+0200] {dag.py:4180} INFO - Setting next_dagrun for case4 to 2024-01-15 00:00:00+00:00, run_after=2024-01-16 00:00:00+00:00
[2025-06-10T16:38:35.503+0200] {processor.py:208} INFO - Processing /Users/tsimsek/airflow/dags/case4.py took 0.557 seconds
[2025-06-10T16:38:50.508+0200] {processor.py:186} INFO - Started process (PID=43355) to work on /Users/tsimsek/airflow/dags/case4.py
[2025-06-10T16:38:50.510+0200] {processor.py:914} INFO - Processing file /Users/tsimsek/airflow/dags/case4.py for tasks to queue
[2025-06-10T16:38:50.510+0200] {logging_mixin.py:190} INFO - [2025-06-10T16:38:50.510+0200] {dagbag.py:588} INFO - Filling up the DagBag from /Users/tsimsek/airflow/dags/case4.py
[2025-06-10T16:38:51.035+0200] {processor.py:925} INFO - DAG(s) 'case4' retrieved from /Users/tsimsek/airflow/dags/case4.py
[2025-06-10T16:38:51.173+0200] {logging_mixin.py:190} INFO - [2025-06-10T16:38:51.173+0200] {dag.py:3239} INFO - Sync 1 DAGs
[2025-06-10T16:38:51.176+0200] {logging_mixin.py:190} INFO - [2025-06-10T16:38:51.176+0200] {dag.py:4180} INFO - Setting next_dagrun for case4 to None, run_after=None
[2025-06-10T16:38:51.185+0200] {processor.py:208} INFO - Processing /Users/tsimsek/airflow/dags/case4.py took 0.685 seconds
[2025-06-10T16:40:00.322+0200] {processor.py:186} INFO - Started process (PID=43748) to work on /Users/tsimsek/airflow/dags/case4.py
[2025-06-10T16:40:00.324+0200] {processor.py:914} INFO - Processing file /Users/tsimsek/airflow/dags/case4.py for tasks to queue
[2025-06-10T16:40:00.324+0200] {logging_mixin.py:190} INFO - [2025-06-10T16:40:00.324+0200] {dagbag.py:588} INFO - Filling up the DagBag from /Users/tsimsek/airflow/dags/case4.py
[2025-06-10T16:40:00.661+0200] {processor.py:925} INFO - DAG(s) 'case4' retrieved from /Users/tsimsek/airflow/dags/case4.py
[2025-06-10T16:40:00.738+0200] {logging_mixin.py:190} INFO - [2025-06-10T16:40:00.738+0200] {dag.py:3239} INFO - Sync 1 DAGs
[2025-06-10T16:40:00.741+0200] {logging_mixin.py:190} INFO - [2025-06-10T16:40:00.741+0200] {dag.py:4180} INFO - Setting next_dagrun for case4 to None, run_after=None
[2025-06-10T16:40:00.748+0200] {processor.py:208} INFO - Processing /Users/tsimsek/airflow/dags/case4.py took 0.434 seconds
[2025-06-10T16:40:31.925+0200] {processor.py:186} INFO - Started process (PID=43849) to work on /Users/tsimsek/airflow/dags/case4.py
[2025-06-10T16:40:31.927+0200] {processor.py:914} INFO - Processing file /Users/tsimsek/airflow/dags/case4.py for tasks to queue
[2025-06-10T16:40:31.927+0200] {logging_mixin.py:190} INFO - [2025-06-10T16:40:31.927+0200] {dagbag.py:588} INFO - Filling up the DagBag from /Users/tsimsek/airflow/dags/case4.py
[2025-06-10T16:40:32.429+0200] {processor.py:925} INFO - DAG(s) 'case4' retrieved from /Users/tsimsek/airflow/dags/case4.py
[2025-06-10T16:40:32.508+0200] {logging_mixin.py:190} INFO - [2025-06-10T16:40:32.508+0200] {dag.py:3239} INFO - Sync 1 DAGs
[2025-06-10T16:40:32.511+0200] {logging_mixin.py:190} INFO - [2025-06-10T16:40:32.511+0200] {dag.py:4180} INFO - Setting next_dagrun for case4 to None, run_after=None
[2025-06-10T16:40:32.519+0200] {processor.py:208} INFO - Processing /Users/tsimsek/airflow/dags/case4.py took 0.600 seconds
[2025-06-10T16:41:04.551+0200] {processor.py:186} INFO - Started process (PID=43953) to work on /Users/tsimsek/airflow/dags/case4.py
[2025-06-10T16:41:04.553+0200] {processor.py:914} INFO - Processing file /Users/tsimsek/airflow/dags/case4.py for tasks to queue
[2025-06-10T16:41:04.554+0200] {logging_mixin.py:190} INFO - [2025-06-10T16:41:04.554+0200] {dagbag.py:588} INFO - Filling up the DagBag from /Users/tsimsek/airflow/dags/case4.py
[2025-06-10T16:41:04.946+0200] {processor.py:925} INFO - DAG(s) 'case4' retrieved from /Users/tsimsek/airflow/dags/case4.py
[2025-06-10T16:41:05.027+0200] {logging_mixin.py:190} INFO - [2025-06-10T16:41:05.027+0200] {dag.py:3239} INFO - Sync 1 DAGs
[2025-06-10T16:41:05.030+0200] {logging_mixin.py:190} INFO - [2025-06-10T16:41:05.030+0200] {dag.py:4180} INFO - Setting next_dagrun for case4 to None, run_after=None
[2025-06-10T16:41:05.039+0200] {processor.py:208} INFO - Processing /Users/tsimsek/airflow/dags/case4.py took 0.499 seconds
[2025-06-10T16:41:37.169+0200] {processor.py:186} INFO - Started process (PID=44070) to work on /Users/tsimsek/airflow/dags/case4.py
[2025-06-10T16:41:37.170+0200] {processor.py:914} INFO - Processing file /Users/tsimsek/airflow/dags/case4.py for tasks to queue
[2025-06-10T16:41:37.171+0200] {logging_mixin.py:190} INFO - [2025-06-10T16:41:37.171+0200] {dagbag.py:588} INFO - Filling up the DagBag from /Users/tsimsek/airflow/dags/case4.py
[2025-06-10T16:41:37.541+0200] {processor.py:925} INFO - DAG(s) 'case4' retrieved from /Users/tsimsek/airflow/dags/case4.py
[2025-06-10T16:41:37.618+0200] {logging_mixin.py:190} INFO - [2025-06-10T16:41:37.618+0200] {dag.py:3239} INFO - Sync 1 DAGs
[2025-06-10T16:41:37.621+0200] {logging_mixin.py:190} INFO - [2025-06-10T16:41:37.621+0200] {dag.py:4180} INFO - Setting next_dagrun for case4 to None, run_after=None
[2025-06-10T16:41:37.629+0200] {processor.py:208} INFO - Processing /Users/tsimsek/airflow/dags/case4.py took 0.468 seconds
[2025-06-10T16:42:06.969+0200] {processor.py:186} INFO - Started process (PID=44210) to work on /Users/tsimsek/airflow/dags/case4.py
[2025-06-10T16:42:06.971+0200] {processor.py:914} INFO - Processing file /Users/tsimsek/airflow/dags/case4.py for tasks to queue
[2025-06-10T16:42:06.971+0200] {logging_mixin.py:190} INFO - [2025-06-10T16:42:06.971+0200] {dagbag.py:588} INFO - Filling up the DagBag from /Users/tsimsek/airflow/dags/case4.py
[2025-06-10T16:42:07.322+0200] {processor.py:925} INFO - DAG(s) 'case4' retrieved from /Users/tsimsek/airflow/dags/case4.py
[2025-06-10T16:42:07.461+0200] {logging_mixin.py:190} INFO - [2025-06-10T16:42:07.461+0200] {dag.py:3239} INFO - Sync 1 DAGs
[2025-06-10T16:42:07.464+0200] {logging_mixin.py:190} INFO - [2025-06-10T16:42:07.464+0200] {dag.py:4180} INFO - Setting next_dagrun for case4 to None, run_after=None
[2025-06-10T16:42:07.475+0200] {processor.py:208} INFO - Processing /Users/tsimsek/airflow/dags/case4.py took 0.515 seconds
[2025-06-10T16:42:19.847+0200] {processor.py:186} INFO - Started process (PID=44358) to work on /Users/tsimsek/airflow/dags/case4.py
[2025-06-10T16:42:19.848+0200] {processor.py:914} INFO - Processing file /Users/tsimsek/airflow/dags/case4.py for tasks to queue
[2025-06-10T16:42:19.849+0200] {logging_mixin.py:190} INFO - [2025-06-10T16:42:19.849+0200] {dagbag.py:588} INFO - Filling up the DagBag from /Users/tsimsek/airflow/dags/case4.py
[2025-06-10T16:42:20.321+0200] {processor.py:925} INFO - DAG(s) 'case4' retrieved from /Users/tsimsek/airflow/dags/case4.py
[2025-06-10T16:42:20.324+0200] {logging_mixin.py:190} INFO - [2025-06-10T16:42:20.324+0200] {dag.py:3239} INFO - Sync 1 DAGs
[2025-06-10T16:42:20.380+0200] {logging_mixin.py:190} INFO - [2025-06-10T16:42:20.380+0200] {dag.py:4180} INFO - Setting next_dagrun for case4 to None, run_after=None
[2025-06-10T16:42:20.387+0200] {processor.py:208} INFO - Processing /Users/tsimsek/airflow/dags/case4.py took 0.546 seconds
[2025-06-10T16:42:51.647+0200] {processor.py:186} INFO - Started process (PID=44524) to work on /Users/tsimsek/airflow/dags/case4.py
[2025-06-10T16:42:51.649+0200] {processor.py:914} INFO - Processing file /Users/tsimsek/airflow/dags/case4.py for tasks to queue
[2025-06-10T16:42:51.649+0200] {logging_mixin.py:190} INFO - [2025-06-10T16:42:51.649+0200] {dagbag.py:588} INFO - Filling up the DagBag from /Users/tsimsek/airflow/dags/case4.py
[2025-06-10T16:42:52.111+0200] {processor.py:925} INFO - DAG(s) 'case4' retrieved from /Users/tsimsek/airflow/dags/case4.py
[2025-06-10T16:42:52.192+0200] {logging_mixin.py:190} INFO - [2025-06-10T16:42:52.192+0200] {dag.py:3239} INFO - Sync 1 DAGs
[2025-06-10T16:42:52.196+0200] {logging_mixin.py:190} INFO - [2025-06-10T16:42:52.196+0200] {dag.py:4180} INFO - Setting next_dagrun for case4 to None, run_after=None
[2025-06-10T16:42:52.204+0200] {processor.py:208} INFO - Processing /Users/tsimsek/airflow/dags/case4.py took 0.567 seconds
[2025-06-10T16:43:23.489+0200] {processor.py:186} INFO - Started process (PID=44599) to work on /Users/tsimsek/airflow/dags/case4.py
[2025-06-10T16:43:23.491+0200] {processor.py:914} INFO - Processing file /Users/tsimsek/airflow/dags/case4.py for tasks to queue
[2025-06-10T16:43:23.491+0200] {logging_mixin.py:190} INFO - [2025-06-10T16:43:23.491+0200] {dagbag.py:588} INFO - Filling up the DagBag from /Users/tsimsek/airflow/dags/case4.py
[2025-06-10T16:43:23.887+0200] {processor.py:925} INFO - DAG(s) 'case4' retrieved from /Users/tsimsek/airflow/dags/case4.py
[2025-06-10T16:43:23.969+0200] {logging_mixin.py:190} INFO - [2025-06-10T16:43:23.969+0200] {dag.py:3239} INFO - Sync 1 DAGs
[2025-06-10T16:43:23.972+0200] {logging_mixin.py:190} INFO - [2025-06-10T16:43:23.972+0200] {dag.py:4180} INFO - Setting next_dagrun for case4 to None, run_after=None
[2025-06-10T16:43:23.982+0200] {processor.py:208} INFO - Processing /Users/tsimsek/airflow/dags/case4.py took 0.503 seconds
[2025-06-10T16:43:35.703+0200] {processor.py:186} INFO - Started process (PID=44641) to work on /Users/tsimsek/airflow/dags/case4.py
[2025-06-10T16:43:35.705+0200] {processor.py:914} INFO - Processing file /Users/tsimsek/airflow/dags/case4.py for tasks to queue
[2025-06-10T16:43:35.706+0200] {logging_mixin.py:190} INFO - [2025-06-10T16:43:35.706+0200] {dagbag.py:588} INFO - Filling up the DagBag from /Users/tsimsek/airflow/dags/case4.py
[2025-06-10T16:43:36.086+0200] {processor.py:925} INFO - DAG(s) 'case4' retrieved from /Users/tsimsek/airflow/dags/case4.py
[2025-06-10T16:43:36.163+0200] {logging_mixin.py:190} INFO - [2025-06-10T16:43:36.163+0200] {dag.py:3239} INFO - Sync 1 DAGs
[2025-06-10T16:43:36.167+0200] {logging_mixin.py:190} INFO - [2025-06-10T16:43:36.167+0200] {dag.py:4180} INFO - Setting next_dagrun for case4 to None, run_after=None
[2025-06-10T16:43:36.176+0200] {processor.py:208} INFO - Processing /Users/tsimsek/airflow/dags/case4.py took 0.481 seconds
[2025-06-10T16:44:05.156+0200] {processor.py:186} INFO - Started process (PID=44764) to work on /Users/tsimsek/airflow/dags/case4.py
[2025-06-10T16:44:05.158+0200] {processor.py:914} INFO - Processing file /Users/tsimsek/airflow/dags/case4.py for tasks to queue
[2025-06-10T16:44:05.158+0200] {logging_mixin.py:190} INFO - [2025-06-10T16:44:05.158+0200] {dagbag.py:588} INFO - Filling up the DagBag from /Users/tsimsek/airflow/dags/case4.py
[2025-06-10T16:44:05.576+0200] {processor.py:925} INFO - DAG(s) 'case4' retrieved from /Users/tsimsek/airflow/dags/case4.py
[2025-06-10T16:44:05.727+0200] {logging_mixin.py:190} INFO - [2025-06-10T16:44:05.727+0200] {dag.py:3239} INFO - Sync 1 DAGs
[2025-06-10T16:44:05.730+0200] {logging_mixin.py:190} INFO - [2025-06-10T16:44:05.730+0200] {dag.py:4180} INFO - Setting next_dagrun for case4 to None, run_after=None
[2025-06-10T16:44:05.742+0200] {processor.py:208} INFO - Processing /Users/tsimsek/airflow/dags/case4.py took 0.597 seconds
[2025-06-10T16:44:37.792+0200] {processor.py:186} INFO - Started process (PID=44864) to work on /Users/tsimsek/airflow/dags/case4.py
[2025-06-10T16:44:37.794+0200] {processor.py:914} INFO - Processing file /Users/tsimsek/airflow/dags/case4.py for tasks to queue
[2025-06-10T16:44:37.794+0200] {logging_mixin.py:190} INFO - [2025-06-10T16:44:37.794+0200] {dagbag.py:588} INFO - Filling up the DagBag from /Users/tsimsek/airflow/dags/case4.py
[2025-06-10T16:44:38.140+0200] {processor.py:925} INFO - DAG(s) 'case4' retrieved from /Users/tsimsek/airflow/dags/case4.py
[2025-06-10T16:44:38.221+0200] {logging_mixin.py:190} INFO - [2025-06-10T16:44:38.221+0200] {dag.py:3239} INFO - Sync 1 DAGs
[2025-06-10T16:44:38.225+0200] {logging_mixin.py:190} INFO - [2025-06-10T16:44:38.225+0200] {dag.py:4180} INFO - Setting next_dagrun for case4 to None, run_after=None
[2025-06-10T16:44:38.234+0200] {processor.py:208} INFO - Processing /Users/tsimsek/airflow/dags/case4.py took 0.451 seconds
[2025-06-10T16:45:11.264+0200] {processor.py:186} INFO - Started process (PID=45089) to work on /Users/tsimsek/airflow/dags/case4.py
[2025-06-10T16:45:11.266+0200] {processor.py:914} INFO - Processing file /Users/tsimsek/airflow/dags/case4.py for tasks to queue
[2025-06-10T16:45:11.266+0200] {logging_mixin.py:190} INFO - [2025-06-10T16:45:11.266+0200] {dagbag.py:588} INFO - Filling up the DagBag from /Users/tsimsek/airflow/dags/case4.py
[2025-06-10T16:45:11.620+0200] {processor.py:925} INFO - DAG(s) 'case4' retrieved from /Users/tsimsek/airflow/dags/case4.py
[2025-06-10T16:45:11.697+0200] {logging_mixin.py:190} INFO - [2025-06-10T16:45:11.697+0200] {dag.py:3239} INFO - Sync 1 DAGs
[2025-06-10T16:45:11.701+0200] {logging_mixin.py:190} INFO - [2025-06-10T16:45:11.701+0200] {dag.py:4180} INFO - Setting next_dagrun for case4 to None, run_after=None
[2025-06-10T16:45:11.708+0200] {processor.py:208} INFO - Processing /Users/tsimsek/airflow/dags/case4.py took 0.452 seconds
[2025-06-10T16:45:42.793+0200] {processor.py:186} INFO - Started process (PID=45218) to work on /Users/tsimsek/airflow/dags/case4.py
[2025-06-10T16:45:42.795+0200] {processor.py:914} INFO - Processing file /Users/tsimsek/airflow/dags/case4.py for tasks to queue
[2025-06-10T16:45:42.795+0200] {logging_mixin.py:190} INFO - [2025-06-10T16:45:42.795+0200] {dagbag.py:588} INFO - Filling up the DagBag from /Users/tsimsek/airflow/dags/case4.py
[2025-06-10T16:45:43.219+0200] {processor.py:925} INFO - DAG(s) 'case4' retrieved from /Users/tsimsek/airflow/dags/case4.py
[2025-06-10T16:45:43.298+0200] {logging_mixin.py:190} INFO - [2025-06-10T16:45:43.298+0200] {dag.py:3239} INFO - Sync 1 DAGs
[2025-06-10T16:45:43.301+0200] {logging_mixin.py:190} INFO - [2025-06-10T16:45:43.301+0200] {dag.py:4180} INFO - Setting next_dagrun for case4 to None, run_after=None
[2025-06-10T16:45:43.309+0200] {processor.py:208} INFO - Processing /Users/tsimsek/airflow/dags/case4.py took 0.525 seconds
[2025-06-10T16:46:15.075+0200] {processor.py:186} INFO - Started process (PID=45318) to work on /Users/tsimsek/airflow/dags/case4.py
[2025-06-10T16:46:15.078+0200] {processor.py:914} INFO - Processing file /Users/tsimsek/airflow/dags/case4.py for tasks to queue
[2025-06-10T16:46:15.078+0200] {logging_mixin.py:190} INFO - [2025-06-10T16:46:15.078+0200] {dagbag.py:588} INFO - Filling up the DagBag from /Users/tsimsek/airflow/dags/case4.py
[2025-06-10T16:46:15.498+0200] {processor.py:925} INFO - DAG(s) 'case4' retrieved from /Users/tsimsek/airflow/dags/case4.py
[2025-06-10T16:46:15.578+0200] {logging_mixin.py:190} INFO - [2025-06-10T16:46:15.578+0200] {dag.py:3239} INFO - Sync 1 DAGs
[2025-06-10T16:46:15.582+0200] {logging_mixin.py:190} INFO - [2025-06-10T16:46:15.581+0200] {dag.py:4180} INFO - Setting next_dagrun for case4 to None, run_after=None
[2025-06-10T16:46:15.590+0200] {processor.py:208} INFO - Processing /Users/tsimsek/airflow/dags/case4.py took 0.525 seconds
[2025-06-10T16:46:51.450+0200] {processor.py:186} INFO - Started process (PID=46098) to work on /Users/tsimsek/airflow/dags/case4.py
[2025-06-10T16:46:51.453+0200] {processor.py:914} INFO - Processing file /Users/tsimsek/airflow/dags/case4.py for tasks to queue
[2025-06-10T16:46:51.453+0200] {logging_mixin.py:190} INFO - [2025-06-10T16:46:51.453+0200] {dagbag.py:588} INFO - Filling up the DagBag from /Users/tsimsek/airflow/dags/case4.py
[2025-06-10T16:46:51.975+0200] {processor.py:925} INFO - DAG(s) 'case4' retrieved from /Users/tsimsek/airflow/dags/case4.py
[2025-06-10T16:46:52.114+0200] {logging_mixin.py:190} INFO - [2025-06-10T16:46:52.114+0200] {dag.py:3239} INFO - Sync 1 DAGs
[2025-06-10T16:46:52.119+0200] {logging_mixin.py:190} INFO - [2025-06-10T16:46:52.119+0200] {dag.py:4180} INFO - Setting next_dagrun for case4 to None, run_after=None
[2025-06-10T16:46:52.127+0200] {processor.py:208} INFO - Processing /Users/tsimsek/airflow/dags/case4.py took 0.686 seconds
[2025-06-10T16:47:23.564+0200] {processor.py:186} INFO - Started process (PID=46319) to work on /Users/tsimsek/airflow/dags/case4.py
[2025-06-10T16:47:23.566+0200] {processor.py:914} INFO - Processing file /Users/tsimsek/airflow/dags/case4.py for tasks to queue
[2025-06-10T16:47:23.566+0200] {logging_mixin.py:190} INFO - [2025-06-10T16:47:23.566+0200] {dagbag.py:588} INFO - Filling up the DagBag from /Users/tsimsek/airflow/dags/case4.py
[2025-06-10T16:47:23.930+0200] {processor.py:925} INFO - DAG(s) 'case4' retrieved from /Users/tsimsek/airflow/dags/case4.py
[2025-06-10T16:47:24.006+0200] {logging_mixin.py:190} INFO - [2025-06-10T16:47:24.006+0200] {dag.py:3239} INFO - Sync 1 DAGs
[2025-06-10T16:47:24.010+0200] {logging_mixin.py:190} INFO - [2025-06-10T16:47:24.010+0200] {dag.py:4180} INFO - Setting next_dagrun for case4 to None, run_after=None
[2025-06-10T16:47:24.017+0200] {processor.py:208} INFO - Processing /Users/tsimsek/airflow/dags/case4.py took 0.461 seconds
[2025-06-10T16:47:55.333+0200] {processor.py:186} INFO - Started process (PID=46397) to work on /Users/tsimsek/airflow/dags/case4.py
[2025-06-10T16:47:55.335+0200] {processor.py:914} INFO - Processing file /Users/tsimsek/airflow/dags/case4.py for tasks to queue
[2025-06-10T16:47:55.335+0200] {logging_mixin.py:190} INFO - [2025-06-10T16:47:55.335+0200] {dagbag.py:588} INFO - Filling up the DagBag from /Users/tsimsek/airflow/dags/case4.py
[2025-06-10T16:47:55.767+0200] {processor.py:925} INFO - DAG(s) 'case4' retrieved from /Users/tsimsek/airflow/dags/case4.py
[2025-06-10T16:47:55.847+0200] {logging_mixin.py:190} INFO - [2025-06-10T16:47:55.847+0200] {dag.py:3239} INFO - Sync 1 DAGs
[2025-06-10T16:47:55.851+0200] {logging_mixin.py:190} INFO - [2025-06-10T16:47:55.851+0200] {dag.py:4180} INFO - Setting next_dagrun for case4 to None, run_after=None
[2025-06-10T16:47:55.860+0200] {processor.py:208} INFO - Processing /Users/tsimsek/airflow/dags/case4.py took 0.535 seconds
[2025-06-10T16:48:38.920+0200] {processor.py:186} INFO - Started process (PID=46664) to work on /Users/tsimsek/airflow/dags/case4.py
[2025-06-10T16:48:38.922+0200] {processor.py:914} INFO - Processing file /Users/tsimsek/airflow/dags/case4.py for tasks to queue
[2025-06-10T16:48:38.922+0200] {logging_mixin.py:190} INFO - [2025-06-10T16:48:38.922+0200] {dagbag.py:588} INFO - Filling up the DagBag from /Users/tsimsek/airflow/dags/case4.py
[2025-06-10T16:48:39.277+0200] {processor.py:925} INFO - DAG(s) 'case4' retrieved from /Users/tsimsek/airflow/dags/case4.py
[2025-06-10T16:48:39.856+0200] {logging_mixin.py:190} INFO - [2025-06-10T16:48:39.856+0200] {dag.py:3239} INFO - Sync 1 DAGs
[2025-06-10T16:48:39.862+0200] {logging_mixin.py:190} INFO - [2025-06-10T16:48:39.862+0200] {dag.py:4180} INFO - Setting next_dagrun for case4 to None, run_after=None
[2025-06-10T16:48:39.873+0200] {processor.py:208} INFO - Processing /Users/tsimsek/airflow/dags/case4.py took 0.960 seconds
[2025-06-10T16:49:11.136+0200] {processor.py:186} INFO - Started process (PID=46829) to work on /Users/tsimsek/airflow/dags/case4.py
[2025-06-10T16:49:11.138+0200] {processor.py:914} INFO - Processing file /Users/tsimsek/airflow/dags/case4.py for tasks to queue
[2025-06-10T16:49:11.138+0200] {logging_mixin.py:190} INFO - [2025-06-10T16:49:11.138+0200] {dagbag.py:588} INFO - Filling up the DagBag from /Users/tsimsek/airflow/dags/case4.py
[2025-06-10T16:49:11.583+0200] {processor.py:925} INFO - DAG(s) 'case4' retrieved from /Users/tsimsek/airflow/dags/case4.py
[2025-06-10T16:49:11.665+0200] {logging_mixin.py:190} INFO - [2025-06-10T16:49:11.665+0200] {dag.py:3239} INFO - Sync 1 DAGs
[2025-06-10T16:49:11.669+0200] {logging_mixin.py:190} INFO - [2025-06-10T16:49:11.669+0200] {dag.py:4180} INFO - Setting next_dagrun for case4 to None, run_after=None
[2025-06-10T16:49:11.677+0200] {processor.py:208} INFO - Processing /Users/tsimsek/airflow/dags/case4.py took 0.552 seconds
[2025-06-10T16:49:43.206+0200] {processor.py:186} INFO - Started process (PID=46908) to work on /Users/tsimsek/airflow/dags/case4.py
[2025-06-10T16:49:43.208+0200] {processor.py:914} INFO - Processing file /Users/tsimsek/airflow/dags/case4.py for tasks to queue
[2025-06-10T16:49:43.208+0200] {logging_mixin.py:190} INFO - [2025-06-10T16:49:43.208+0200] {dagbag.py:588} INFO - Filling up the DagBag from /Users/tsimsek/airflow/dags/case4.py
[2025-06-10T16:49:43.687+0200] {processor.py:925} INFO - DAG(s) 'case4' retrieved from /Users/tsimsek/airflow/dags/case4.py
[2025-06-10T16:49:43.768+0200] {logging_mixin.py:190} INFO - [2025-06-10T16:49:43.768+0200] {dag.py:3239} INFO - Sync 1 DAGs
[2025-06-10T16:49:43.772+0200] {logging_mixin.py:190} INFO - [2025-06-10T16:49:43.772+0200] {dag.py:4180} INFO - Setting next_dagrun for case4 to None, run_after=None
[2025-06-10T16:49:43.780+0200] {processor.py:208} INFO - Processing /Users/tsimsek/airflow/dags/case4.py took 0.580 seconds
[2025-06-10T16:50:15.338+0200] {processor.py:186} INFO - Started process (PID=47001) to work on /Users/tsimsek/airflow/dags/case4.py
[2025-06-10T16:50:15.340+0200] {processor.py:914} INFO - Processing file /Users/tsimsek/airflow/dags/case4.py for tasks to queue
[2025-06-10T16:50:15.341+0200] {logging_mixin.py:190} INFO - [2025-06-10T16:50:15.341+0200] {dagbag.py:588} INFO - Filling up the DagBag from /Users/tsimsek/airflow/dags/case4.py
[2025-06-10T16:50:15.736+0200] {processor.py:925} INFO - DAG(s) 'case4' retrieved from /Users/tsimsek/airflow/dags/case4.py
[2025-06-10T16:50:15.811+0200] {logging_mixin.py:190} INFO - [2025-06-10T16:50:15.811+0200] {dag.py:3239} INFO - Sync 1 DAGs
[2025-06-10T16:50:15.815+0200] {logging_mixin.py:190} INFO - [2025-06-10T16:50:15.815+0200] {dag.py:4180} INFO - Setting next_dagrun for case4 to None, run_after=None
[2025-06-10T16:50:15.821+0200] {processor.py:208} INFO - Processing /Users/tsimsek/airflow/dags/case4.py took 0.492 seconds
[2025-06-10T16:50:47.090+0200] {processor.py:186} INFO - Started process (PID=47080) to work on /Users/tsimsek/airflow/dags/case4.py
[2025-06-10T16:50:47.092+0200] {processor.py:914} INFO - Processing file /Users/tsimsek/airflow/dags/case4.py for tasks to queue
[2025-06-10T16:50:47.093+0200] {logging_mixin.py:190} INFO - [2025-06-10T16:50:47.093+0200] {dagbag.py:588} INFO - Filling up the DagBag from /Users/tsimsek/airflow/dags/case4.py
[2025-06-10T16:50:47.436+0200] {processor.py:925} INFO - DAG(s) 'case4' retrieved from /Users/tsimsek/airflow/dags/case4.py
[2025-06-10T16:50:47.512+0200] {logging_mixin.py:190} INFO - [2025-06-10T16:50:47.512+0200] {dag.py:3239} INFO - Sync 1 DAGs
[2025-06-10T16:50:47.515+0200] {logging_mixin.py:190} INFO - [2025-06-10T16:50:47.515+0200] {dag.py:4180} INFO - Setting next_dagrun for case4 to None, run_after=None
[2025-06-10T16:50:47.523+0200] {processor.py:208} INFO - Processing /Users/tsimsek/airflow/dags/case4.py took 0.443 seconds
[2025-06-10T16:51:18.977+0200] {processor.py:186} INFO - Started process (PID=47183) to work on /Users/tsimsek/airflow/dags/case4.py
[2025-06-10T16:51:18.979+0200] {processor.py:914} INFO - Processing file /Users/tsimsek/airflow/dags/case4.py for tasks to queue
[2025-06-10T16:51:18.979+0200] {logging_mixin.py:190} INFO - [2025-06-10T16:51:18.979+0200] {dagbag.py:588} INFO - Filling up the DagBag from /Users/tsimsek/airflow/dags/case4.py
[2025-06-10T16:51:19.442+0200] {processor.py:925} INFO - DAG(s) 'case4' retrieved from /Users/tsimsek/airflow/dags/case4.py
[2025-06-10T16:51:19.522+0200] {logging_mixin.py:190} INFO - [2025-06-10T16:51:19.522+0200] {dag.py:3239} INFO - Sync 1 DAGs
[2025-06-10T16:51:19.526+0200] {logging_mixin.py:190} INFO - [2025-06-10T16:51:19.526+0200] {dag.py:4180} INFO - Setting next_dagrun for case4 to None, run_after=None
[2025-06-10T16:51:19.534+0200] {processor.py:208} INFO - Processing /Users/tsimsek/airflow/dags/case4.py took 0.567 seconds
