[2025-06-10T15:17:01.633+0200] {processor.py:186} INFO - Started process (PID=24785) to work on /Users/tsimsek/airflow/dags/case2.py
[2025-06-10T15:17:01.634+0200] {processor.py:914} INFO - Processing file /Users/tsimsek/airflow/dags/case2.py for tasks to queue
[2025-06-10T15:17:01.635+0200] {logging_mixin.py:190} INFO - [2025-06-10T15:17:01.635+0200] {dagbag.py:588} INFO - Filling up the DagBag from /Users/tsimsek/airflow/dags/case2.py
[2025-06-10T15:17:02.039+0200] {processor.py:925} INFO - DAG(s) 'case2' retrieved from /Users/tsimsek/airflow/dags/case2.py
[2025-06-10T15:17:02.177+0200] {logging_mixin.py:190} INFO - [2025-06-10T15:17:02.177+0200] {override.py:1930} INFO - Created Permission View: can delete on DAG:case2
[2025-06-10T15:17:02.183+0200] {logging_mixin.py:190} INFO - [2025-06-10T15:17:02.183+0200] {override.py:1930} INFO - Created Permission View: can edit on DAG:case2
[2025-06-10T15:17:02.188+0200] {logging_mixin.py:190} INFO - [2025-06-10T15:17:02.188+0200] {override.py:1930} INFO - Created Permission View: can read on DAG:case2
[2025-06-10T15:17:02.196+0200] {logging_mixin.py:190} INFO - [2025-06-10T15:17:02.196+0200] {override.py:1930} INFO - Created Permission View: can delete on DAG Run:case2
[2025-06-10T15:17:02.200+0200] {logging_mixin.py:190} INFO - [2025-06-10T15:17:02.200+0200] {override.py:1930} INFO - Created Permission View: can create on DAG Run:case2
[2025-06-10T15:17:02.205+0200] {logging_mixin.py:190} INFO - [2025-06-10T15:17:02.205+0200] {override.py:1930} INFO - Created Permission View: can read on DAG Run:case2
[2025-06-10T15:17:02.209+0200] {logging_mixin.py:190} INFO - [2025-06-10T15:17:02.208+0200] {override.py:1930} INFO - Created Permission View: menu access on DAG Run:case2
[2025-06-10T15:17:02.209+0200] {logging_mixin.py:190} INFO - [2025-06-10T15:17:02.209+0200] {dag.py:3239} INFO - Sync 1 DAGs
[2025-06-10T15:17:02.214+0200] {logging_mixin.py:190} INFO - [2025-06-10T15:17:02.214+0200] {dag.py:3262} INFO - Creating ORM DAG for case2
[2025-06-10T15:17:02.217+0200] {logging_mixin.py:190} INFO - [2025-06-10T15:17:02.217+0200] {dag.py:4180} INFO - Setting next_dagrun for case2 to 2025-06-09 00:00:00+00:00, run_after=2025-06-10 00:00:00+00:00
[2025-06-10T15:17:02.224+0200] {processor.py:208} INFO - Processing /Users/tsimsek/airflow/dags/case2.py took 0.600 seconds
[2025-06-10T15:18:49.645+0200] {processor.py:186} INFO - Started process (PID=25225) to work on /Users/tsimsek/airflow/dags/case2.py
[2025-06-10T15:18:49.647+0200] {processor.py:914} INFO - Processing file /Users/tsimsek/airflow/dags/case2.py for tasks to queue
[2025-06-10T15:18:49.647+0200] {logging_mixin.py:190} INFO - [2025-06-10T15:18:49.647+0200] {dagbag.py:588} INFO - Filling up the DagBag from /Users/tsimsek/airflow/dags/case2.py
[2025-06-10T15:18:49.984+0200] {processor.py:925} INFO - DAG(s) 'case2' retrieved from /Users/tsimsek/airflow/dags/case2.py
[2025-06-10T15:18:50.064+0200] {logging_mixin.py:190} INFO - [2025-06-10T15:18:50.064+0200] {dag.py:3239} INFO - Sync 1 DAGs
[2025-06-10T15:18:50.071+0200] {logging_mixin.py:190} INFO - [2025-06-10T15:18:50.070+0200] {dag.py:4180} INFO - Setting next_dagrun for case2 to 2025-06-10 00:00:00+00:00, run_after=2025-06-11 00:00:00+00:00
[2025-06-10T15:18:50.078+0200] {processor.py:208} INFO - Processing /Users/tsimsek/airflow/dags/case2.py took 0.443 seconds
[2025-06-10T15:22:36.234+0200] {processor.py:186} INFO - Started process (PID=26807) to work on /Users/tsimsek/airflow/dags/case2.py
[2025-06-10T15:22:36.236+0200] {processor.py:914} INFO - Processing file /Users/tsimsek/airflow/dags/case2.py for tasks to queue
[2025-06-10T15:22:36.236+0200] {logging_mixin.py:190} INFO - [2025-06-10T15:22:36.236+0200] {dagbag.py:588} INFO - Filling up the DagBag from /Users/tsimsek/airflow/dags/case2.py
[2025-06-10T15:22:37.345+0200] {processor.py:925} INFO - DAG(s) 'case2' retrieved from /Users/tsimsek/airflow/dags/case2.py
[2025-06-10T15:22:37.435+0200] {logging_mixin.py:190} INFO - [2025-06-10T15:22:37.435+0200] {dag.py:3239} INFO - Sync 1 DAGs
[2025-06-10T15:22:37.442+0200] {logging_mixin.py:190} INFO - [2025-06-10T15:22:37.442+0200] {dag.py:4180} INFO - Setting next_dagrun for case2 to 2025-06-10 00:00:00+00:00, run_after=2025-06-11 00:00:00+00:00
[2025-06-10T15:22:37.449+0200] {processor.py:208} INFO - Processing /Users/tsimsek/airflow/dags/case2.py took 1.224 seconds
[2025-06-10T15:23:09.494+0200] {processor.py:186} INFO - Started process (PID=26945) to work on /Users/tsimsek/airflow/dags/case2.py
[2025-06-10T15:23:09.496+0200] {processor.py:914} INFO - Processing file /Users/tsimsek/airflow/dags/case2.py for tasks to queue
[2025-06-10T15:23:09.497+0200] {logging_mixin.py:190} INFO - [2025-06-10T15:23:09.497+0200] {dagbag.py:588} INFO - Filling up the DagBag from /Users/tsimsek/airflow/dags/case2.py
[2025-06-10T15:23:09.894+0200] {processor.py:925} INFO - DAG(s) 'case2' retrieved from /Users/tsimsek/airflow/dags/case2.py
[2025-06-10T15:23:09.973+0200] {logging_mixin.py:190} INFO - [2025-06-10T15:23:09.972+0200] {dag.py:3239} INFO - Sync 1 DAGs
[2025-06-10T15:23:09.979+0200] {logging_mixin.py:190} INFO - [2025-06-10T15:23:09.978+0200] {dag.py:4180} INFO - Setting next_dagrun for case2 to 2025-06-10 00:00:00+00:00, run_after=2025-06-11 00:00:00+00:00
[2025-06-10T15:23:09.987+0200] {processor.py:208} INFO - Processing /Users/tsimsek/airflow/dags/case2.py took 0.502 seconds
[2025-06-10T15:25:59.455+0200] {processor.py:186} INFO - Started process (PID=27499) to work on /Users/tsimsek/airflow/dags/case2.py
[2025-06-10T15:25:59.457+0200] {processor.py:914} INFO - Processing file /Users/tsimsek/airflow/dags/case2.py for tasks to queue
[2025-06-10T15:25:59.457+0200] {logging_mixin.py:190} INFO - [2025-06-10T15:25:59.457+0200] {dagbag.py:588} INFO - Filling up the DagBag from /Users/tsimsek/airflow/dags/case2.py
[2025-06-10T15:25:59.954+0200] {processor.py:925} INFO - DAG(s) 'case2' retrieved from /Users/tsimsek/airflow/dags/case2.py
[2025-06-10T15:26:00.031+0200] {logging_mixin.py:190} INFO - [2025-06-10T15:26:00.031+0200] {dag.py:3239} INFO - Sync 1 DAGs
[2025-06-10T15:26:00.038+0200] {logging_mixin.py:190} INFO - [2025-06-10T15:26:00.038+0200] {dag.py:4180} INFO - Setting next_dagrun for case2 to 2025-06-10 00:00:00+00:00, run_after=2025-06-11 00:00:00+00:00
[2025-06-10T15:26:00.046+0200] {processor.py:208} INFO - Processing /Users/tsimsek/airflow/dags/case2.py took 0.600 seconds
[2025-06-10T15:29:28.209+0200] {processor.py:186} INFO - Started process (PID=28270) to work on /Users/tsimsek/airflow/dags/case2.py
[2025-06-10T15:29:28.211+0200] {processor.py:914} INFO - Processing file /Users/tsimsek/airflow/dags/case2.py for tasks to queue
[2025-06-10T15:29:28.211+0200] {logging_mixin.py:190} INFO - [2025-06-10T15:29:28.211+0200] {dagbag.py:588} INFO - Filling up the DagBag from /Users/tsimsek/airflow/dags/case2.py
[2025-06-10T15:29:28.719+0200] {processor.py:925} INFO - DAG(s) 'case2' retrieved from /Users/tsimsek/airflow/dags/case2.py
[2025-06-10T15:29:28.801+0200] {logging_mixin.py:190} INFO - [2025-06-10T15:29:28.800+0200] {dag.py:3239} INFO - Sync 1 DAGs
[2025-06-10T15:29:28.807+0200] {logging_mixin.py:190} INFO - [2025-06-10T15:29:28.807+0200] {dag.py:4180} INFO - Setting next_dagrun for case2 to 2025-06-10 00:00:00+00:00, run_after=2025-06-11 00:00:00+00:00
[2025-06-10T15:29:28.815+0200] {processor.py:208} INFO - Processing /Users/tsimsek/airflow/dags/case2.py took 0.616 seconds
[2025-06-10T15:30:00.239+0200] {processor.py:186} INFO - Started process (PID=28368) to work on /Users/tsimsek/airflow/dags/case2.py
[2025-06-10T15:30:00.241+0200] {processor.py:914} INFO - Processing file /Users/tsimsek/airflow/dags/case2.py for tasks to queue
[2025-06-10T15:30:00.241+0200] {logging_mixin.py:190} INFO - [2025-06-10T15:30:00.241+0200] {dagbag.py:588} INFO - Filling up the DagBag from /Users/tsimsek/airflow/dags/case2.py
[2025-06-10T15:30:00.595+0200] {processor.py:925} INFO - DAG(s) 'case2' retrieved from /Users/tsimsek/airflow/dags/case2.py
[2025-06-10T15:30:00.669+0200] {logging_mixin.py:190} INFO - [2025-06-10T15:30:00.669+0200] {dag.py:3239} INFO - Sync 1 DAGs
[2025-06-10T15:30:00.675+0200] {logging_mixin.py:190} INFO - [2025-06-10T15:30:00.675+0200] {dag.py:4180} INFO - Setting next_dagrun for case2 to 2025-06-10 00:00:00+00:00, run_after=2025-06-11 00:00:00+00:00
[2025-06-10T15:30:00.682+0200] {processor.py:208} INFO - Processing /Users/tsimsek/airflow/dags/case2.py took 0.450 seconds
[2025-06-10T15:30:32.091+0200] {processor.py:186} INFO - Started process (PID=28460) to work on /Users/tsimsek/airflow/dags/case2.py
[2025-06-10T15:30:32.093+0200] {processor.py:914} INFO - Processing file /Users/tsimsek/airflow/dags/case2.py for tasks to queue
[2025-06-10T15:30:32.094+0200] {logging_mixin.py:190} INFO - [2025-06-10T15:30:32.094+0200] {dagbag.py:588} INFO - Filling up the DagBag from /Users/tsimsek/airflow/dags/case2.py
[2025-06-10T15:30:32.605+0200] {processor.py:925} INFO - DAG(s) 'case2' retrieved from /Users/tsimsek/airflow/dags/case2.py
[2025-06-10T15:30:32.685+0200] {logging_mixin.py:190} INFO - [2025-06-10T15:30:32.685+0200] {dag.py:3239} INFO - Sync 1 DAGs
[2025-06-10T15:30:32.691+0200] {logging_mixin.py:190} INFO - [2025-06-10T15:30:32.691+0200] {dag.py:4180} INFO - Setting next_dagrun for case2 to 2025-06-10 00:00:00+00:00, run_after=2025-06-11 00:00:00+00:00
[2025-06-10T15:30:32.701+0200] {processor.py:208} INFO - Processing /Users/tsimsek/airflow/dags/case2.py took 0.617 seconds
[2025-06-10T15:30:34.767+0200] {processor.py:186} INFO - Started process (PID=28469) to work on /Users/tsimsek/airflow/dags/case2.py
[2025-06-10T15:30:34.769+0200] {processor.py:914} INFO - Processing file /Users/tsimsek/airflow/dags/case2.py for tasks to queue
[2025-06-10T15:30:34.769+0200] {logging_mixin.py:190} INFO - [2025-06-10T15:30:34.769+0200] {dagbag.py:588} INFO - Filling up the DagBag from /Users/tsimsek/airflow/dags/case2.py
[2025-06-10T15:30:35.154+0200] {processor.py:925} INFO - DAG(s) 'case2' retrieved from /Users/tsimsek/airflow/dags/case2.py
[2025-06-10T15:30:35.288+0200] {logging_mixin.py:190} INFO - [2025-06-10T15:30:35.287+0200] {dag.py:3239} INFO - Sync 1 DAGs
[2025-06-10T15:30:35.293+0200] {logging_mixin.py:190} INFO - [2025-06-10T15:30:35.293+0200] {dag.py:4180} INFO - Setting next_dagrun for case2 to 2025-06-10 00:00:00+00:00, run_after=2025-06-11 00:00:00+00:00
[2025-06-10T15:30:35.303+0200] {processor.py:208} INFO - Processing /Users/tsimsek/airflow/dags/case2.py took 0.544 seconds
[2025-06-10T15:31:06.593+0200] {processor.py:186} INFO - Started process (PID=28554) to work on /Users/tsimsek/airflow/dags/case2.py
[2025-06-10T15:31:06.595+0200] {processor.py:914} INFO - Processing file /Users/tsimsek/airflow/dags/case2.py for tasks to queue
[2025-06-10T15:31:06.595+0200] {logging_mixin.py:190} INFO - [2025-06-10T15:31:06.595+0200] {dagbag.py:588} INFO - Filling up the DagBag from /Users/tsimsek/airflow/dags/case2.py
[2025-06-10T15:31:07.001+0200] {processor.py:925} INFO - DAG(s) 'case2' retrieved from /Users/tsimsek/airflow/dags/case2.py
[2025-06-10T15:31:07.078+0200] {logging_mixin.py:190} INFO - [2025-06-10T15:31:07.078+0200] {dag.py:3239} INFO - Sync 1 DAGs
[2025-06-10T15:31:07.084+0200] {logging_mixin.py:190} INFO - [2025-06-10T15:31:07.084+0200] {dag.py:4180} INFO - Setting next_dagrun for case2 to 2025-06-10 00:00:00+00:00, run_after=2025-06-11 00:00:00+00:00
[2025-06-10T15:31:07.092+0200] {processor.py:208} INFO - Processing /Users/tsimsek/airflow/dags/case2.py took 0.509 seconds
[2025-06-10T15:31:38.360+0200] {processor.py:186} INFO - Started process (PID=28648) to work on /Users/tsimsek/airflow/dags/case2.py
[2025-06-10T15:31:38.362+0200] {processor.py:914} INFO - Processing file /Users/tsimsek/airflow/dags/case2.py for tasks to queue
[2025-06-10T15:31:38.362+0200] {logging_mixin.py:190} INFO - [2025-06-10T15:31:38.362+0200] {dagbag.py:588} INFO - Filling up the DagBag from /Users/tsimsek/airflow/dags/case2.py
[2025-06-10T15:31:38.854+0200] {processor.py:925} INFO - DAG(s) 'case2' retrieved from /Users/tsimsek/airflow/dags/case2.py
[2025-06-10T15:31:38.934+0200] {logging_mixin.py:190} INFO - [2025-06-10T15:31:38.934+0200] {dag.py:3239} INFO - Sync 1 DAGs
[2025-06-10T15:31:38.940+0200] {logging_mixin.py:190} INFO - [2025-06-10T15:31:38.940+0200] {dag.py:4180} INFO - Setting next_dagrun for case2 to 2025-06-10 00:00:00+00:00, run_after=2025-06-11 00:00:00+00:00
[2025-06-10T15:31:38.949+0200] {processor.py:208} INFO - Processing /Users/tsimsek/airflow/dags/case2.py took 0.600 seconds
[2025-06-10T15:32:10.085+0200] {processor.py:186} INFO - Started process (PID=28720) to work on /Users/tsimsek/airflow/dags/case2.py
[2025-06-10T15:32:10.087+0200] {processor.py:914} INFO - Processing file /Users/tsimsek/airflow/dags/case2.py for tasks to queue
[2025-06-10T15:32:10.088+0200] {logging_mixin.py:190} INFO - [2025-06-10T15:32:10.087+0200] {dagbag.py:588} INFO - Filling up the DagBag from /Users/tsimsek/airflow/dags/case2.py
[2025-06-10T15:32:10.506+0200] {processor.py:925} INFO - DAG(s) 'case2' retrieved from /Users/tsimsek/airflow/dags/case2.py
[2025-06-10T15:32:10.585+0200] {logging_mixin.py:190} INFO - [2025-06-10T15:32:10.584+0200] {dag.py:3239} INFO - Sync 1 DAGs
[2025-06-10T15:32:10.591+0200] {logging_mixin.py:190} INFO - [2025-06-10T15:32:10.590+0200] {dag.py:4180} INFO - Setting next_dagrun for case2 to 2025-06-10 00:00:00+00:00, run_after=2025-06-11 00:00:00+00:00
[2025-06-10T15:32:10.599+0200] {processor.py:208} INFO - Processing /Users/tsimsek/airflow/dags/case2.py took 0.524 seconds
[2025-06-10T15:32:41.888+0200] {processor.py:186} INFO - Started process (PID=28818) to work on /Users/tsimsek/airflow/dags/case2.py
[2025-06-10T15:32:41.890+0200] {processor.py:914} INFO - Processing file /Users/tsimsek/airflow/dags/case2.py for tasks to queue
[2025-06-10T15:32:41.890+0200] {logging_mixin.py:190} INFO - [2025-06-10T15:32:41.890+0200] {dagbag.py:588} INFO - Filling up the DagBag from /Users/tsimsek/airflow/dags/case2.py
[2025-06-10T15:32:42.242+0200] {processor.py:925} INFO - DAG(s) 'case2' retrieved from /Users/tsimsek/airflow/dags/case2.py
[2025-06-10T15:32:42.318+0200] {logging_mixin.py:190} INFO - [2025-06-10T15:32:42.317+0200] {dag.py:3239} INFO - Sync 1 DAGs
[2025-06-10T15:32:42.323+0200] {logging_mixin.py:190} INFO - [2025-06-10T15:32:42.323+0200] {dag.py:4180} INFO - Setting next_dagrun for case2 to 2025-06-10 00:00:00+00:00, run_after=2025-06-11 00:00:00+00:00
[2025-06-10T15:32:42.331+0200] {processor.py:208} INFO - Processing /Users/tsimsek/airflow/dags/case2.py took 0.451 seconds
[2025-06-10T15:33:13.563+0200] {processor.py:186} INFO - Started process (PID=28916) to work on /Users/tsimsek/airflow/dags/case2.py
[2025-06-10T15:33:13.565+0200] {processor.py:914} INFO - Processing file /Users/tsimsek/airflow/dags/case2.py for tasks to queue
[2025-06-10T15:33:13.565+0200] {logging_mixin.py:190} INFO - [2025-06-10T15:33:13.565+0200] {dagbag.py:588} INFO - Filling up the DagBag from /Users/tsimsek/airflow/dags/case2.py
[2025-06-10T15:33:13.927+0200] {processor.py:925} INFO - DAG(s) 'case2' retrieved from /Users/tsimsek/airflow/dags/case2.py
[2025-06-10T15:33:14.007+0200] {logging_mixin.py:190} INFO - [2025-06-10T15:33:14.007+0200] {dag.py:3239} INFO - Sync 1 DAGs
[2025-06-10T15:33:14.013+0200] {logging_mixin.py:190} INFO - [2025-06-10T15:33:14.013+0200] {dag.py:4180} INFO - Setting next_dagrun for case2 to 2025-06-10 00:00:00+00:00, run_after=2025-06-11 00:00:00+00:00
[2025-06-10T15:33:14.022+0200] {processor.py:208} INFO - Processing /Users/tsimsek/airflow/dags/case2.py took 0.467 seconds
[2025-06-10T15:33:45.096+0200] {processor.py:186} INFO - Started process (PID=28984) to work on /Users/tsimsek/airflow/dags/case2.py
[2025-06-10T15:33:45.098+0200] {processor.py:914} INFO - Processing file /Users/tsimsek/airflow/dags/case2.py for tasks to queue
[2025-06-10T15:33:45.098+0200] {logging_mixin.py:190} INFO - [2025-06-10T15:33:45.098+0200] {dagbag.py:588} INFO - Filling up the DagBag from /Users/tsimsek/airflow/dags/case2.py
[2025-06-10T15:33:45.412+0200] {processor.py:925} INFO - DAG(s) 'case2' retrieved from /Users/tsimsek/airflow/dags/case2.py
[2025-06-10T15:33:45.488+0200] {logging_mixin.py:190} INFO - [2025-06-10T15:33:45.488+0200] {dag.py:3239} INFO - Sync 1 DAGs
[2025-06-10T15:33:45.494+0200] {logging_mixin.py:190} INFO - [2025-06-10T15:33:45.494+0200] {dag.py:4180} INFO - Setting next_dagrun for case2 to 2025-06-10 00:00:00+00:00, run_after=2025-06-11 00:00:00+00:00
[2025-06-10T15:33:45.501+0200] {processor.py:208} INFO - Processing /Users/tsimsek/airflow/dags/case2.py took 0.413 seconds
[2025-06-10T15:34:16.774+0200] {processor.py:186} INFO - Started process (PID=29098) to work on /Users/tsimsek/airflow/dags/case2.py
[2025-06-10T15:34:16.776+0200] {processor.py:914} INFO - Processing file /Users/tsimsek/airflow/dags/case2.py for tasks to queue
[2025-06-10T15:34:16.776+0200] {logging_mixin.py:190} INFO - [2025-06-10T15:34:16.776+0200] {dagbag.py:588} INFO - Filling up the DagBag from /Users/tsimsek/airflow/dags/case2.py
[2025-06-10T15:34:17.201+0200] {processor.py:925} INFO - DAG(s) 'case2' retrieved from /Users/tsimsek/airflow/dags/case2.py
[2025-06-10T15:34:17.289+0200] {logging_mixin.py:190} INFO - [2025-06-10T15:34:17.289+0200] {dag.py:3239} INFO - Sync 1 DAGs
[2025-06-10T15:34:17.296+0200] {logging_mixin.py:190} INFO - [2025-06-10T15:34:17.296+0200] {dag.py:4180} INFO - Setting next_dagrun for case2 to 2025-06-10 00:00:00+00:00, run_after=2025-06-11 00:00:00+00:00
[2025-06-10T15:34:17.306+0200] {processor.py:208} INFO - Processing /Users/tsimsek/airflow/dags/case2.py took 0.538 seconds
[2025-06-10T15:34:48.642+0200] {processor.py:186} INFO - Started process (PID=29172) to work on /Users/tsimsek/airflow/dags/case2.py
[2025-06-10T15:34:48.644+0200] {processor.py:914} INFO - Processing file /Users/tsimsek/airflow/dags/case2.py for tasks to queue
[2025-06-10T15:34:48.644+0200] {logging_mixin.py:190} INFO - [2025-06-10T15:34:48.644+0200] {dagbag.py:588} INFO - Filling up the DagBag from /Users/tsimsek/airflow/dags/case2.py
[2025-06-10T15:34:48.964+0200] {processor.py:925} INFO - DAG(s) 'case2' retrieved from /Users/tsimsek/airflow/dags/case2.py
[2025-06-10T15:34:49.039+0200] {logging_mixin.py:190} INFO - [2025-06-10T15:34:49.039+0200] {dag.py:3239} INFO - Sync 1 DAGs
[2025-06-10T15:34:49.045+0200] {logging_mixin.py:190} INFO - [2025-06-10T15:34:49.045+0200] {dag.py:4180} INFO - Setting next_dagrun for case2 to 2025-06-10 00:00:00+00:00, run_after=2025-06-11 00:00:00+00:00
[2025-06-10T15:34:49.053+0200] {processor.py:208} INFO - Processing /Users/tsimsek/airflow/dags/case2.py took 0.418 seconds
[2025-06-10T15:35:29.443+0200] {processor.py:186} INFO - Started process (PID=29418) to work on /Users/tsimsek/airflow/dags/case2.py
[2025-06-10T15:35:29.445+0200] {processor.py:914} INFO - Processing file /Users/tsimsek/airflow/dags/case2.py for tasks to queue
[2025-06-10T15:35:29.446+0200] {logging_mixin.py:190} INFO - [2025-06-10T15:35:29.446+0200] {dagbag.py:588} INFO - Filling up the DagBag from /Users/tsimsek/airflow/dags/case2.py
[2025-06-10T15:35:29.771+0200] {processor.py:925} INFO - DAG(s) 'case2' retrieved from /Users/tsimsek/airflow/dags/case2.py
[2025-06-10T15:35:29.906+0200] {logging_mixin.py:190} INFO - [2025-06-10T15:35:29.906+0200] {dag.py:3239} INFO - Sync 1 DAGs
[2025-06-10T15:35:29.912+0200] {logging_mixin.py:190} INFO - [2025-06-10T15:35:29.912+0200] {dag.py:4180} INFO - Setting next_dagrun for case2 to 2025-06-10 00:00:00+00:00, run_after=2025-06-11 00:00:00+00:00
[2025-06-10T15:35:29.922+0200] {processor.py:208} INFO - Processing /Users/tsimsek/airflow/dags/case2.py took 0.488 seconds
[2025-06-10T15:36:01.860+0200] {processor.py:186} INFO - Started process (PID=29568) to work on /Users/tsimsek/airflow/dags/case2.py
[2025-06-10T15:36:01.862+0200] {processor.py:914} INFO - Processing file /Users/tsimsek/airflow/dags/case2.py for tasks to queue
[2025-06-10T15:36:01.862+0200] {logging_mixin.py:190} INFO - [2025-06-10T15:36:01.862+0200] {dagbag.py:588} INFO - Filling up the DagBag from /Users/tsimsek/airflow/dags/case2.py
[2025-06-10T15:36:02.270+0200] {processor.py:925} INFO - DAG(s) 'case2' retrieved from /Users/tsimsek/airflow/dags/case2.py
[2025-06-10T15:36:02.348+0200] {logging_mixin.py:190} INFO - [2025-06-10T15:36:02.348+0200] {dag.py:3239} INFO - Sync 1 DAGs
[2025-06-10T15:36:02.354+0200] {logging_mixin.py:190} INFO - [2025-06-10T15:36:02.354+0200] {dag.py:4180} INFO - Setting next_dagrun for case2 to 2025-06-10 00:00:00+00:00, run_after=2025-06-11 00:00:00+00:00
[2025-06-10T15:36:02.362+0200] {processor.py:208} INFO - Processing /Users/tsimsek/airflow/dags/case2.py took 0.511 seconds
[2025-06-10T15:36:34.255+0200] {processor.py:186} INFO - Started process (PID=29656) to work on /Users/tsimsek/airflow/dags/case2.py
[2025-06-10T15:36:34.257+0200] {processor.py:914} INFO - Processing file /Users/tsimsek/airflow/dags/case2.py for tasks to queue
[2025-06-10T15:36:34.258+0200] {logging_mixin.py:190} INFO - [2025-06-10T15:36:34.258+0200] {dagbag.py:588} INFO - Filling up the DagBag from /Users/tsimsek/airflow/dags/case2.py
[2025-06-10T15:36:34.641+0200] {processor.py:925} INFO - DAG(s) 'case2' retrieved from /Users/tsimsek/airflow/dags/case2.py
[2025-06-10T15:36:34.734+0200] {logging_mixin.py:190} INFO - [2025-06-10T15:36:34.734+0200] {dag.py:3239} INFO - Sync 1 DAGs
[2025-06-10T15:36:34.740+0200] {logging_mixin.py:190} INFO - [2025-06-10T15:36:34.740+0200] {dag.py:4180} INFO - Setting next_dagrun for case2 to 2025-06-10 00:00:00+00:00, run_after=2025-06-11 00:00:00+00:00
[2025-06-10T15:36:34.748+0200] {processor.py:208} INFO - Processing /Users/tsimsek/airflow/dags/case2.py took 0.501 seconds
[2025-06-10T15:37:05.981+0200] {processor.py:186} INFO - Started process (PID=29843) to work on /Users/tsimsek/airflow/dags/case2.py
[2025-06-10T15:37:05.983+0200] {processor.py:914} INFO - Processing file /Users/tsimsek/airflow/dags/case2.py for tasks to queue
[2025-06-10T15:37:05.984+0200] {logging_mixin.py:190} INFO - [2025-06-10T15:37:05.983+0200] {dagbag.py:588} INFO - Filling up the DagBag from /Users/tsimsek/airflow/dags/case2.py
[2025-06-10T15:37:06.548+0200] {processor.py:925} INFO - DAG(s) 'case2' retrieved from /Users/tsimsek/airflow/dags/case2.py
[2025-06-10T15:37:06.635+0200] {logging_mixin.py:190} INFO - [2025-06-10T15:37:06.635+0200] {dag.py:3239} INFO - Sync 1 DAGs
[2025-06-10T15:37:06.642+0200] {logging_mixin.py:190} INFO - [2025-06-10T15:37:06.641+0200] {dag.py:4180} INFO - Setting next_dagrun for case2 to 2025-06-10 00:00:00+00:00, run_after=2025-06-11 00:00:00+00:00
[2025-06-10T15:37:06.649+0200] {processor.py:208} INFO - Processing /Users/tsimsek/airflow/dags/case2.py took 0.674 seconds
[2025-06-10T15:37:38.698+0200] {processor.py:186} INFO - Started process (PID=30602) to work on /Users/tsimsek/airflow/dags/case2.py
[2025-06-10T15:37:38.700+0200] {processor.py:914} INFO - Processing file /Users/tsimsek/airflow/dags/case2.py for tasks to queue
[2025-06-10T15:37:38.700+0200] {logging_mixin.py:190} INFO - [2025-06-10T15:37:38.700+0200] {dagbag.py:588} INFO - Filling up the DagBag from /Users/tsimsek/airflow/dags/case2.py
[2025-06-10T15:37:39.070+0200] {processor.py:925} INFO - DAG(s) 'case2' retrieved from /Users/tsimsek/airflow/dags/case2.py
[2025-06-10T15:37:39.146+0200] {logging_mixin.py:190} INFO - [2025-06-10T15:37:39.146+0200] {dag.py:3239} INFO - Sync 1 DAGs
[2025-06-10T15:37:39.152+0200] {logging_mixin.py:190} INFO - [2025-06-10T15:37:39.152+0200] {dag.py:4180} INFO - Setting next_dagrun for case2 to 2025-06-10 00:00:00+00:00, run_after=2025-06-11 00:00:00+00:00
[2025-06-10T15:37:39.161+0200] {processor.py:208} INFO - Processing /Users/tsimsek/airflow/dags/case2.py took 0.471 seconds
[2025-06-10T15:38:10.252+0200] {processor.py:186} INFO - Started process (PID=30697) to work on /Users/tsimsek/airflow/dags/case2.py
[2025-06-10T15:38:10.253+0200] {processor.py:914} INFO - Processing file /Users/tsimsek/airflow/dags/case2.py for tasks to queue
[2025-06-10T15:38:10.254+0200] {logging_mixin.py:190} INFO - [2025-06-10T15:38:10.254+0200] {dagbag.py:588} INFO - Filling up the DagBag from /Users/tsimsek/airflow/dags/case2.py
[2025-06-10T15:38:10.579+0200] {processor.py:925} INFO - DAG(s) 'case2' retrieved from /Users/tsimsek/airflow/dags/case2.py
[2025-06-10T15:38:10.654+0200] {logging_mixin.py:190} INFO - [2025-06-10T15:38:10.654+0200] {dag.py:3239} INFO - Sync 1 DAGs
[2025-06-10T15:38:10.660+0200] {logging_mixin.py:190} INFO - [2025-06-10T15:38:10.660+0200] {dag.py:4180} INFO - Setting next_dagrun for case2 to 2025-06-10 00:00:00+00:00, run_after=2025-06-11 00:00:00+00:00
[2025-06-10T15:38:10.667+0200] {processor.py:208} INFO - Processing /Users/tsimsek/airflow/dags/case2.py took 0.425 seconds
[2025-06-10T15:38:44.331+0200] {processor.py:186} INFO - Started process (PID=30805) to work on /Users/tsimsek/airflow/dags/case2.py
[2025-06-10T15:38:44.332+0200] {processor.py:914} INFO - Processing file /Users/tsimsek/airflow/dags/case2.py for tasks to queue
[2025-06-10T15:38:44.333+0200] {logging_mixin.py:190} INFO - [2025-06-10T15:38:44.333+0200] {dagbag.py:588} INFO - Filling up the DagBag from /Users/tsimsek/airflow/dags/case2.py
[2025-06-10T15:38:44.640+0200] {processor.py:925} INFO - DAG(s) 'case2' retrieved from /Users/tsimsek/airflow/dags/case2.py
[2025-06-10T15:38:44.718+0200] {logging_mixin.py:190} INFO - [2025-06-10T15:38:44.718+0200] {dag.py:3239} INFO - Sync 1 DAGs
[2025-06-10T15:38:44.724+0200] {logging_mixin.py:190} INFO - [2025-06-10T15:38:44.724+0200] {dag.py:4180} INFO - Setting next_dagrun for case2 to 2025-06-10 00:00:00+00:00, run_after=2025-06-11 00:00:00+00:00
[2025-06-10T15:38:44.732+0200] {processor.py:208} INFO - Processing /Users/tsimsek/airflow/dags/case2.py took 0.410 seconds
[2025-06-10T15:39:11.210+0200] {processor.py:186} INFO - Started process (PID=30866) to work on /Users/tsimsek/airflow/dags/case2.py
[2025-06-10T15:39:11.212+0200] {processor.py:914} INFO - Processing file /Users/tsimsek/airflow/dags/case2.py for tasks to queue
[2025-06-10T15:39:11.212+0200] {logging_mixin.py:190} INFO - [2025-06-10T15:39:11.212+0200] {dagbag.py:588} INFO - Filling up the DagBag from /Users/tsimsek/airflow/dags/case2.py
[2025-06-10T15:39:11.537+0200] {processor.py:925} INFO - DAG(s) 'case2' retrieved from /Users/tsimsek/airflow/dags/case2.py
[2025-06-10T15:39:11.821+0200] {logging_mixin.py:190} INFO - [2025-06-10T15:39:11.820+0200] {dag.py:3239} INFO - Sync 1 DAGs
[2025-06-10T15:39:11.828+0200] {logging_mixin.py:190} INFO - [2025-06-10T15:39:11.828+0200] {dag.py:4180} INFO - Setting next_dagrun for case2 to 2025-06-10 00:00:00+00:00, run_after=2025-06-11 00:00:00+00:00
[2025-06-10T15:39:11.838+0200] {processor.py:208} INFO - Processing /Users/tsimsek/airflow/dags/case2.py took 0.636 seconds
[2025-06-10T15:39:30.456+0200] {processor.py:186} INFO - Started process (PID=31109) to work on /Users/tsimsek/airflow/dags/case2.py
[2025-06-10T15:39:30.458+0200] {processor.py:914} INFO - Processing file /Users/tsimsek/airflow/dags/case2.py for tasks to queue
[2025-06-10T15:39:30.458+0200] {logging_mixin.py:190} INFO - [2025-06-10T15:39:30.458+0200] {dagbag.py:588} INFO - Filling up the DagBag from /Users/tsimsek/airflow/dags/case2.py
[2025-06-10T15:39:30.772+0200] {processor.py:925} INFO - DAG(s) 'case2' retrieved from /Users/tsimsek/airflow/dags/case2.py
[2025-06-10T15:39:30.775+0200] {logging_mixin.py:190} INFO - [2025-06-10T15:39:30.775+0200] {dag.py:3239} INFO - Sync 1 DAGs
[2025-06-10T15:39:30.837+0200] {logging_mixin.py:190} INFO - [2025-06-10T15:39:30.837+0200] {dag.py:4180} INFO - Setting next_dagrun for case2 to 2025-06-10 00:00:00+00:00, run_after=2025-06-11 00:00:00+00:00
[2025-06-10T15:39:30.844+0200] {processor.py:208} INFO - Processing /Users/tsimsek/airflow/dags/case2.py took 0.398 seconds
[2025-06-10T15:40:51.552+0200] {processor.py:186} INFO - Started process (PID=31502) to work on /Users/tsimsek/airflow/dags/case2.py
[2025-06-10T15:40:51.554+0200] {processor.py:914} INFO - Processing file /Users/tsimsek/airflow/dags/case2.py for tasks to queue
[2025-06-10T15:40:51.555+0200] {logging_mixin.py:190} INFO - [2025-06-10T15:40:51.555+0200] {dagbag.py:588} INFO - Filling up the DagBag from /Users/tsimsek/airflow/dags/case2.py
[2025-06-10T15:40:51.903+0200] {processor.py:925} INFO - DAG(s) 'case2' retrieved from /Users/tsimsek/airflow/dags/case2.py
[2025-06-10T15:40:52.031+0200] {logging_mixin.py:190} INFO - [2025-06-10T15:40:52.031+0200] {dag.py:3239} INFO - Sync 1 DAGs
[2025-06-10T15:40:52.037+0200] {logging_mixin.py:190} INFO - [2025-06-10T15:40:52.037+0200] {dag.py:4180} INFO - Setting next_dagrun for case2 to 2025-06-10 00:00:00+00:00, run_after=2025-06-11 00:00:00+00:00
[2025-06-10T15:40:52.046+0200] {processor.py:208} INFO - Processing /Users/tsimsek/airflow/dags/case2.py took 0.503 seconds
[2025-06-10T15:41:23.772+0200] {processor.py:186} INFO - Started process (PID=31662) to work on /Users/tsimsek/airflow/dags/case2.py
[2025-06-10T15:41:23.774+0200] {processor.py:914} INFO - Processing file /Users/tsimsek/airflow/dags/case2.py for tasks to queue
[2025-06-10T15:41:23.774+0200] {logging_mixin.py:190} INFO - [2025-06-10T15:41:23.774+0200] {dagbag.py:588} INFO - Filling up the DagBag from /Users/tsimsek/airflow/dags/case2.py
[2025-06-10T15:41:24.350+0200] {processor.py:925} INFO - DAG(s) 'case2' retrieved from /Users/tsimsek/airflow/dags/case2.py
[2025-06-10T15:41:24.429+0200] {logging_mixin.py:190} INFO - [2025-06-10T15:41:24.428+0200] {dag.py:3239} INFO - Sync 1 DAGs
[2025-06-10T15:41:24.434+0200] {logging_mixin.py:190} INFO - [2025-06-10T15:41:24.434+0200] {dag.py:4180} INFO - Setting next_dagrun for case2 to 2025-06-10 00:00:00+00:00, run_after=2025-06-11 00:00:00+00:00
[2025-06-10T15:41:24.443+0200] {processor.py:208} INFO - Processing /Users/tsimsek/airflow/dags/case2.py took 0.678 seconds
[2025-06-10T15:41:55.729+0200] {processor.py:186} INFO - Started process (PID=31753) to work on /Users/tsimsek/airflow/dags/case2.py
[2025-06-10T15:41:55.731+0200] {processor.py:914} INFO - Processing file /Users/tsimsek/airflow/dags/case2.py for tasks to queue
[2025-06-10T15:41:55.731+0200] {logging_mixin.py:190} INFO - [2025-06-10T15:41:55.731+0200] {dagbag.py:588} INFO - Filling up the DagBag from /Users/tsimsek/airflow/dags/case2.py
[2025-06-10T15:41:56.072+0200] {processor.py:925} INFO - DAG(s) 'case2' retrieved from /Users/tsimsek/airflow/dags/case2.py
[2025-06-10T15:41:56.147+0200] {logging_mixin.py:190} INFO - [2025-06-10T15:41:56.147+0200] {dag.py:3239} INFO - Sync 1 DAGs
[2025-06-10T15:41:56.153+0200] {logging_mixin.py:190} INFO - [2025-06-10T15:41:56.153+0200] {dag.py:4180} INFO - Setting next_dagrun for case2 to 2025-06-10 00:00:00+00:00, run_after=2025-06-11 00:00:00+00:00
[2025-06-10T15:41:56.161+0200] {processor.py:208} INFO - Processing /Users/tsimsek/airflow/dags/case2.py took 0.440 seconds
[2025-06-10T15:42:28.165+0200] {processor.py:186} INFO - Started process (PID=31875) to work on /Users/tsimsek/airflow/dags/case2.py
[2025-06-10T15:42:28.167+0200] {processor.py:914} INFO - Processing file /Users/tsimsek/airflow/dags/case2.py for tasks to queue
[2025-06-10T15:42:28.167+0200] {logging_mixin.py:190} INFO - [2025-06-10T15:42:28.167+0200] {dagbag.py:588} INFO - Filling up the DagBag from /Users/tsimsek/airflow/dags/case2.py
[2025-06-10T15:42:28.577+0200] {processor.py:925} INFO - DAG(s) 'case2' retrieved from /Users/tsimsek/airflow/dags/case2.py
[2025-06-10T15:42:28.649+0200] {logging_mixin.py:190} INFO - [2025-06-10T15:42:28.649+0200] {dag.py:3239} INFO - Sync 1 DAGs
[2025-06-10T15:42:28.655+0200] {logging_mixin.py:190} INFO - [2025-06-10T15:42:28.655+0200] {dag.py:4180} INFO - Setting next_dagrun for case2 to 2025-06-10 00:00:00+00:00, run_after=2025-06-11 00:00:00+00:00
[2025-06-10T15:42:28.663+0200] {processor.py:208} INFO - Processing /Users/tsimsek/airflow/dags/case2.py took 0.509 seconds
[2025-06-10T15:43:00.006+0200] {processor.py:186} INFO - Started process (PID=31952) to work on /Users/tsimsek/airflow/dags/case2.py
[2025-06-10T15:43:00.008+0200] {processor.py:914} INFO - Processing file /Users/tsimsek/airflow/dags/case2.py for tasks to queue
[2025-06-10T15:43:00.008+0200] {logging_mixin.py:190} INFO - [2025-06-10T15:43:00.008+0200] {dagbag.py:588} INFO - Filling up the DagBag from /Users/tsimsek/airflow/dags/case2.py
[2025-06-10T15:43:00.389+0200] {processor.py:925} INFO - DAG(s) 'case2' retrieved from /Users/tsimsek/airflow/dags/case2.py
[2025-06-10T15:43:00.468+0200] {logging_mixin.py:190} INFO - [2025-06-10T15:43:00.468+0200] {dag.py:3239} INFO - Sync 1 DAGs
[2025-06-10T15:43:00.474+0200] {logging_mixin.py:190} INFO - [2025-06-10T15:43:00.474+0200] {dag.py:4180} INFO - Setting next_dagrun for case2 to 2025-06-10 00:00:00+00:00, run_after=2025-06-11 00:00:00+00:00
[2025-06-10T15:43:00.483+0200] {processor.py:208} INFO - Processing /Users/tsimsek/airflow/dags/case2.py took 0.486 seconds
[2025-06-10T15:43:31.718+0200] {processor.py:186} INFO - Started process (PID=32065) to work on /Users/tsimsek/airflow/dags/case2.py
[2025-06-10T15:43:31.720+0200] {processor.py:914} INFO - Processing file /Users/tsimsek/airflow/dags/case2.py for tasks to queue
[2025-06-10T15:43:31.721+0200] {logging_mixin.py:190} INFO - [2025-06-10T15:43:31.721+0200] {dagbag.py:588} INFO - Filling up the DagBag from /Users/tsimsek/airflow/dags/case2.py
[2025-06-10T15:43:32.118+0200] {processor.py:925} INFO - DAG(s) 'case2' retrieved from /Users/tsimsek/airflow/dags/case2.py
[2025-06-10T15:43:32.198+0200] {logging_mixin.py:190} INFO - [2025-06-10T15:43:32.198+0200] {dag.py:3239} INFO - Sync 1 DAGs
[2025-06-10T15:43:32.204+0200] {logging_mixin.py:190} INFO - [2025-06-10T15:43:32.204+0200] {dag.py:4180} INFO - Setting next_dagrun for case2 to 2025-06-10 00:00:00+00:00, run_after=2025-06-11 00:00:00+00:00
[2025-06-10T15:43:32.214+0200] {processor.py:208} INFO - Processing /Users/tsimsek/airflow/dags/case2.py took 0.504 seconds
[2025-06-10T15:50:25.382+0200] {processor.py:186} INFO - Started process (PID=33229) to work on /Users/tsimsek/airflow/dags/case2.py
[2025-06-10T15:50:25.384+0200] {processor.py:914} INFO - Processing file /Users/tsimsek/airflow/dags/case2.py for tasks to queue
[2025-06-10T15:50:25.384+0200] {logging_mixin.py:190} INFO - [2025-06-10T15:50:25.384+0200] {dagbag.py:588} INFO - Filling up the DagBag from /Users/tsimsek/airflow/dags/case2.py
[2025-06-10T15:50:25.959+0200] {processor.py:925} INFO - DAG(s) 'case2' retrieved from /Users/tsimsek/airflow/dags/case2.py
[2025-06-10T15:50:26.036+0200] {logging_mixin.py:190} INFO - [2025-06-10T15:50:26.036+0200] {dag.py:3239} INFO - Sync 1 DAGs
[2025-06-10T15:50:26.043+0200] {logging_mixin.py:190} INFO - [2025-06-10T15:50:26.043+0200] {dag.py:4180} INFO - Setting next_dagrun for case2 to 2025-06-10 00:00:00+00:00, run_after=2025-06-11 00:00:00+00:00
[2025-06-10T15:50:26.054+0200] {processor.py:208} INFO - Processing /Users/tsimsek/airflow/dags/case2.py took 0.677 seconds
[2025-06-10T15:50:58.043+0200] {processor.py:186} INFO - Started process (PID=33361) to work on /Users/tsimsek/airflow/dags/case2.py
[2025-06-10T15:50:58.045+0200] {processor.py:914} INFO - Processing file /Users/tsimsek/airflow/dags/case2.py for tasks to queue
[2025-06-10T15:50:58.045+0200] {logging_mixin.py:190} INFO - [2025-06-10T15:50:58.045+0200] {dagbag.py:588} INFO - Filling up the DagBag from /Users/tsimsek/airflow/dags/case2.py
[2025-06-10T15:50:58.464+0200] {processor.py:925} INFO - DAG(s) 'case2' retrieved from /Users/tsimsek/airflow/dags/case2.py
[2025-06-10T15:50:58.543+0200] {logging_mixin.py:190} INFO - [2025-06-10T15:50:58.542+0200] {dag.py:3239} INFO - Sync 1 DAGs
[2025-06-10T15:50:58.549+0200] {logging_mixin.py:190} INFO - [2025-06-10T15:50:58.549+0200] {dag.py:4180} INFO - Setting next_dagrun for case2 to 2025-06-10 00:00:00+00:00, run_after=2025-06-11 00:00:00+00:00
[2025-06-10T15:50:58.557+0200] {processor.py:208} INFO - Processing /Users/tsimsek/airflow/dags/case2.py took 0.521 seconds
[2025-06-10T15:51:37.298+0200] {processor.py:186} INFO - Started process (PID=33477) to work on /Users/tsimsek/airflow/dags/case2.py
[2025-06-10T15:51:37.300+0200] {processor.py:914} INFO - Processing file /Users/tsimsek/airflow/dags/case2.py for tasks to queue
[2025-06-10T15:51:37.300+0200] {logging_mixin.py:190} INFO - [2025-06-10T15:51:37.300+0200] {dagbag.py:588} INFO - Filling up the DagBag from /Users/tsimsek/airflow/dags/case2.py
[2025-06-10T15:51:37.671+0200] {processor.py:925} INFO - DAG(s) 'case2' retrieved from /Users/tsimsek/airflow/dags/case2.py
[2025-06-10T15:51:37.771+0200] {logging_mixin.py:190} INFO - [2025-06-10T15:51:37.770+0200] {dag.py:3239} INFO - Sync 1 DAGs
[2025-06-10T15:51:37.777+0200] {logging_mixin.py:190} INFO - [2025-06-10T15:51:37.777+0200] {dag.py:4180} INFO - Setting next_dagrun for case2 to 2025-06-10 00:00:00+00:00, run_after=2025-06-11 00:00:00+00:00
[2025-06-10T15:51:37.785+0200] {processor.py:208} INFO - Processing /Users/tsimsek/airflow/dags/case2.py took 0.494 seconds
[2025-06-10T15:52:09.117+0200] {processor.py:186} INFO - Started process (PID=33575) to work on /Users/tsimsek/airflow/dags/case2.py
[2025-06-10T15:52:09.118+0200] {processor.py:914} INFO - Processing file /Users/tsimsek/airflow/dags/case2.py for tasks to queue
[2025-06-10T15:52:09.119+0200] {logging_mixin.py:190} INFO - [2025-06-10T15:52:09.119+0200] {dagbag.py:588} INFO - Filling up the DagBag from /Users/tsimsek/airflow/dags/case2.py
[2025-06-10T15:52:09.454+0200] {processor.py:925} INFO - DAG(s) 'case2' retrieved from /Users/tsimsek/airflow/dags/case2.py
[2025-06-10T15:52:09.529+0200] {logging_mixin.py:190} INFO - [2025-06-10T15:52:09.529+0200] {dag.py:3239} INFO - Sync 1 DAGs
[2025-06-10T15:52:09.535+0200] {logging_mixin.py:190} INFO - [2025-06-10T15:52:09.535+0200] {dag.py:4180} INFO - Setting next_dagrun for case2 to 2025-06-10 00:00:00+00:00, run_after=2025-06-11 00:00:00+00:00
[2025-06-10T15:52:09.543+0200] {processor.py:208} INFO - Processing /Users/tsimsek/airflow/dags/case2.py took 0.435 seconds
[2025-06-10T16:37:33.634+0200] {processor.py:186} INFO - Started process (PID=42913) to work on /Users/tsimsek/airflow/dags/case2.py
[2025-06-10T16:37:33.635+0200] {processor.py:914} INFO - Processing file /Users/tsimsek/airflow/dags/case2.py for tasks to queue
[2025-06-10T16:37:33.636+0200] {logging_mixin.py:190} INFO - [2025-06-10T16:37:33.636+0200] {dagbag.py:588} INFO - Filling up the DagBag from /Users/tsimsek/airflow/dags/case2.py
[2025-06-10T16:37:33.974+0200] {processor.py:925} INFO - DAG(s) 'case2' retrieved from /Users/tsimsek/airflow/dags/case2.py
[2025-06-10T16:37:34.050+0200] {logging_mixin.py:190} INFO - [2025-06-10T16:37:34.050+0200] {dag.py:3239} INFO - Sync 1 DAGs
[2025-06-10T16:37:34.056+0200] {logging_mixin.py:190} INFO - [2025-06-10T16:37:34.056+0200] {dag.py:4180} INFO - Setting next_dagrun for case2 to 2025-06-10 00:00:00+00:00, run_after=2025-06-11 00:00:00+00:00
[2025-06-10T16:37:34.063+0200] {processor.py:208} INFO - Processing /Users/tsimsek/airflow/dags/case2.py took 0.437 seconds
[2025-06-10T16:38:05.278+0200] {processor.py:186} INFO - Started process (PID=43020) to work on /Users/tsimsek/airflow/dags/case2.py
[2025-06-10T16:38:05.280+0200] {processor.py:914} INFO - Processing file /Users/tsimsek/airflow/dags/case2.py for tasks to queue
[2025-06-10T16:38:05.280+0200] {logging_mixin.py:190} INFO - [2025-06-10T16:38:05.280+0200] {dagbag.py:588} INFO - Filling up the DagBag from /Users/tsimsek/airflow/dags/case2.py
[2025-06-10T16:38:05.658+0200] {processor.py:925} INFO - DAG(s) 'case2' retrieved from /Users/tsimsek/airflow/dags/case2.py
[2025-06-10T16:38:05.739+0200] {logging_mixin.py:190} INFO - [2025-06-10T16:38:05.739+0200] {dag.py:3239} INFO - Sync 1 DAGs
[2025-06-10T16:38:05.745+0200] {logging_mixin.py:190} INFO - [2025-06-10T16:38:05.745+0200] {dag.py:4180} INFO - Setting next_dagrun for case2 to 2025-06-10 00:00:00+00:00, run_after=2025-06-11 00:00:00+00:00
[2025-06-10T16:38:05.754+0200] {processor.py:208} INFO - Processing /Users/tsimsek/airflow/dags/case2.py took 0.485 seconds
[2025-06-10T16:38:42.875+0200] {processor.py:186} INFO - Started process (PID=43304) to work on /Users/tsimsek/airflow/dags/case2.py
[2025-06-10T16:38:42.877+0200] {processor.py:914} INFO - Processing file /Users/tsimsek/airflow/dags/case2.py for tasks to queue
[2025-06-10T16:38:42.878+0200] {logging_mixin.py:190} INFO - [2025-06-10T16:38:42.878+0200] {dagbag.py:588} INFO - Filling up the DagBag from /Users/tsimsek/airflow/dags/case2.py
[2025-06-10T16:38:43.234+0200] {processor.py:925} INFO - DAG(s) 'case2' retrieved from /Users/tsimsek/airflow/dags/case2.py
[2025-06-10T16:38:43.310+0200] {logging_mixin.py:190} INFO - [2025-06-10T16:38:43.310+0200] {dag.py:3239} INFO - Sync 1 DAGs
[2025-06-10T16:38:43.316+0200] {logging_mixin.py:190} INFO - [2025-06-10T16:38:43.316+0200] {dag.py:4180} INFO - Setting next_dagrun for case2 to 2025-06-10 00:00:00+00:00, run_after=2025-06-11 00:00:00+00:00
[2025-06-10T16:38:43.325+0200] {processor.py:208} INFO - Processing /Users/tsimsek/airflow/dags/case2.py took 0.457 seconds
[2025-06-10T16:40:08.011+0200] {processor.py:186} INFO - Started process (PID=43771) to work on /Users/tsimsek/airflow/dags/case2.py
[2025-06-10T16:40:08.012+0200] {processor.py:914} INFO - Processing file /Users/tsimsek/airflow/dags/case2.py for tasks to queue
[2025-06-10T16:40:08.013+0200] {logging_mixin.py:190} INFO - [2025-06-10T16:40:08.013+0200] {dagbag.py:588} INFO - Filling up the DagBag from /Users/tsimsek/airflow/dags/case2.py
[2025-06-10T16:40:08.407+0200] {processor.py:925} INFO - DAG(s) 'case2' retrieved from /Users/tsimsek/airflow/dags/case2.py
[2025-06-10T16:40:08.485+0200] {logging_mixin.py:190} INFO - [2025-06-10T16:40:08.485+0200] {dag.py:3239} INFO - Sync 1 DAGs
[2025-06-10T16:40:08.491+0200] {logging_mixin.py:190} INFO - [2025-06-10T16:40:08.491+0200] {dag.py:4180} INFO - Setting next_dagrun for case2 to 2025-06-10 00:00:00+00:00, run_after=2025-06-11 00:00:00+00:00
[2025-06-10T16:40:08.500+0200] {processor.py:208} INFO - Processing /Users/tsimsek/airflow/dags/case2.py took 0.498 seconds
[2025-06-10T16:40:39.873+0200] {processor.py:186} INFO - Started process (PID=43871) to work on /Users/tsimsek/airflow/dags/case2.py
[2025-06-10T16:40:39.875+0200] {processor.py:914} INFO - Processing file /Users/tsimsek/airflow/dags/case2.py for tasks to queue
[2025-06-10T16:40:39.875+0200] {logging_mixin.py:190} INFO - [2025-06-10T16:40:39.875+0200] {dagbag.py:588} INFO - Filling up the DagBag from /Users/tsimsek/airflow/dags/case2.py
[2025-06-10T16:40:40.207+0200] {processor.py:925} INFO - DAG(s) 'case2' retrieved from /Users/tsimsek/airflow/dags/case2.py
[2025-06-10T16:40:40.285+0200] {logging_mixin.py:190} INFO - [2025-06-10T16:40:40.285+0200] {dag.py:3239} INFO - Sync 1 DAGs
[2025-06-10T16:40:40.291+0200] {logging_mixin.py:190} INFO - [2025-06-10T16:40:40.291+0200] {dag.py:4180} INFO - Setting next_dagrun for case2 to 2025-06-10 00:00:00+00:00, run_after=2025-06-11 00:00:00+00:00
[2025-06-10T16:40:40.300+0200] {processor.py:208} INFO - Processing /Users/tsimsek/airflow/dags/case2.py took 0.433 seconds
[2025-06-10T16:41:11.543+0200] {processor.py:186} INFO - Started process (PID=43983) to work on /Users/tsimsek/airflow/dags/case2.py
[2025-06-10T16:41:11.545+0200] {processor.py:914} INFO - Processing file /Users/tsimsek/airflow/dags/case2.py for tasks to queue
[2025-06-10T16:41:11.545+0200] {logging_mixin.py:190} INFO - [2025-06-10T16:41:11.545+0200] {dagbag.py:588} INFO - Filling up the DagBag from /Users/tsimsek/airflow/dags/case2.py
[2025-06-10T16:41:11.951+0200] {processor.py:925} INFO - DAG(s) 'case2' retrieved from /Users/tsimsek/airflow/dags/case2.py
[2025-06-10T16:41:12.032+0200] {logging_mixin.py:190} INFO - [2025-06-10T16:41:12.032+0200] {dag.py:3239} INFO - Sync 1 DAGs
[2025-06-10T16:41:12.038+0200] {logging_mixin.py:190} INFO - [2025-06-10T16:41:12.038+0200] {dag.py:4180} INFO - Setting next_dagrun for case2 to 2025-06-10 00:00:00+00:00, run_after=2025-06-11 00:00:00+00:00
[2025-06-10T16:41:12.048+0200] {processor.py:208} INFO - Processing /Users/tsimsek/airflow/dags/case2.py took 0.511 seconds
[2025-06-10T16:41:45.148+0200] {processor.py:186} INFO - Started process (PID=44102) to work on /Users/tsimsek/airflow/dags/case2.py
[2025-06-10T16:41:45.150+0200] {processor.py:914} INFO - Processing file /Users/tsimsek/airflow/dags/case2.py for tasks to queue
[2025-06-10T16:41:45.150+0200] {logging_mixin.py:190} INFO - [2025-06-10T16:41:45.150+0200] {dagbag.py:588} INFO - Filling up the DagBag from /Users/tsimsek/airflow/dags/case2.py
[2025-06-10T16:41:45.622+0200] {processor.py:925} INFO - DAG(s) 'case2' retrieved from /Users/tsimsek/airflow/dags/case2.py
[2025-06-10T16:41:45.712+0200] {logging_mixin.py:190} INFO - [2025-06-10T16:41:45.712+0200] {dag.py:3239} INFO - Sync 1 DAGs
[2025-06-10T16:41:45.719+0200] {logging_mixin.py:190} INFO - [2025-06-10T16:41:45.719+0200] {dag.py:4180} INFO - Setting next_dagrun for case2 to 2025-06-10 00:00:00+00:00, run_after=2025-06-11 00:00:00+00:00
[2025-06-10T16:41:45.727+0200] {processor.py:208} INFO - Processing /Users/tsimsek/airflow/dags/case2.py took 0.590 seconds
[2025-06-10T16:42:27.708+0200] {processor.py:186} INFO - Started process (PID=44436) to work on /Users/tsimsek/airflow/dags/case2.py
[2025-06-10T16:42:27.709+0200] {processor.py:914} INFO - Processing file /Users/tsimsek/airflow/dags/case2.py for tasks to queue
[2025-06-10T16:42:27.710+0200] {logging_mixin.py:190} INFO - [2025-06-10T16:42:27.710+0200] {dagbag.py:588} INFO - Filling up the DagBag from /Users/tsimsek/airflow/dags/case2.py
[2025-06-10T16:42:28.100+0200] {processor.py:925} INFO - DAG(s) 'case2' retrieved from /Users/tsimsek/airflow/dags/case2.py
[2025-06-10T16:42:28.181+0200] {logging_mixin.py:190} INFO - [2025-06-10T16:42:28.180+0200] {dag.py:3239} INFO - Sync 1 DAGs
[2025-06-10T16:42:28.187+0200] {logging_mixin.py:190} INFO - [2025-06-10T16:42:28.186+0200] {dag.py:4180} INFO - Setting next_dagrun for case2 to 2025-06-10 00:00:00+00:00, run_after=2025-06-11 00:00:00+00:00
[2025-06-10T16:42:28.196+0200] {processor.py:208} INFO - Processing /Users/tsimsek/airflow/dags/case2.py took 0.496 seconds
[2025-06-10T16:42:59.494+0200] {processor.py:186} INFO - Started process (PID=44547) to work on /Users/tsimsek/airflow/dags/case2.py
[2025-06-10T16:42:59.495+0200] {processor.py:914} INFO - Processing file /Users/tsimsek/airflow/dags/case2.py for tasks to queue
[2025-06-10T16:42:59.496+0200] {logging_mixin.py:190} INFO - [2025-06-10T16:42:59.496+0200] {dagbag.py:588} INFO - Filling up the DagBag from /Users/tsimsek/airflow/dags/case2.py
[2025-06-10T16:42:59.966+0200] {processor.py:925} INFO - DAG(s) 'case2' retrieved from /Users/tsimsek/airflow/dags/case2.py
[2025-06-10T16:43:00.060+0200] {logging_mixin.py:190} INFO - [2025-06-10T16:43:00.060+0200] {dag.py:3239} INFO - Sync 1 DAGs
[2025-06-10T16:43:00.067+0200] {logging_mixin.py:190} INFO - [2025-06-10T16:43:00.067+0200] {dag.py:4180} INFO - Setting next_dagrun for case2 to 2025-06-10 00:00:00+00:00, run_after=2025-06-11 00:00:00+00:00
[2025-06-10T16:43:00.075+0200] {processor.py:208} INFO - Processing /Users/tsimsek/airflow/dags/case2.py took 0.590 seconds
[2025-06-10T16:43:31.290+0200] {processor.py:186} INFO - Started process (PID=44626) to work on /Users/tsimsek/airflow/dags/case2.py
[2025-06-10T16:43:31.292+0200] {processor.py:914} INFO - Processing file /Users/tsimsek/airflow/dags/case2.py for tasks to queue
[2025-06-10T16:43:31.293+0200] {logging_mixin.py:190} INFO - [2025-06-10T16:43:31.293+0200] {dagbag.py:588} INFO - Filling up the DagBag from /Users/tsimsek/airflow/dags/case2.py
[2025-06-10T16:43:31.644+0200] {processor.py:925} INFO - DAG(s) 'case2' retrieved from /Users/tsimsek/airflow/dags/case2.py
[2025-06-10T16:43:31.727+0200] {logging_mixin.py:190} INFO - [2025-06-10T16:43:31.727+0200] {dag.py:3239} INFO - Sync 1 DAGs
[2025-06-10T16:43:31.733+0200] {logging_mixin.py:190} INFO - [2025-06-10T16:43:31.733+0200] {dag.py:4180} INFO - Setting next_dagrun for case2 to 2025-06-10 00:00:00+00:00, run_after=2025-06-11 00:00:00+00:00
[2025-06-10T16:43:31.742+0200] {processor.py:208} INFO - Processing /Users/tsimsek/airflow/dags/case2.py took 0.462 seconds
[2025-06-10T16:44:03.183+0200] {processor.py:186} INFO - Started process (PID=44753) to work on /Users/tsimsek/airflow/dags/case2.py
[2025-06-10T16:44:03.185+0200] {processor.py:914} INFO - Processing file /Users/tsimsek/airflow/dags/case2.py for tasks to queue
[2025-06-10T16:44:03.185+0200] {logging_mixin.py:190} INFO - [2025-06-10T16:44:03.185+0200] {dagbag.py:588} INFO - Filling up the DagBag from /Users/tsimsek/airflow/dags/case2.py
[2025-06-10T16:44:03.707+0200] {processor.py:925} INFO - DAG(s) 'case2' retrieved from /Users/tsimsek/airflow/dags/case2.py
[2025-06-10T16:44:03.786+0200] {logging_mixin.py:190} INFO - [2025-06-10T16:44:03.786+0200] {dag.py:3239} INFO - Sync 1 DAGs
[2025-06-10T16:44:03.792+0200] {logging_mixin.py:190} INFO - [2025-06-10T16:44:03.792+0200] {dag.py:4180} INFO - Setting next_dagrun for case2 to 2025-06-10 00:00:00+00:00, run_after=2025-06-11 00:00:00+00:00
[2025-06-10T16:44:03.801+0200] {processor.py:208} INFO - Processing /Users/tsimsek/airflow/dags/case2.py took 0.627 seconds
[2025-06-10T16:44:35.119+0200] {processor.py:186} INFO - Started process (PID=44853) to work on /Users/tsimsek/airflow/dags/case2.py
[2025-06-10T16:44:35.121+0200] {processor.py:914} INFO - Processing file /Users/tsimsek/airflow/dags/case2.py for tasks to queue
[2025-06-10T16:44:35.121+0200] {logging_mixin.py:190} INFO - [2025-06-10T16:44:35.121+0200] {dagbag.py:588} INFO - Filling up the DagBag from /Users/tsimsek/airflow/dags/case2.py
[2025-06-10T16:44:35.537+0200] {processor.py:925} INFO - DAG(s) 'case2' retrieved from /Users/tsimsek/airflow/dags/case2.py
[2025-06-10T16:44:35.616+0200] {logging_mixin.py:190} INFO - [2025-06-10T16:44:35.616+0200] {dag.py:3239} INFO - Sync 1 DAGs
[2025-06-10T16:44:35.622+0200] {logging_mixin.py:190} INFO - [2025-06-10T16:44:35.622+0200] {dag.py:4180} INFO - Setting next_dagrun for case2 to 2025-06-10 00:00:00+00:00, run_after=2025-06-11 00:00:00+00:00
[2025-06-10T16:44:35.631+0200] {processor.py:208} INFO - Processing /Users/tsimsek/airflow/dags/case2.py took 0.522 seconds
[2025-06-10T16:45:16.424+0200] {processor.py:186} INFO - Started process (PID=45143) to work on /Users/tsimsek/airflow/dags/case2.py
[2025-06-10T16:45:16.426+0200] {processor.py:914} INFO - Processing file /Users/tsimsek/airflow/dags/case2.py for tasks to queue
[2025-06-10T16:45:16.426+0200] {logging_mixin.py:190} INFO - [2025-06-10T16:45:16.426+0200] {dagbag.py:588} INFO - Filling up the DagBag from /Users/tsimsek/airflow/dags/case2.py
[2025-06-10T16:45:16.786+0200] {processor.py:925} INFO - DAG(s) 'case2' retrieved from /Users/tsimsek/airflow/dags/case2.py
[2025-06-10T16:45:16.864+0200] {logging_mixin.py:190} INFO - [2025-06-10T16:45:16.864+0200] {dag.py:3239} INFO - Sync 1 DAGs
[2025-06-10T16:45:16.870+0200] {logging_mixin.py:190} INFO - [2025-06-10T16:45:16.870+0200] {dag.py:4180} INFO - Setting next_dagrun for case2 to 2025-06-10 00:00:00+00:00, run_after=2025-06-11 00:00:00+00:00
[2025-06-10T16:45:16.879+0200] {processor.py:208} INFO - Processing /Users/tsimsek/airflow/dags/case2.py took 0.464 seconds
[2025-06-10T16:45:48.036+0200] {processor.py:186} INFO - Started process (PID=45235) to work on /Users/tsimsek/airflow/dags/case2.py
[2025-06-10T16:45:48.038+0200] {processor.py:914} INFO - Processing file /Users/tsimsek/airflow/dags/case2.py for tasks to queue
[2025-06-10T16:45:48.039+0200] {logging_mixin.py:190} INFO - [2025-06-10T16:45:48.039+0200] {dagbag.py:588} INFO - Filling up the DagBag from /Users/tsimsek/airflow/dags/case2.py
[2025-06-10T16:45:48.348+0200] {processor.py:925} INFO - DAG(s) 'case2' retrieved from /Users/tsimsek/airflow/dags/case2.py
[2025-06-10T16:45:48.425+0200] {logging_mixin.py:190} INFO - [2025-06-10T16:45:48.425+0200] {dag.py:3239} INFO - Sync 1 DAGs
[2025-06-10T16:45:48.431+0200] {logging_mixin.py:190} INFO - [2025-06-10T16:45:48.431+0200] {dag.py:4180} INFO - Setting next_dagrun for case2 to 2025-06-10 00:00:00+00:00, run_after=2025-06-11 00:00:00+00:00
[2025-06-10T16:45:48.438+0200] {processor.py:208} INFO - Processing /Users/tsimsek/airflow/dags/case2.py took 0.410 seconds
[2025-06-10T16:46:19.739+0200] {processor.py:186} INFO - Started process (PID=45353) to work on /Users/tsimsek/airflow/dags/case2.py
[2025-06-10T16:46:19.741+0200] {processor.py:914} INFO - Processing file /Users/tsimsek/airflow/dags/case2.py for tasks to queue
[2025-06-10T16:46:19.741+0200] {logging_mixin.py:190} INFO - [2025-06-10T16:46:19.741+0200] {dagbag.py:588} INFO - Filling up the DagBag from /Users/tsimsek/airflow/dags/case2.py
[2025-06-10T16:46:20.141+0200] {processor.py:925} INFO - DAG(s) 'case2' retrieved from /Users/tsimsek/airflow/dags/case2.py
[2025-06-10T16:46:20.222+0200] {logging_mixin.py:190} INFO - [2025-06-10T16:46:20.222+0200] {dag.py:3239} INFO - Sync 1 DAGs
[2025-06-10T16:46:20.228+0200] {logging_mixin.py:190} INFO - [2025-06-10T16:46:20.228+0200] {dag.py:4180} INFO - Setting next_dagrun for case2 to 2025-06-10 00:00:00+00:00, run_after=2025-06-11 00:00:00+00:00
[2025-06-10T16:46:20.237+0200] {processor.py:208} INFO - Processing /Users/tsimsek/airflow/dags/case2.py took 0.505 seconds
[2025-06-10T16:46:57.048+0200] {processor.py:186} INFO - Started process (PID=46262) to work on /Users/tsimsek/airflow/dags/case2.py
[2025-06-10T16:46:57.050+0200] {processor.py:914} INFO - Processing file /Users/tsimsek/airflow/dags/case2.py for tasks to queue
[2025-06-10T16:46:57.050+0200] {logging_mixin.py:190} INFO - [2025-06-10T16:46:57.050+0200] {dagbag.py:588} INFO - Filling up the DagBag from /Users/tsimsek/airflow/dags/case2.py
[2025-06-10T16:46:57.624+0200] {processor.py:925} INFO - DAG(s) 'case2' retrieved from /Users/tsimsek/airflow/dags/case2.py
[2025-06-10T16:46:57.709+0200] {logging_mixin.py:190} INFO - [2025-06-10T16:46:57.708+0200] {dag.py:3239} INFO - Sync 1 DAGs
[2025-06-10T16:46:57.715+0200] {logging_mixin.py:190} INFO - [2025-06-10T16:46:57.714+0200] {dag.py:4180} INFO - Setting next_dagrun for case2 to 2025-06-10 00:00:00+00:00, run_after=2025-06-11 00:00:00+00:00
[2025-06-10T16:46:57.723+0200] {processor.py:208} INFO - Processing /Users/tsimsek/airflow/dags/case2.py took 0.683 seconds
[2025-06-10T16:47:29.640+0200] {processor.py:186} INFO - Started process (PID=46333) to work on /Users/tsimsek/airflow/dags/case2.py
[2025-06-10T16:47:29.641+0200] {processor.py:914} INFO - Processing file /Users/tsimsek/airflow/dags/case2.py for tasks to queue
[2025-06-10T16:47:29.642+0200] {logging_mixin.py:190} INFO - [2025-06-10T16:47:29.642+0200] {dagbag.py:588} INFO - Filling up the DagBag from /Users/tsimsek/airflow/dags/case2.py
[2025-06-10T16:47:29.973+0200] {processor.py:925} INFO - DAG(s) 'case2' retrieved from /Users/tsimsek/airflow/dags/case2.py
[2025-06-10T16:47:30.049+0200] {logging_mixin.py:190} INFO - [2025-06-10T16:47:30.049+0200] {dag.py:3239} INFO - Sync 1 DAGs
[2025-06-10T16:47:30.055+0200] {logging_mixin.py:190} INFO - [2025-06-10T16:47:30.055+0200] {dag.py:4180} INFO - Setting next_dagrun for case2 to 2025-06-10 00:00:00+00:00, run_after=2025-06-11 00:00:00+00:00
[2025-06-10T16:47:30.063+0200] {processor.py:208} INFO - Processing /Users/tsimsek/airflow/dags/case2.py took 0.430 seconds
[2025-06-10T16:48:01.595+0200] {processor.py:186} INFO - Started process (PID=46440) to work on /Users/tsimsek/airflow/dags/case2.py
[2025-06-10T16:48:01.596+0200] {processor.py:914} INFO - Processing file /Users/tsimsek/airflow/dags/case2.py for tasks to queue
[2025-06-10T16:48:01.597+0200] {logging_mixin.py:190} INFO - [2025-06-10T16:48:01.597+0200] {dagbag.py:588} INFO - Filling up the DagBag from /Users/tsimsek/airflow/dags/case2.py
[2025-06-10T16:48:01.933+0200] {processor.py:925} INFO - DAG(s) 'case2' retrieved from /Users/tsimsek/airflow/dags/case2.py
[2025-06-10T16:48:02.006+0200] {logging_mixin.py:190} INFO - [2025-06-10T16:48:02.006+0200] {dag.py:3239} INFO - Sync 1 DAGs
[2025-06-10T16:48:02.012+0200] {logging_mixin.py:190} INFO - [2025-06-10T16:48:02.012+0200] {dag.py:4180} INFO - Setting next_dagrun for case2 to 2025-06-10 00:00:00+00:00, run_after=2025-06-11 00:00:00+00:00
[2025-06-10T16:48:02.019+0200] {processor.py:208} INFO - Processing /Users/tsimsek/airflow/dags/case2.py took 0.433 seconds
[2025-06-10T16:48:46.885+0200] {processor.py:186} INFO - Started process (PID=46727) to work on /Users/tsimsek/airflow/dags/case2.py
[2025-06-10T16:48:46.887+0200] {processor.py:914} INFO - Processing file /Users/tsimsek/airflow/dags/case2.py for tasks to queue
[2025-06-10T16:48:46.887+0200] {logging_mixin.py:190} INFO - [2025-06-10T16:48:46.887+0200] {dagbag.py:588} INFO - Filling up the DagBag from /Users/tsimsek/airflow/dags/case2.py
[2025-06-10T16:48:47.220+0200] {processor.py:925} INFO - DAG(s) 'case2' retrieved from /Users/tsimsek/airflow/dags/case2.py
[2025-06-10T16:48:47.297+0200] {logging_mixin.py:190} INFO - [2025-06-10T16:48:47.296+0200] {dag.py:3239} INFO - Sync 1 DAGs
[2025-06-10T16:48:47.303+0200] {logging_mixin.py:190} INFO - [2025-06-10T16:48:47.303+0200] {dag.py:4180} INFO - Setting next_dagrun for case2 to 2025-06-10 00:00:00+00:00, run_after=2025-06-11 00:00:00+00:00
[2025-06-10T16:48:47.310+0200] {processor.py:208} INFO - Processing /Users/tsimsek/airflow/dags/case2.py took 0.432 seconds
[2025-06-10T16:49:19.417+0200] {processor.py:186} INFO - Started process (PID=46854) to work on /Users/tsimsek/airflow/dags/case2.py
[2025-06-10T16:49:19.420+0200] {processor.py:914} INFO - Processing file /Users/tsimsek/airflow/dags/case2.py for tasks to queue
[2025-06-10T16:49:19.420+0200] {logging_mixin.py:190} INFO - [2025-06-10T16:49:19.420+0200] {dagbag.py:588} INFO - Filling up the DagBag from /Users/tsimsek/airflow/dags/case2.py
[2025-06-10T16:49:19.838+0200] {processor.py:925} INFO - DAG(s) 'case2' retrieved from /Users/tsimsek/airflow/dags/case2.py
[2025-06-10T16:49:19.918+0200] {logging_mixin.py:190} INFO - [2025-06-10T16:49:19.918+0200] {dag.py:3239} INFO - Sync 1 DAGs
[2025-06-10T16:49:19.924+0200] {logging_mixin.py:190} INFO - [2025-06-10T16:49:19.924+0200] {dag.py:4180} INFO - Setting next_dagrun for case2 to 2025-06-10 00:00:00+00:00, run_after=2025-06-11 00:00:00+00:00
[2025-06-10T16:49:19.935+0200] {processor.py:208} INFO - Processing /Users/tsimsek/airflow/dags/case2.py took 0.527 seconds
[2025-06-10T16:49:51.018+0200] {processor.py:186} INFO - Started process (PID=46931) to work on /Users/tsimsek/airflow/dags/case2.py
[2025-06-10T16:49:51.020+0200] {processor.py:914} INFO - Processing file /Users/tsimsek/airflow/dags/case2.py for tasks to queue
[2025-06-10T16:49:51.021+0200] {logging_mixin.py:190} INFO - [2025-06-10T16:49:51.021+0200] {dagbag.py:588} INFO - Filling up the DagBag from /Users/tsimsek/airflow/dags/case2.py
[2025-06-10T16:49:51.369+0200] {processor.py:925} INFO - DAG(s) 'case2' retrieved from /Users/tsimsek/airflow/dags/case2.py
[2025-06-10T16:49:51.450+0200] {logging_mixin.py:190} INFO - [2025-06-10T16:49:51.450+0200] {dag.py:3239} INFO - Sync 1 DAGs
[2025-06-10T16:49:51.456+0200] {logging_mixin.py:190} INFO - [2025-06-10T16:49:51.456+0200] {dag.py:4180} INFO - Setting next_dagrun for case2 to 2025-06-10 00:00:00+00:00, run_after=2025-06-11 00:00:00+00:00
[2025-06-10T16:49:51.465+0200] {processor.py:208} INFO - Processing /Users/tsimsek/airflow/dags/case2.py took 0.455 seconds
[2025-06-10T16:50:22.682+0200] {processor.py:186} INFO - Started process (PID=47021) to work on /Users/tsimsek/airflow/dags/case2.py
[2025-06-10T16:50:22.684+0200] {processor.py:914} INFO - Processing file /Users/tsimsek/airflow/dags/case2.py for tasks to queue
[2025-06-10T16:50:22.685+0200] {logging_mixin.py:190} INFO - [2025-06-10T16:50:22.684+0200] {dagbag.py:588} INFO - Filling up the DagBag from /Users/tsimsek/airflow/dags/case2.py
[2025-06-10T16:50:23.106+0200] {processor.py:925} INFO - DAG(s) 'case2' retrieved from /Users/tsimsek/airflow/dags/case2.py
[2025-06-10T16:50:23.183+0200] {logging_mixin.py:190} INFO - [2025-06-10T16:50:23.183+0200] {dag.py:3239} INFO - Sync 1 DAGs
[2025-06-10T16:50:23.190+0200] {logging_mixin.py:190} INFO - [2025-06-10T16:50:23.190+0200] {dag.py:4180} INFO - Setting next_dagrun for case2 to 2025-06-10 00:00:00+00:00, run_after=2025-06-11 00:00:00+00:00
[2025-06-10T16:50:23.196+0200] {processor.py:208} INFO - Processing /Users/tsimsek/airflow/dags/case2.py took 0.522 seconds
[2025-06-10T16:50:54.350+0200] {processor.py:186} INFO - Started process (PID=47101) to work on /Users/tsimsek/airflow/dags/case2.py
[2025-06-10T16:50:54.352+0200] {processor.py:914} INFO - Processing file /Users/tsimsek/airflow/dags/case2.py for tasks to queue
[2025-06-10T16:50:54.352+0200] {logging_mixin.py:190} INFO - [2025-06-10T16:50:54.352+0200] {dagbag.py:588} INFO - Filling up the DagBag from /Users/tsimsek/airflow/dags/case2.py
[2025-06-10T16:50:54.852+0200] {processor.py:925} INFO - DAG(s) 'case2' retrieved from /Users/tsimsek/airflow/dags/case2.py
[2025-06-10T16:50:54.930+0200] {logging_mixin.py:190} INFO - [2025-06-10T16:50:54.930+0200] {dag.py:3239} INFO - Sync 1 DAGs
[2025-06-10T16:50:54.936+0200] {logging_mixin.py:190} INFO - [2025-06-10T16:50:54.936+0200] {dag.py:4180} INFO - Setting next_dagrun for case2 to 2025-06-10 00:00:00+00:00, run_after=2025-06-11 00:00:00+00:00
[2025-06-10T16:50:54.945+0200] {processor.py:208} INFO - Processing /Users/tsimsek/airflow/dags/case2.py took 0.602 seconds
