[2025-06-10T15:09:46.554+0200] {processor.py:186} INFO - Started process (PID=23015) to work on /Users/tsimsek/airflow/dags/mein_erster_dag.py
[2025-06-10T15:09:46.556+0200] {processor.py:914} INFO - Processing file /Users/tsimsek/airflow/dags/mein_erster_dag.py for tasks to queue
[2025-06-10T15:09:46.556+0200] {logging_mixin.py:190} INFO - [2025-06-10T15:09:46.556+0200] {dagbag.py:588} INFO - Filling up the DagBag from /Users/tsimsek/airflow/dags/mein_erster_dag.py
[2025-06-10T15:09:46.569+0200] {processor.py:925} INFO - DAG(s) 'mein_erster_dag' retrieved from /Users/tsimsek/airflow/dags/mein_erster_dag.py
[2025-06-10T15:09:46.741+0200] {logging_mixin.py:190} INFO - [2025-06-10T15:09:46.740+0200] {override.py:1930} INFO - Created Permission View: can read on DAG:mein_erster_dag
[2025-06-10T15:09:46.745+0200] {logging_mixin.py:190} INFO - [2025-06-10T15:09:46.745+0200] {override.py:1930} INFO - Created Permission View: can edit on DAG:mein_erster_dag
[2025-06-10T15:09:46.749+0200] {logging_mixin.py:190} INFO - [2025-06-10T15:09:46.749+0200] {override.py:1930} INFO - Created Permission View: can delete on DAG:mein_erster_dag
[2025-06-10T15:09:46.757+0200] {logging_mixin.py:190} INFO - [2025-06-10T15:09:46.757+0200] {override.py:1930} INFO - Created Permission View: menu access on DAG Run:mein_erster_dag
[2025-06-10T15:09:46.761+0200] {logging_mixin.py:190} INFO - [2025-06-10T15:09:46.761+0200] {override.py:1930} INFO - Created Permission View: can read on DAG Run:mein_erster_dag
[2025-06-10T15:09:46.765+0200] {logging_mixin.py:190} INFO - [2025-06-10T15:09:46.765+0200] {override.py:1930} INFO - Created Permission View: can delete on DAG Run:mein_erster_dag
[2025-06-10T15:09:46.769+0200] {logging_mixin.py:190} INFO - [2025-06-10T15:09:46.769+0200] {override.py:1930} INFO - Created Permission View: can create on DAG Run:mein_erster_dag
[2025-06-10T15:09:46.769+0200] {logging_mixin.py:190} INFO - [2025-06-10T15:09:46.769+0200] {dag.py:3239} INFO - Sync 1 DAGs
[2025-06-10T15:09:46.775+0200] {logging_mixin.py:190} INFO - [2025-06-10T15:09:46.775+0200] {dag.py:3262} INFO - Creating ORM DAG for mein_erster_dag
[2025-06-10T15:09:46.778+0200] {logging_mixin.py:190} INFO - [2025-06-10T15:09:46.778+0200] {dag.py:4180} INFO - Setting next_dagrun for mein_erster_dag to 2024-01-01 00:00:00+00:00, run_after=2024-01-02 00:00:00+00:00
[2025-06-10T15:09:46.785+0200] {processor.py:208} INFO - Processing /Users/tsimsek/airflow/dags/mein_erster_dag.py took 0.239 seconds
[2025-06-10T15:10:27.006+0200] {processor.py:186} INFO - Started process (PID=23258) to work on /Users/tsimsek/airflow/dags/mein_erster_dag.py
[2025-06-10T15:10:27.007+0200] {processor.py:914} INFO - Processing file /Users/tsimsek/airflow/dags/mein_erster_dag.py for tasks to queue
[2025-06-10T15:10:27.008+0200] {logging_mixin.py:190} INFO - [2025-06-10T15:10:27.008+0200] {dagbag.py:588} INFO - Filling up the DagBag from /Users/tsimsek/airflow/dags/mein_erster_dag.py
[2025-06-10T15:10:27.021+0200] {processor.py:925} INFO - DAG(s) 'mein_erster_dag' retrieved from /Users/tsimsek/airflow/dags/mein_erster_dag.py
[2025-06-10T15:10:27.078+0200] {logging_mixin.py:190} INFO - [2025-06-10T15:10:27.078+0200] {dag.py:3239} INFO - Sync 1 DAGs
[2025-06-10T15:10:27.084+0200] {logging_mixin.py:190} INFO - [2025-06-10T15:10:27.084+0200] {dag.py:4180} INFO - Setting next_dagrun for mein_erster_dag to 2024-01-01 00:00:00+00:00, run_after=2024-01-02 00:00:00+00:00
[2025-06-10T15:10:27.093+0200] {processor.py:208} INFO - Processing /Users/tsimsek/airflow/dags/mein_erster_dag.py took 0.093 seconds
[2025-06-10T15:11:08.277+0200] {processor.py:186} INFO - Started process (PID=23583) to work on /Users/tsimsek/airflow/dags/mein_erster_dag.py
[2025-06-10T15:11:08.279+0200] {processor.py:914} INFO - Processing file /Users/tsimsek/airflow/dags/mein_erster_dag.py for tasks to queue
[2025-06-10T15:11:08.280+0200] {logging_mixin.py:190} INFO - [2025-06-10T15:11:08.279+0200] {dagbag.py:588} INFO - Filling up the DagBag from /Users/tsimsek/airflow/dags/mein_erster_dag.py
[2025-06-10T15:11:08.285+0200] {processor.py:925} INFO - DAG(s) 'mein_erster_dag' retrieved from /Users/tsimsek/airflow/dags/mein_erster_dag.py
[2025-06-10T15:11:08.341+0200] {logging_mixin.py:190} INFO - [2025-06-10T15:11:08.341+0200] {dag.py:3239} INFO - Sync 1 DAGs
[2025-06-10T15:11:08.347+0200] {logging_mixin.py:190} INFO - [2025-06-10T15:11:08.347+0200] {dag.py:4180} INFO - Setting next_dagrun for mein_erster_dag to 2024-01-01 00:00:00+00:00, run_after=2024-01-02 00:00:00+00:00
[2025-06-10T15:11:08.356+0200] {processor.py:208} INFO - Processing /Users/tsimsek/airflow/dags/mein_erster_dag.py took 0.087 seconds
[2025-06-10T15:11:39.540+0200] {processor.py:186} INFO - Started process (PID=23655) to work on /Users/tsimsek/airflow/dags/mein_erster_dag.py
[2025-06-10T15:11:39.542+0200] {processor.py:914} INFO - Processing file /Users/tsimsek/airflow/dags/mein_erster_dag.py for tasks to queue
[2025-06-10T15:11:39.543+0200] {logging_mixin.py:190} INFO - [2025-06-10T15:11:39.543+0200] {dagbag.py:588} INFO - Filling up the DagBag from /Users/tsimsek/airflow/dags/mein_erster_dag.py
[2025-06-10T15:11:39.551+0200] {processor.py:925} INFO - DAG(s) 'mein_erster_dag' retrieved from /Users/tsimsek/airflow/dags/mein_erster_dag.py
[2025-06-10T15:11:39.608+0200] {logging_mixin.py:190} INFO - [2025-06-10T15:11:39.608+0200] {dag.py:3239} INFO - Sync 1 DAGs
[2025-06-10T15:11:39.614+0200] {logging_mixin.py:190} INFO - [2025-06-10T15:11:39.614+0200] {dag.py:4180} INFO - Setting next_dagrun for mein_erster_dag to 2024-01-01 00:00:00+00:00, run_after=2024-01-02 00:00:00+00:00
[2025-06-10T15:11:39.623+0200] {processor.py:208} INFO - Processing /Users/tsimsek/airflow/dags/mein_erster_dag.py took 0.093 seconds
[2025-06-10T15:12:11.668+0200] {processor.py:186} INFO - Started process (PID=23797) to work on /Users/tsimsek/airflow/dags/mein_erster_dag.py
[2025-06-10T15:12:11.669+0200] {processor.py:914} INFO - Processing file /Users/tsimsek/airflow/dags/mein_erster_dag.py for tasks to queue
[2025-06-10T15:12:11.670+0200] {logging_mixin.py:190} INFO - [2025-06-10T15:12:11.670+0200] {dagbag.py:588} INFO - Filling up the DagBag from /Users/tsimsek/airflow/dags/mein_erster_dag.py
[2025-06-10T15:12:11.677+0200] {processor.py:925} INFO - DAG(s) 'mein_erster_dag' retrieved from /Users/tsimsek/airflow/dags/mein_erster_dag.py
[2025-06-10T15:12:11.732+0200] {logging_mixin.py:190} INFO - [2025-06-10T15:12:11.732+0200] {dag.py:3239} INFO - Sync 1 DAGs
[2025-06-10T15:12:11.738+0200] {logging_mixin.py:190} INFO - [2025-06-10T15:12:11.738+0200] {dag.py:4180} INFO - Setting next_dagrun for mein_erster_dag to 2024-01-09 00:00:00+00:00, run_after=2024-01-10 00:00:00+00:00
[2025-06-10T15:12:11.747+0200] {processor.py:208} INFO - Processing /Users/tsimsek/airflow/dags/mein_erster_dag.py took 0.089 seconds
[2025-06-10T15:14:21.285+0200] {processor.py:186} INFO - Started process (PID=24289) to work on /Users/tsimsek/airflow/dags/mein_erster_dag.py
[2025-06-10T15:14:21.287+0200] {processor.py:914} INFO - Processing file /Users/tsimsek/airflow/dags/mein_erster_dag.py for tasks to queue
[2025-06-10T15:14:21.287+0200] {logging_mixin.py:190} INFO - [2025-06-10T15:14:21.287+0200] {dagbag.py:588} INFO - Filling up the DagBag from /Users/tsimsek/airflow/dags/mein_erster_dag.py
[2025-06-10T15:14:21.293+0200] {processor.py:925} INFO - DAG(s) 'mein_erster_dag' retrieved from /Users/tsimsek/airflow/dags/mein_erster_dag.py
[2025-06-10T15:14:21.350+0200] {logging_mixin.py:190} INFO - [2025-06-10T15:14:21.349+0200] {dag.py:3239} INFO - Sync 1 DAGs
[2025-06-10T15:14:21.356+0200] {logging_mixin.py:190} INFO - [2025-06-10T15:14:21.356+0200] {dag.py:4180} INFO - Setting next_dagrun for mein_erster_dag to 2024-01-09 00:00:00+00:00, run_after=2024-01-10 00:00:00+00:00
[2025-06-10T15:14:21.363+0200] {processor.py:208} INFO - Processing /Users/tsimsek/airflow/dags/mein_erster_dag.py took 0.086 seconds
[2025-06-10T15:14:54.104+0200] {processor.py:186} INFO - Started process (PID=24375) to work on /Users/tsimsek/airflow/dags/mein_erster_dag.py
[2025-06-10T15:14:54.106+0200] {processor.py:914} INFO - Processing file /Users/tsimsek/airflow/dags/mein_erster_dag.py for tasks to queue
[2025-06-10T15:14:54.107+0200] {logging_mixin.py:190} INFO - [2025-06-10T15:14:54.107+0200] {dagbag.py:588} INFO - Filling up the DagBag from /Users/tsimsek/airflow/dags/mein_erster_dag.py
[2025-06-10T15:14:54.113+0200] {processor.py:925} INFO - DAG(s) 'mein_erster_dag' retrieved from /Users/tsimsek/airflow/dags/mein_erster_dag.py
[2025-06-10T15:14:54.170+0200] {logging_mixin.py:190} INFO - [2025-06-10T15:14:54.169+0200] {dag.py:3239} INFO - Sync 1 DAGs
[2025-06-10T15:14:54.176+0200] {logging_mixin.py:190} INFO - [2025-06-10T15:14:54.176+0200] {dag.py:4180} INFO - Setting next_dagrun for mein_erster_dag to 2024-01-09 00:00:00+00:00, run_after=2024-01-10 00:00:00+00:00
[2025-06-10T15:14:54.185+0200] {processor.py:208} INFO - Processing /Users/tsimsek/airflow/dags/mein_erster_dag.py took 0.089 seconds
[2025-06-10T15:15:26.981+0200] {processor.py:186} INFO - Started process (PID=24485) to work on /Users/tsimsek/airflow/dags/mein_erster_dag.py
[2025-06-10T15:15:26.982+0200] {processor.py:914} INFO - Processing file /Users/tsimsek/airflow/dags/mein_erster_dag.py for tasks to queue
[2025-06-10T15:15:26.983+0200] {logging_mixin.py:190} INFO - [2025-06-10T15:15:26.983+0200] {dagbag.py:588} INFO - Filling up the DagBag from /Users/tsimsek/airflow/dags/mein_erster_dag.py
[2025-06-10T15:15:26.988+0200] {processor.py:925} INFO - DAG(s) 'mein_erster_dag' retrieved from /Users/tsimsek/airflow/dags/mein_erster_dag.py
[2025-06-10T15:15:27.043+0200] {logging_mixin.py:190} INFO - [2025-06-10T15:15:27.043+0200] {dag.py:3239} INFO - Sync 1 DAGs
[2025-06-10T15:15:27.049+0200] {logging_mixin.py:190} INFO - [2025-06-10T15:15:27.049+0200] {dag.py:4180} INFO - Setting next_dagrun for mein_erster_dag to 2024-01-09 00:00:00+00:00, run_after=2024-01-10 00:00:00+00:00
[2025-06-10T15:15:27.059+0200] {processor.py:208} INFO - Processing /Users/tsimsek/airflow/dags/mein_erster_dag.py took 0.086 seconds
[2025-06-10T15:15:58.631+0200] {processor.py:186} INFO - Started process (PID=24580) to work on /Users/tsimsek/airflow/dags/mein_erster_dag.py
[2025-06-10T15:15:58.633+0200] {processor.py:914} INFO - Processing file /Users/tsimsek/airflow/dags/mein_erster_dag.py for tasks to queue
[2025-06-10T15:15:58.633+0200] {logging_mixin.py:190} INFO - [2025-06-10T15:15:58.633+0200] {dagbag.py:588} INFO - Filling up the DagBag from /Users/tsimsek/airflow/dags/mein_erster_dag.py
[2025-06-10T15:15:58.640+0200] {processor.py:925} INFO - DAG(s) 'mein_erster_dag' retrieved from /Users/tsimsek/airflow/dags/mein_erster_dag.py
[2025-06-10T15:15:58.695+0200] {logging_mixin.py:190} INFO - [2025-06-10T15:15:58.695+0200] {dag.py:3239} INFO - Sync 1 DAGs
[2025-06-10T15:15:58.701+0200] {logging_mixin.py:190} INFO - [2025-06-10T15:15:58.701+0200] {dag.py:4180} INFO - Setting next_dagrun for mein_erster_dag to 2024-01-09 00:00:00+00:00, run_after=2024-01-10 00:00:00+00:00
[2025-06-10T15:15:58.710+0200] {processor.py:208} INFO - Processing /Users/tsimsek/airflow/dags/mein_erster_dag.py took 0.087 seconds
[2025-06-10T15:16:30.019+0200] {processor.py:186} INFO - Started process (PID=24667) to work on /Users/tsimsek/airflow/dags/mein_erster_dag.py
[2025-06-10T15:16:30.021+0200] {processor.py:914} INFO - Processing file /Users/tsimsek/airflow/dags/mein_erster_dag.py for tasks to queue
[2025-06-10T15:16:30.022+0200] {logging_mixin.py:190} INFO - [2025-06-10T15:16:30.022+0200] {dagbag.py:588} INFO - Filling up the DagBag from /Users/tsimsek/airflow/dags/mein_erster_dag.py
[2025-06-10T15:16:30.028+0200] {processor.py:925} INFO - DAG(s) 'mein_erster_dag' retrieved from /Users/tsimsek/airflow/dags/mein_erster_dag.py
[2025-06-10T15:16:30.084+0200] {logging_mixin.py:190} INFO - [2025-06-10T15:16:30.084+0200] {dag.py:3239} INFO - Sync 1 DAGs
[2025-06-10T15:16:30.090+0200] {logging_mixin.py:190} INFO - [2025-06-10T15:16:30.090+0200] {dag.py:4180} INFO - Setting next_dagrun for mein_erster_dag to 2024-01-09 00:00:00+00:00, run_after=2024-01-10 00:00:00+00:00
[2025-06-10T15:16:30.100+0200] {processor.py:208} INFO - Processing /Users/tsimsek/airflow/dags/mein_erster_dag.py took 0.092 seconds
[2025-06-10T15:17:09.632+0200] {processor.py:186} INFO - Started process (PID=24833) to work on /Users/tsimsek/airflow/dags/mein_erster_dag.py
[2025-06-10T15:17:09.634+0200] {processor.py:914} INFO - Processing file /Users/tsimsek/airflow/dags/mein_erster_dag.py for tasks to queue
[2025-06-10T15:17:09.634+0200] {logging_mixin.py:190} INFO - [2025-06-10T15:17:09.634+0200] {dagbag.py:588} INFO - Filling up the DagBag from /Users/tsimsek/airflow/dags/mein_erster_dag.py
[2025-06-10T15:17:09.641+0200] {processor.py:925} INFO - DAG(s) 'mein_erster_dag' retrieved from /Users/tsimsek/airflow/dags/mein_erster_dag.py
[2025-06-10T15:17:09.697+0200] {logging_mixin.py:190} INFO - [2025-06-10T15:17:09.696+0200] {dag.py:3239} INFO - Sync 1 DAGs
[2025-06-10T15:17:09.703+0200] {logging_mixin.py:190} INFO - [2025-06-10T15:17:09.703+0200] {dag.py:4180} INFO - Setting next_dagrun for mein_erster_dag to 2024-01-09 00:00:00+00:00, run_after=2024-01-10 00:00:00+00:00
[2025-06-10T15:17:09.712+0200] {processor.py:208} INFO - Processing /Users/tsimsek/airflow/dags/mein_erster_dag.py took 0.090 seconds
[2025-06-10T15:18:57.533+0200] {processor.py:186} INFO - Started process (PID=25286) to work on /Users/tsimsek/airflow/dags/mein_erster_dag.py
[2025-06-10T15:18:57.535+0200] {processor.py:914} INFO - Processing file /Users/tsimsek/airflow/dags/mein_erster_dag.py for tasks to queue
[2025-06-10T15:18:57.535+0200] {logging_mixin.py:190} INFO - [2025-06-10T15:18:57.535+0200] {dagbag.py:588} INFO - Filling up the DagBag from /Users/tsimsek/airflow/dags/mein_erster_dag.py
[2025-06-10T15:18:57.541+0200] {processor.py:925} INFO - DAG(s) 'mein_erster_dag' retrieved from /Users/tsimsek/airflow/dags/mein_erster_dag.py
[2025-06-10T15:18:57.597+0200] {logging_mixin.py:190} INFO - [2025-06-10T15:18:57.597+0200] {dag.py:3239} INFO - Sync 1 DAGs
[2025-06-10T15:18:57.603+0200] {logging_mixin.py:190} INFO - [2025-06-10T15:18:57.603+0200] {dag.py:4180} INFO - Setting next_dagrun for mein_erster_dag to 2024-01-09 00:00:00+00:00, run_after=2024-01-10 00:00:00+00:00
[2025-06-10T15:18:57.612+0200] {processor.py:208} INFO - Processing /Users/tsimsek/airflow/dags/mein_erster_dag.py took 0.088 seconds
[2025-06-10T15:22:44.732+0200] {processor.py:186} INFO - Started process (PID=26873) to work on /Users/tsimsek/airflow/dags/mein_erster_dag.py
[2025-06-10T15:22:44.735+0200] {processor.py:914} INFO - Processing file /Users/tsimsek/airflow/dags/mein_erster_dag.py for tasks to queue
[2025-06-10T15:22:44.735+0200] {logging_mixin.py:190} INFO - [2025-06-10T15:22:44.735+0200] {dagbag.py:588} INFO - Filling up the DagBag from /Users/tsimsek/airflow/dags/mein_erster_dag.py
[2025-06-10T15:22:44.748+0200] {processor.py:925} INFO - DAG(s) 'mein_erster_dag' retrieved from /Users/tsimsek/airflow/dags/mein_erster_dag.py
[2025-06-10T15:22:44.806+0200] {logging_mixin.py:190} INFO - [2025-06-10T15:22:44.806+0200] {dag.py:3239} INFO - Sync 1 DAGs
[2025-06-10T15:22:44.812+0200] {logging_mixin.py:190} INFO - [2025-06-10T15:22:44.812+0200] {dag.py:4180} INFO - Setting next_dagrun for mein_erster_dag to 2024-01-09 00:00:00+00:00, run_after=2024-01-10 00:00:00+00:00
[2025-06-10T15:22:44.819+0200] {processor.py:208} INFO - Processing /Users/tsimsek/airflow/dags/mein_erster_dag.py took 0.096 seconds
[2025-06-10T15:26:04.852+0200] {processor.py:186} INFO - Started process (PID=27517) to work on /Users/tsimsek/airflow/dags/mein_erster_dag.py
[2025-06-10T15:26:04.854+0200] {processor.py:914} INFO - Processing file /Users/tsimsek/airflow/dags/mein_erster_dag.py for tasks to queue
[2025-06-10T15:26:04.854+0200] {logging_mixin.py:190} INFO - [2025-06-10T15:26:04.854+0200] {dagbag.py:588} INFO - Filling up the DagBag from /Users/tsimsek/airflow/dags/mein_erster_dag.py
[2025-06-10T15:26:04.860+0200] {processor.py:925} INFO - DAG(s) 'mein_erster_dag' retrieved from /Users/tsimsek/airflow/dags/mein_erster_dag.py
[2025-06-10T15:26:04.917+0200] {logging_mixin.py:190} INFO - [2025-06-10T15:26:04.917+0200] {dag.py:3239} INFO - Sync 1 DAGs
[2025-06-10T15:26:04.923+0200] {logging_mixin.py:190} INFO - [2025-06-10T15:26:04.923+0200] {dag.py:4180} INFO - Setting next_dagrun for mein_erster_dag to 2024-01-09 00:00:00+00:00, run_after=2024-01-10 00:00:00+00:00
[2025-06-10T15:26:04.931+0200] {processor.py:208} INFO - Processing /Users/tsimsek/airflow/dags/mein_erster_dag.py took 0.088 seconds
[2025-06-10T15:29:33.505+0200] {processor.py:186} INFO - Started process (PID=28291) to work on /Users/tsimsek/airflow/dags/mein_erster_dag.py
[2025-06-10T15:29:33.507+0200] {processor.py:914} INFO - Processing file /Users/tsimsek/airflow/dags/mein_erster_dag.py for tasks to queue
[2025-06-10T15:29:33.508+0200] {logging_mixin.py:190} INFO - [2025-06-10T15:29:33.507+0200] {dagbag.py:588} INFO - Filling up the DagBag from /Users/tsimsek/airflow/dags/mein_erster_dag.py
[2025-06-10T15:29:33.514+0200] {processor.py:925} INFO - DAG(s) 'mein_erster_dag' retrieved from /Users/tsimsek/airflow/dags/mein_erster_dag.py
[2025-06-10T15:29:33.571+0200] {logging_mixin.py:190} INFO - [2025-06-10T15:29:33.571+0200] {dag.py:3239} INFO - Sync 1 DAGs
[2025-06-10T15:29:33.577+0200] {logging_mixin.py:190} INFO - [2025-06-10T15:29:33.577+0200] {dag.py:4180} INFO - Setting next_dagrun for mein_erster_dag to 2024-01-09 00:00:00+00:00, run_after=2024-01-10 00:00:00+00:00
[2025-06-10T15:29:33.586+0200] {processor.py:208} INFO - Processing /Users/tsimsek/airflow/dags/mein_erster_dag.py took 0.092 seconds
[2025-06-10T15:30:04.994+0200] {processor.py:186} INFO - Started process (PID=28381) to work on /Users/tsimsek/airflow/dags/mein_erster_dag.py
[2025-06-10T15:30:04.996+0200] {processor.py:914} INFO - Processing file /Users/tsimsek/airflow/dags/mein_erster_dag.py for tasks to queue
[2025-06-10T15:30:04.996+0200] {logging_mixin.py:190} INFO - [2025-06-10T15:30:04.996+0200] {dagbag.py:588} INFO - Filling up the DagBag from /Users/tsimsek/airflow/dags/mein_erster_dag.py
[2025-06-10T15:30:05.002+0200] {processor.py:925} INFO - DAG(s) 'mein_erster_dag' retrieved from /Users/tsimsek/airflow/dags/mein_erster_dag.py
[2025-06-10T15:30:05.057+0200] {logging_mixin.py:190} INFO - [2025-06-10T15:30:05.057+0200] {dag.py:3239} INFO - Sync 1 DAGs
[2025-06-10T15:30:05.063+0200] {logging_mixin.py:190} INFO - [2025-06-10T15:30:05.063+0200] {dag.py:4180} INFO - Setting next_dagrun for mein_erster_dag to 2024-01-09 00:00:00+00:00, run_after=2024-01-10 00:00:00+00:00
[2025-06-10T15:30:05.070+0200] {processor.py:208} INFO - Processing /Users/tsimsek/airflow/dags/mein_erster_dag.py took 0.084 seconds
[2025-06-10T15:30:39.985+0200] {processor.py:186} INFO - Started process (PID=28478) to work on /Users/tsimsek/airflow/dags/mein_erster_dag.py
[2025-06-10T15:30:39.987+0200] {processor.py:914} INFO - Processing file /Users/tsimsek/airflow/dags/mein_erster_dag.py for tasks to queue
[2025-06-10T15:30:39.987+0200] {logging_mixin.py:190} INFO - [2025-06-10T15:30:39.987+0200] {dagbag.py:588} INFO - Filling up the DagBag from /Users/tsimsek/airflow/dags/mein_erster_dag.py
[2025-06-10T15:30:39.992+0200] {processor.py:925} INFO - DAG(s) 'mein_erster_dag' retrieved from /Users/tsimsek/airflow/dags/mein_erster_dag.py
[2025-06-10T15:30:40.047+0200] {logging_mixin.py:190} INFO - [2025-06-10T15:30:40.047+0200] {dag.py:3239} INFO - Sync 1 DAGs
[2025-06-10T15:30:40.053+0200] {logging_mixin.py:190} INFO - [2025-06-10T15:30:40.053+0200] {dag.py:4180} INFO - Setting next_dagrun for mein_erster_dag to 2024-01-09 00:00:00+00:00, run_after=2024-01-10 00:00:00+00:00
[2025-06-10T15:30:40.061+0200] {processor.py:208} INFO - Processing /Users/tsimsek/airflow/dags/mein_erster_dag.py took 0.083 seconds
[2025-06-10T15:31:11.253+0200] {processor.py:186} INFO - Started process (PID=28591) to work on /Users/tsimsek/airflow/dags/mein_erster_dag.py
[2025-06-10T15:31:11.254+0200] {processor.py:914} INFO - Processing file /Users/tsimsek/airflow/dags/mein_erster_dag.py for tasks to queue
[2025-06-10T15:31:11.255+0200] {logging_mixin.py:190} INFO - [2025-06-10T15:31:11.255+0200] {dagbag.py:588} INFO - Filling up the DagBag from /Users/tsimsek/airflow/dags/mein_erster_dag.py
[2025-06-10T15:31:11.261+0200] {processor.py:925} INFO - DAG(s) 'mein_erster_dag' retrieved from /Users/tsimsek/airflow/dags/mein_erster_dag.py
[2025-06-10T15:31:11.317+0200] {logging_mixin.py:190} INFO - [2025-06-10T15:31:11.316+0200] {dag.py:3239} INFO - Sync 1 DAGs
[2025-06-10T15:31:11.323+0200] {logging_mixin.py:190} INFO - [2025-06-10T15:31:11.323+0200] {dag.py:4180} INFO - Setting next_dagrun for mein_erster_dag to 2024-01-09 00:00:00+00:00, run_after=2024-01-10 00:00:00+00:00
[2025-06-10T15:31:11.333+0200] {processor.py:208} INFO - Processing /Users/tsimsek/airflow/dags/mein_erster_dag.py took 0.089 seconds
[2025-06-10T15:31:43.619+0200] {processor.py:186} INFO - Started process (PID=28662) to work on /Users/tsimsek/airflow/dags/mein_erster_dag.py
[2025-06-10T15:31:43.621+0200] {processor.py:914} INFO - Processing file /Users/tsimsek/airflow/dags/mein_erster_dag.py for tasks to queue
[2025-06-10T15:31:43.622+0200] {logging_mixin.py:190} INFO - [2025-06-10T15:31:43.622+0200] {dagbag.py:588} INFO - Filling up the DagBag from /Users/tsimsek/airflow/dags/mein_erster_dag.py
[2025-06-10T15:31:43.628+0200] {processor.py:925} INFO - DAG(s) 'mein_erster_dag' retrieved from /Users/tsimsek/airflow/dags/mein_erster_dag.py
[2025-06-10T15:31:43.688+0200] {logging_mixin.py:190} INFO - [2025-06-10T15:31:43.688+0200] {dag.py:3239} INFO - Sync 1 DAGs
[2025-06-10T15:31:43.694+0200] {logging_mixin.py:190} INFO - [2025-06-10T15:31:43.694+0200] {dag.py:4180} INFO - Setting next_dagrun for mein_erster_dag to 2024-01-09 00:00:00+00:00, run_after=2024-01-10 00:00:00+00:00
[2025-06-10T15:31:43.703+0200] {processor.py:208} INFO - Processing /Users/tsimsek/airflow/dags/mein_erster_dag.py took 0.092 seconds
[2025-06-10T15:32:15.295+0200] {processor.py:186} INFO - Started process (PID=28758) to work on /Users/tsimsek/airflow/dags/mein_erster_dag.py
[2025-06-10T15:32:15.297+0200] {processor.py:914} INFO - Processing file /Users/tsimsek/airflow/dags/mein_erster_dag.py for tasks to queue
[2025-06-10T15:32:15.297+0200] {logging_mixin.py:190} INFO - [2025-06-10T15:32:15.297+0200] {dagbag.py:588} INFO - Filling up the DagBag from /Users/tsimsek/airflow/dags/mein_erster_dag.py
[2025-06-10T15:32:15.304+0200] {processor.py:925} INFO - DAG(s) 'mein_erster_dag' retrieved from /Users/tsimsek/airflow/dags/mein_erster_dag.py
[2025-06-10T15:32:15.362+0200] {logging_mixin.py:190} INFO - [2025-06-10T15:32:15.362+0200] {dag.py:3239} INFO - Sync 1 DAGs
[2025-06-10T15:32:15.368+0200] {logging_mixin.py:190} INFO - [2025-06-10T15:32:15.368+0200] {dag.py:4180} INFO - Setting next_dagrun for mein_erster_dag to 2024-01-09 00:00:00+00:00, run_after=2024-01-10 00:00:00+00:00
[2025-06-10T15:32:15.378+0200] {processor.py:208} INFO - Processing /Users/tsimsek/airflow/dags/mein_erster_dag.py took 0.092 seconds
[2025-06-10T15:32:47.125+0200] {processor.py:186} INFO - Started process (PID=28832) to work on /Users/tsimsek/airflow/dags/mein_erster_dag.py
[2025-06-10T15:32:47.127+0200] {processor.py:914} INFO - Processing file /Users/tsimsek/airflow/dags/mein_erster_dag.py for tasks to queue
[2025-06-10T15:32:47.127+0200] {logging_mixin.py:190} INFO - [2025-06-10T15:32:47.127+0200] {dagbag.py:588} INFO - Filling up the DagBag from /Users/tsimsek/airflow/dags/mein_erster_dag.py
[2025-06-10T15:32:47.134+0200] {processor.py:925} INFO - DAG(s) 'mein_erster_dag' retrieved from /Users/tsimsek/airflow/dags/mein_erster_dag.py
[2025-06-10T15:32:47.191+0200] {logging_mixin.py:190} INFO - [2025-06-10T15:32:47.191+0200] {dag.py:3239} INFO - Sync 1 DAGs
[2025-06-10T15:32:47.198+0200] {logging_mixin.py:190} INFO - [2025-06-10T15:32:47.198+0200] {dag.py:4180} INFO - Setting next_dagrun for mein_erster_dag to 2024-01-09 00:00:00+00:00, run_after=2024-01-10 00:00:00+00:00
[2025-06-10T15:32:47.206+0200] {processor.py:208} INFO - Processing /Users/tsimsek/airflow/dags/mein_erster_dag.py took 0.090 seconds
[2025-06-10T15:33:18.723+0200] {processor.py:186} INFO - Started process (PID=28931) to work on /Users/tsimsek/airflow/dags/mein_erster_dag.py
[2025-06-10T15:33:18.725+0200] {processor.py:914} INFO - Processing file /Users/tsimsek/airflow/dags/mein_erster_dag.py for tasks to queue
[2025-06-10T15:33:18.726+0200] {logging_mixin.py:190} INFO - [2025-06-10T15:33:18.725+0200] {dagbag.py:588} INFO - Filling up the DagBag from /Users/tsimsek/airflow/dags/mein_erster_dag.py
[2025-06-10T15:33:18.740+0200] {processor.py:925} INFO - DAG(s) 'mein_erster_dag' retrieved from /Users/tsimsek/airflow/dags/mein_erster_dag.py
[2025-06-10T15:33:18.797+0200] {logging_mixin.py:190} INFO - [2025-06-10T15:33:18.797+0200] {dag.py:3239} INFO - Sync 1 DAGs
[2025-06-10T15:33:18.803+0200] {logging_mixin.py:190} INFO - [2025-06-10T15:33:18.803+0200] {dag.py:4180} INFO - Setting next_dagrun for mein_erster_dag to 2024-01-09 00:00:00+00:00, run_after=2024-01-10 00:00:00+00:00
[2025-06-10T15:33:18.812+0200] {processor.py:208} INFO - Processing /Users/tsimsek/airflow/dags/mein_erster_dag.py took 0.097 seconds
[2025-06-10T15:33:50.540+0200] {processor.py:186} INFO - Started process (PID=28997) to work on /Users/tsimsek/airflow/dags/mein_erster_dag.py
[2025-06-10T15:33:50.541+0200] {processor.py:914} INFO - Processing file /Users/tsimsek/airflow/dags/mein_erster_dag.py for tasks to queue
[2025-06-10T15:33:50.542+0200] {logging_mixin.py:190} INFO - [2025-06-10T15:33:50.542+0200] {dagbag.py:588} INFO - Filling up the DagBag from /Users/tsimsek/airflow/dags/mein_erster_dag.py
[2025-06-10T15:33:50.547+0200] {processor.py:925} INFO - DAG(s) 'mein_erster_dag' retrieved from /Users/tsimsek/airflow/dags/mein_erster_dag.py
[2025-06-10T15:33:50.601+0200] {logging_mixin.py:190} INFO - [2025-06-10T15:33:50.601+0200] {dag.py:3239} INFO - Sync 1 DAGs
[2025-06-10T15:33:50.607+0200] {logging_mixin.py:190} INFO - [2025-06-10T15:33:50.607+0200] {dag.py:4180} INFO - Setting next_dagrun for mein_erster_dag to 2024-01-09 00:00:00+00:00, run_after=2024-01-10 00:00:00+00:00
[2025-06-10T15:33:50.614+0200] {processor.py:208} INFO - Processing /Users/tsimsek/airflow/dags/mein_erster_dag.py took 0.082 seconds
[2025-06-10T15:34:22.132+0200] {processor.py:186} INFO - Started process (PID=29120) to work on /Users/tsimsek/airflow/dags/mein_erster_dag.py
[2025-06-10T15:34:22.134+0200] {processor.py:914} INFO - Processing file /Users/tsimsek/airflow/dags/mein_erster_dag.py for tasks to queue
[2025-06-10T15:34:22.135+0200] {logging_mixin.py:190} INFO - [2025-06-10T15:34:22.135+0200] {dagbag.py:588} INFO - Filling up the DagBag from /Users/tsimsek/airflow/dags/mein_erster_dag.py
[2025-06-10T15:34:22.141+0200] {processor.py:925} INFO - DAG(s) 'mein_erster_dag' retrieved from /Users/tsimsek/airflow/dags/mein_erster_dag.py
[2025-06-10T15:34:22.197+0200] {logging_mixin.py:190} INFO - [2025-06-10T15:34:22.196+0200] {dag.py:3239} INFO - Sync 1 DAGs
[2025-06-10T15:34:22.202+0200] {logging_mixin.py:190} INFO - [2025-06-10T15:34:22.202+0200] {dag.py:4180} INFO - Setting next_dagrun for mein_erster_dag to 2024-01-09 00:00:00+00:00, run_after=2024-01-10 00:00:00+00:00
[2025-06-10T15:34:22.212+0200] {processor.py:208} INFO - Processing /Users/tsimsek/airflow/dags/mein_erster_dag.py took 0.088 seconds
[2025-06-10T15:34:54.026+0200] {processor.py:186} INFO - Started process (PID=29186) to work on /Users/tsimsek/airflow/dags/mein_erster_dag.py
[2025-06-10T15:34:54.029+0200] {processor.py:914} INFO - Processing file /Users/tsimsek/airflow/dags/mein_erster_dag.py for tasks to queue
[2025-06-10T15:34:54.029+0200] {logging_mixin.py:190} INFO - [2025-06-10T15:34:54.029+0200] {dagbag.py:588} INFO - Filling up the DagBag from /Users/tsimsek/airflow/dags/mein_erster_dag.py
[2025-06-10T15:34:54.038+0200] {processor.py:925} INFO - DAG(s) 'mein_erster_dag' retrieved from /Users/tsimsek/airflow/dags/mein_erster_dag.py
[2025-06-10T15:34:54.095+0200] {logging_mixin.py:190} INFO - [2025-06-10T15:34:54.095+0200] {dag.py:3239} INFO - Sync 1 DAGs
[2025-06-10T15:34:54.101+0200] {logging_mixin.py:190} INFO - [2025-06-10T15:34:54.101+0200] {dag.py:4180} INFO - Setting next_dagrun for mein_erster_dag to 2024-01-09 00:00:00+00:00, run_after=2024-01-10 00:00:00+00:00
[2025-06-10T15:34:54.110+0200] {processor.py:208} INFO - Processing /Users/tsimsek/airflow/dags/mein_erster_dag.py took 0.092 seconds
[2025-06-10T15:35:36.988+0200] {processor.py:186} INFO - Started process (PID=29488) to work on /Users/tsimsek/airflow/dags/mein_erster_dag.py
[2025-06-10T15:35:36.990+0200] {processor.py:914} INFO - Processing file /Users/tsimsek/airflow/dags/mein_erster_dag.py for tasks to queue
[2025-06-10T15:35:36.990+0200] {logging_mixin.py:190} INFO - [2025-06-10T15:35:36.990+0200] {dagbag.py:588} INFO - Filling up the DagBag from /Users/tsimsek/airflow/dags/mein_erster_dag.py
[2025-06-10T15:35:36.997+0200] {processor.py:925} INFO - DAG(s) 'mein_erster_dag' retrieved from /Users/tsimsek/airflow/dags/mein_erster_dag.py
[2025-06-10T15:35:37.054+0200] {logging_mixin.py:190} INFO - [2025-06-10T15:35:37.054+0200] {dag.py:3239} INFO - Sync 1 DAGs
[2025-06-10T15:35:37.060+0200] {logging_mixin.py:190} INFO - [2025-06-10T15:35:37.060+0200] {dag.py:4180} INFO - Setting next_dagrun for mein_erster_dag to 2024-01-09 00:00:00+00:00, run_after=2024-01-10 00:00:00+00:00
[2025-06-10T15:35:37.069+0200] {processor.py:208} INFO - Processing /Users/tsimsek/airflow/dags/mein_erster_dag.py took 0.090 seconds
[2025-06-10T15:36:16.931+0200] {processor.py:186} INFO - Started process (PID=29626) to work on /Users/tsimsek/airflow/dags/mein_erster_dag.py
[2025-06-10T15:36:16.933+0200] {processor.py:914} INFO - Processing file /Users/tsimsek/airflow/dags/mein_erster_dag.py for tasks to queue
[2025-06-10T15:36:16.933+0200] {logging_mixin.py:190} INFO - [2025-06-10T15:36:16.933+0200] {dagbag.py:588} INFO - Filling up the DagBag from /Users/tsimsek/airflow/dags/mein_erster_dag.py
[2025-06-10T15:36:16.952+0200] {processor.py:925} INFO - DAG(s) 'mein_erster_dag' retrieved from /Users/tsimsek/airflow/dags/mein_erster_dag.py
[2025-06-10T15:36:17.008+0200] {logging_mixin.py:190} INFO - [2025-06-10T15:36:17.008+0200] {dag.py:3239} INFO - Sync 1 DAGs
[2025-06-10T15:36:17.014+0200] {logging_mixin.py:190} INFO - [2025-06-10T15:36:17.014+0200] {dag.py:4180} INFO - Setting next_dagrun for mein_erster_dag to 2024-01-09 00:00:00+00:00, run_after=2024-01-10 00:00:00+00:00
[2025-06-10T15:36:17.021+0200] {processor.py:208} INFO - Processing /Users/tsimsek/airflow/dags/mein_erster_dag.py took 0.100 seconds
[2025-06-10T15:36:48.837+0200] {processor.py:186} INFO - Started process (PID=29689) to work on /Users/tsimsek/airflow/dags/mein_erster_dag.py
[2025-06-10T15:36:48.839+0200] {processor.py:914} INFO - Processing file /Users/tsimsek/airflow/dags/mein_erster_dag.py for tasks to queue
[2025-06-10T15:36:48.839+0200] {logging_mixin.py:190} INFO - [2025-06-10T15:36:48.839+0200] {dagbag.py:588} INFO - Filling up the DagBag from /Users/tsimsek/airflow/dags/mein_erster_dag.py
[2025-06-10T15:36:48.844+0200] {processor.py:925} INFO - DAG(s) 'mein_erster_dag' retrieved from /Users/tsimsek/airflow/dags/mein_erster_dag.py
[2025-06-10T15:36:48.900+0200] {logging_mixin.py:190} INFO - [2025-06-10T15:36:48.899+0200] {dag.py:3239} INFO - Sync 1 DAGs
[2025-06-10T15:36:48.906+0200] {logging_mixin.py:190} INFO - [2025-06-10T15:36:48.905+0200] {dag.py:4180} INFO - Setting next_dagrun for mein_erster_dag to 2024-01-09 00:00:00+00:00, run_after=2024-01-10 00:00:00+00:00
[2025-06-10T15:36:48.915+0200] {processor.py:208} INFO - Processing /Users/tsimsek/airflow/dags/mein_erster_dag.py took 0.086 seconds
[2025-06-10T15:37:20.524+0200] {processor.py:186} INFO - Started process (PID=30525) to work on /Users/tsimsek/airflow/dags/mein_erster_dag.py
[2025-06-10T15:37:20.526+0200] {processor.py:914} INFO - Processing file /Users/tsimsek/airflow/dags/mein_erster_dag.py for tasks to queue
[2025-06-10T15:37:20.527+0200] {logging_mixin.py:190} INFO - [2025-06-10T15:37:20.527+0200] {dagbag.py:588} INFO - Filling up the DagBag from /Users/tsimsek/airflow/dags/mein_erster_dag.py
[2025-06-10T15:37:20.532+0200] {processor.py:925} INFO - DAG(s) 'mein_erster_dag' retrieved from /Users/tsimsek/airflow/dags/mein_erster_dag.py
[2025-06-10T15:37:20.586+0200] {logging_mixin.py:190} INFO - [2025-06-10T15:37:20.585+0200] {dag.py:3239} INFO - Sync 1 DAGs
[2025-06-10T15:37:20.592+0200] {logging_mixin.py:190} INFO - [2025-06-10T15:37:20.592+0200] {dag.py:4180} INFO - Setting next_dagrun for mein_erster_dag to 2024-01-09 00:00:00+00:00, run_after=2024-01-10 00:00:00+00:00
[2025-06-10T15:37:20.599+0200] {processor.py:208} INFO - Processing /Users/tsimsek/airflow/dags/mein_erster_dag.py took 0.082 seconds
[2025-06-10T15:37:52.170+0200] {processor.py:186} INFO - Started process (PID=30636) to work on /Users/tsimsek/airflow/dags/mein_erster_dag.py
[2025-06-10T15:37:52.172+0200] {processor.py:914} INFO - Processing file /Users/tsimsek/airflow/dags/mein_erster_dag.py for tasks to queue
[2025-06-10T15:37:52.172+0200] {logging_mixin.py:190} INFO - [2025-06-10T15:37:52.172+0200] {dagbag.py:588} INFO - Filling up the DagBag from /Users/tsimsek/airflow/dags/mein_erster_dag.py
[2025-06-10T15:37:52.179+0200] {processor.py:925} INFO - DAG(s) 'mein_erster_dag' retrieved from /Users/tsimsek/airflow/dags/mein_erster_dag.py
[2025-06-10T15:37:52.233+0200] {logging_mixin.py:190} INFO - [2025-06-10T15:37:52.233+0200] {dag.py:3239} INFO - Sync 1 DAGs
[2025-06-10T15:37:52.239+0200] {logging_mixin.py:190} INFO - [2025-06-10T15:37:52.239+0200] {dag.py:4180} INFO - Setting next_dagrun for mein_erster_dag to 2024-01-09 00:00:00+00:00, run_after=2024-01-10 00:00:00+00:00
[2025-06-10T15:37:52.248+0200] {processor.py:208} INFO - Processing /Users/tsimsek/airflow/dags/mein_erster_dag.py took 0.086 seconds
[2025-06-10T15:38:23.818+0200] {processor.py:186} INFO - Started process (PID=30755) to work on /Users/tsimsek/airflow/dags/mein_erster_dag.py
[2025-06-10T15:38:23.820+0200] {processor.py:914} INFO - Processing file /Users/tsimsek/airflow/dags/mein_erster_dag.py for tasks to queue
[2025-06-10T15:38:23.820+0200] {logging_mixin.py:190} INFO - [2025-06-10T15:38:23.820+0200] {dagbag.py:588} INFO - Filling up the DagBag from /Users/tsimsek/airflow/dags/mein_erster_dag.py
[2025-06-10T15:38:23.826+0200] {processor.py:925} INFO - DAG(s) 'mein_erster_dag' retrieved from /Users/tsimsek/airflow/dags/mein_erster_dag.py
[2025-06-10T15:38:23.882+0200] {logging_mixin.py:190} INFO - [2025-06-10T15:38:23.882+0200] {dag.py:3239} INFO - Sync 1 DAGs
[2025-06-10T15:38:23.888+0200] {logging_mixin.py:190} INFO - [2025-06-10T15:38:23.888+0200] {dag.py:4180} INFO - Setting next_dagrun for mein_erster_dag to 2024-01-09 00:00:00+00:00, run_after=2024-01-10 00:00:00+00:00
[2025-06-10T15:38:23.897+0200] {processor.py:208} INFO - Processing /Users/tsimsek/airflow/dags/mein_erster_dag.py took 0.087 seconds
[2025-06-10T15:38:56.011+0200] {processor.py:186} INFO - Started process (PID=30839) to work on /Users/tsimsek/airflow/dags/mein_erster_dag.py
[2025-06-10T15:38:56.013+0200] {processor.py:914} INFO - Processing file /Users/tsimsek/airflow/dags/mein_erster_dag.py for tasks to queue
[2025-06-10T15:38:56.013+0200] {logging_mixin.py:190} INFO - [2025-06-10T15:38:56.013+0200] {dagbag.py:588} INFO - Filling up the DagBag from /Users/tsimsek/airflow/dags/mein_erster_dag.py
[2025-06-10T15:38:56.020+0200] {processor.py:925} INFO - DAG(s) 'mein_erster_dag' retrieved from /Users/tsimsek/airflow/dags/mein_erster_dag.py
[2025-06-10T15:38:56.076+0200] {logging_mixin.py:190} INFO - [2025-06-10T15:38:56.075+0200] {dag.py:3239} INFO - Sync 1 DAGs
[2025-06-10T15:38:56.082+0200] {logging_mixin.py:190} INFO - [2025-06-10T15:38:56.082+0200] {dag.py:4180} INFO - Setting next_dagrun for mein_erster_dag to 2024-01-09 00:00:00+00:00, run_after=2024-01-10 00:00:00+00:00
[2025-06-10T15:38:56.091+0200] {processor.py:208} INFO - Processing /Users/tsimsek/airflow/dags/mein_erster_dag.py took 0.089 seconds
[2025-06-10T15:39:37.954+0200] {processor.py:186} INFO - Started process (PID=31172) to work on /Users/tsimsek/airflow/dags/mein_erster_dag.py
[2025-06-10T15:39:37.956+0200] {processor.py:914} INFO - Processing file /Users/tsimsek/airflow/dags/mein_erster_dag.py for tasks to queue
[2025-06-10T15:39:37.956+0200] {logging_mixin.py:190} INFO - [2025-06-10T15:39:37.956+0200] {dagbag.py:588} INFO - Filling up the DagBag from /Users/tsimsek/airflow/dags/mein_erster_dag.py
[2025-06-10T15:39:37.961+0200] {processor.py:925} INFO - DAG(s) 'mein_erster_dag' retrieved from /Users/tsimsek/airflow/dags/mein_erster_dag.py
[2025-06-10T15:39:38.018+0200] {logging_mixin.py:190} INFO - [2025-06-10T15:39:38.018+0200] {dag.py:3239} INFO - Sync 1 DAGs
[2025-06-10T15:39:38.024+0200] {logging_mixin.py:190} INFO - [2025-06-10T15:39:38.024+0200] {dag.py:4180} INFO - Setting next_dagrun for mein_erster_dag to 2024-01-09 00:00:00+00:00, run_after=2024-01-10 00:00:00+00:00
[2025-06-10T15:39:38.031+0200] {processor.py:208} INFO - Processing /Users/tsimsek/airflow/dags/mein_erster_dag.py took 0.083 seconds
[2025-06-10T15:40:59.138+0200] {processor.py:186} INFO - Started process (PID=31577) to work on /Users/tsimsek/airflow/dags/mein_erster_dag.py
[2025-06-10T15:40:59.140+0200] {processor.py:914} INFO - Processing file /Users/tsimsek/airflow/dags/mein_erster_dag.py for tasks to queue
[2025-06-10T15:40:59.141+0200] {logging_mixin.py:190} INFO - [2025-06-10T15:40:59.141+0200] {dagbag.py:588} INFO - Filling up the DagBag from /Users/tsimsek/airflow/dags/mein_erster_dag.py
[2025-06-10T15:40:59.146+0200] {processor.py:925} INFO - DAG(s) 'mein_erster_dag' retrieved from /Users/tsimsek/airflow/dags/mein_erster_dag.py
[2025-06-10T15:40:59.215+0200] {logging_mixin.py:190} INFO - [2025-06-10T15:40:59.215+0200] {dag.py:3239} INFO - Sync 1 DAGs
[2025-06-10T15:40:59.222+0200] {logging_mixin.py:190} INFO - [2025-06-10T15:40:59.222+0200] {dag.py:4180} INFO - Setting next_dagrun for mein_erster_dag to 2024-01-09 00:00:00+00:00, run_after=2024-01-10 00:00:00+00:00
[2025-06-10T15:40:59.232+0200] {processor.py:208} INFO - Processing /Users/tsimsek/airflow/dags/mein_erster_dag.py took 0.105 seconds
[2025-06-10T15:41:31.770+0200] {processor.py:186} INFO - Started process (PID=31688) to work on /Users/tsimsek/airflow/dags/mein_erster_dag.py
[2025-06-10T15:41:31.772+0200] {processor.py:914} INFO - Processing file /Users/tsimsek/airflow/dags/mein_erster_dag.py for tasks to queue
[2025-06-10T15:41:31.772+0200] {logging_mixin.py:190} INFO - [2025-06-10T15:41:31.772+0200] {dagbag.py:588} INFO - Filling up the DagBag from /Users/tsimsek/airflow/dags/mein_erster_dag.py
[2025-06-10T15:41:31.779+0200] {processor.py:925} INFO - DAG(s) 'mein_erster_dag' retrieved from /Users/tsimsek/airflow/dags/mein_erster_dag.py
[2025-06-10T15:41:31.838+0200] {logging_mixin.py:190} INFO - [2025-06-10T15:41:31.838+0200] {dag.py:3239} INFO - Sync 1 DAGs
[2025-06-10T15:41:31.844+0200] {logging_mixin.py:190} INFO - [2025-06-10T15:41:31.844+0200] {dag.py:4180} INFO - Setting next_dagrun for mein_erster_dag to 2024-01-09 00:00:00+00:00, run_after=2024-01-10 00:00:00+00:00
[2025-06-10T15:41:31.853+0200] {processor.py:208} INFO - Processing /Users/tsimsek/airflow/dags/mein_erster_dag.py took 0.093 seconds
[2025-06-10T15:42:03.479+0200] {processor.py:186} INFO - Started process (PID=31787) to work on /Users/tsimsek/airflow/dags/mein_erster_dag.py
[2025-06-10T15:42:03.481+0200] {processor.py:914} INFO - Processing file /Users/tsimsek/airflow/dags/mein_erster_dag.py for tasks to queue
[2025-06-10T15:42:03.482+0200] {logging_mixin.py:190} INFO - [2025-06-10T15:42:03.482+0200] {dagbag.py:588} INFO - Filling up the DagBag from /Users/tsimsek/airflow/dags/mein_erster_dag.py
[2025-06-10T15:42:03.487+0200] {processor.py:925} INFO - DAG(s) 'mein_erster_dag' retrieved from /Users/tsimsek/airflow/dags/mein_erster_dag.py
[2025-06-10T15:42:03.545+0200] {logging_mixin.py:190} INFO - [2025-06-10T15:42:03.545+0200] {dag.py:3239} INFO - Sync 1 DAGs
[2025-06-10T15:42:03.551+0200] {logging_mixin.py:190} INFO - [2025-06-10T15:42:03.551+0200] {dag.py:4180} INFO - Setting next_dagrun for mein_erster_dag to 2024-01-09 00:00:00+00:00, run_after=2024-01-10 00:00:00+00:00
[2025-06-10T15:42:03.558+0200] {processor.py:208} INFO - Processing /Users/tsimsek/airflow/dags/mein_erster_dag.py took 0.087 seconds
[2025-06-10T15:42:36.130+0200] {processor.py:186} INFO - Started process (PID=31895) to work on /Users/tsimsek/airflow/dags/mein_erster_dag.py
[2025-06-10T15:42:36.132+0200] {processor.py:914} INFO - Processing file /Users/tsimsek/airflow/dags/mein_erster_dag.py for tasks to queue
[2025-06-10T15:42:36.132+0200] {logging_mixin.py:190} INFO - [2025-06-10T15:42:36.132+0200] {dagbag.py:588} INFO - Filling up the DagBag from /Users/tsimsek/airflow/dags/mein_erster_dag.py
[2025-06-10T15:42:36.138+0200] {processor.py:925} INFO - DAG(s) 'mein_erster_dag' retrieved from /Users/tsimsek/airflow/dags/mein_erster_dag.py
[2025-06-10T15:42:36.195+0200] {logging_mixin.py:190} INFO - [2025-06-10T15:42:36.195+0200] {dag.py:3239} INFO - Sync 1 DAGs
[2025-06-10T15:42:36.201+0200] {logging_mixin.py:190} INFO - [2025-06-10T15:42:36.201+0200] {dag.py:4180} INFO - Setting next_dagrun for mein_erster_dag to 2024-01-09 00:00:00+00:00, run_after=2024-01-10 00:00:00+00:00
[2025-06-10T15:42:36.209+0200] {processor.py:208} INFO - Processing /Users/tsimsek/airflow/dags/mein_erster_dag.py took 0.088 seconds
[2025-06-10T15:43:07.702+0200] {processor.py:186} INFO - Started process (PID=31980) to work on /Users/tsimsek/airflow/dags/mein_erster_dag.py
[2025-06-10T15:43:07.705+0200] {processor.py:914} INFO - Processing file /Users/tsimsek/airflow/dags/mein_erster_dag.py for tasks to queue
[2025-06-10T15:43:07.705+0200] {logging_mixin.py:190} INFO - [2025-06-10T15:43:07.705+0200] {dagbag.py:588} INFO - Filling up the DagBag from /Users/tsimsek/airflow/dags/mein_erster_dag.py
[2025-06-10T15:43:07.711+0200] {processor.py:925} INFO - DAG(s) 'mein_erster_dag' retrieved from /Users/tsimsek/airflow/dags/mein_erster_dag.py
[2025-06-10T15:43:07.768+0200] {logging_mixin.py:190} INFO - [2025-06-10T15:43:07.768+0200] {dag.py:3239} INFO - Sync 1 DAGs
[2025-06-10T15:43:07.774+0200] {logging_mixin.py:190} INFO - [2025-06-10T15:43:07.774+0200] {dag.py:4180} INFO - Setting next_dagrun for mein_erster_dag to 2024-01-09 00:00:00+00:00, run_after=2024-01-10 00:00:00+00:00
[2025-06-10T15:43:07.782+0200] {processor.py:208} INFO - Processing /Users/tsimsek/airflow/dags/mein_erster_dag.py took 0.088 seconds
[2025-06-10T15:43:39.397+0200] {processor.py:186} INFO - Started process (PID=32097) to work on /Users/tsimsek/airflow/dags/mein_erster_dag.py
[2025-06-10T15:43:39.399+0200] {processor.py:914} INFO - Processing file /Users/tsimsek/airflow/dags/mein_erster_dag.py for tasks to queue
[2025-06-10T15:43:39.399+0200] {logging_mixin.py:190} INFO - [2025-06-10T15:43:39.399+0200] {dagbag.py:588} INFO - Filling up the DagBag from /Users/tsimsek/airflow/dags/mein_erster_dag.py
[2025-06-10T15:43:39.406+0200] {processor.py:925} INFO - DAG(s) 'mein_erster_dag' retrieved from /Users/tsimsek/airflow/dags/mein_erster_dag.py
[2025-06-10T15:43:39.465+0200] {logging_mixin.py:190} INFO - [2025-06-10T15:43:39.465+0200] {dag.py:3239} INFO - Sync 1 DAGs
[2025-06-10T15:43:39.471+0200] {logging_mixin.py:190} INFO - [2025-06-10T15:43:39.471+0200] {dag.py:4180} INFO - Setting next_dagrun for mein_erster_dag to 2024-01-09 00:00:00+00:00, run_after=2024-01-10 00:00:00+00:00
[2025-06-10T15:43:39.483+0200] {processor.py:208} INFO - Processing /Users/tsimsek/airflow/dags/mein_erster_dag.py took 0.097 seconds
[2025-06-10T15:50:31.089+0200] {processor.py:186} INFO - Started process (PID=33274) to work on /Users/tsimsek/airflow/dags/mein_erster_dag.py
[2025-06-10T15:50:31.092+0200] {processor.py:914} INFO - Processing file /Users/tsimsek/airflow/dags/mein_erster_dag.py for tasks to queue
[2025-06-10T15:50:31.092+0200] {logging_mixin.py:190} INFO - [2025-06-10T15:50:31.092+0200] {dagbag.py:588} INFO - Filling up the DagBag from /Users/tsimsek/airflow/dags/mein_erster_dag.py
[2025-06-10T15:50:31.101+0200] {processor.py:925} INFO - DAG(s) 'mein_erster_dag' retrieved from /Users/tsimsek/airflow/dags/mein_erster_dag.py
[2025-06-10T15:50:31.162+0200] {logging_mixin.py:190} INFO - [2025-06-10T15:50:31.162+0200] {dag.py:3239} INFO - Sync 1 DAGs
[2025-06-10T15:50:31.169+0200] {logging_mixin.py:190} INFO - [2025-06-10T15:50:31.169+0200] {dag.py:4180} INFO - Setting next_dagrun for mein_erster_dag to 2024-01-09 00:00:00+00:00, run_after=2024-01-10 00:00:00+00:00
[2025-06-10T15:50:31.176+0200] {processor.py:208} INFO - Processing /Users/tsimsek/airflow/dags/mein_erster_dag.py took 0.097 seconds
[2025-06-10T15:51:03.425+0200] {processor.py:186} INFO - Started process (PID=33380) to work on /Users/tsimsek/airflow/dags/mein_erster_dag.py
[2025-06-10T15:51:03.426+0200] {processor.py:914} INFO - Processing file /Users/tsimsek/airflow/dags/mein_erster_dag.py for tasks to queue
[2025-06-10T15:51:03.427+0200] {logging_mixin.py:190} INFO - [2025-06-10T15:51:03.427+0200] {dagbag.py:588} INFO - Filling up the DagBag from /Users/tsimsek/airflow/dags/mein_erster_dag.py
[2025-06-10T15:51:03.433+0200] {processor.py:925} INFO - DAG(s) 'mein_erster_dag' retrieved from /Users/tsimsek/airflow/dags/mein_erster_dag.py
[2025-06-10T15:51:03.490+0200] {logging_mixin.py:190} INFO - [2025-06-10T15:51:03.490+0200] {dag.py:3239} INFO - Sync 1 DAGs
[2025-06-10T15:51:03.496+0200] {logging_mixin.py:190} INFO - [2025-06-10T15:51:03.496+0200] {dag.py:4180} INFO - Setting next_dagrun for mein_erster_dag to 2024-01-09 00:00:00+00:00, run_after=2024-01-10 00:00:00+00:00
[2025-06-10T15:51:03.503+0200] {processor.py:208} INFO - Processing /Users/tsimsek/airflow/dags/mein_erster_dag.py took 0.088 seconds
[2025-06-10T15:51:42.571+0200] {processor.py:186} INFO - Started process (PID=33496) to work on /Users/tsimsek/airflow/dags/mein_erster_dag.py
[2025-06-10T15:51:42.573+0200] {processor.py:914} INFO - Processing file /Users/tsimsek/airflow/dags/mein_erster_dag.py for tasks to queue
[2025-06-10T15:51:42.574+0200] {logging_mixin.py:190} INFO - [2025-06-10T15:51:42.573+0200] {dagbag.py:588} INFO - Filling up the DagBag from /Users/tsimsek/airflow/dags/mein_erster_dag.py
[2025-06-10T15:51:42.587+0200] {processor.py:925} INFO - DAG(s) 'mein_erster_dag' retrieved from /Users/tsimsek/airflow/dags/mein_erster_dag.py
[2025-06-10T15:51:42.644+0200] {logging_mixin.py:190} INFO - [2025-06-10T15:51:42.643+0200] {dag.py:3239} INFO - Sync 1 DAGs
[2025-06-10T15:51:42.650+0200] {logging_mixin.py:190} INFO - [2025-06-10T15:51:42.650+0200] {dag.py:4180} INFO - Setting next_dagrun for mein_erster_dag to 2024-01-09 00:00:00+00:00, run_after=2024-01-10 00:00:00+00:00
[2025-06-10T15:51:42.659+0200] {processor.py:208} INFO - Processing /Users/tsimsek/airflow/dags/mein_erster_dag.py took 0.097 seconds
[2025-06-10T15:52:14.233+0200] {processor.py:186} INFO - Started process (PID=33589) to work on /Users/tsimsek/airflow/dags/mein_erster_dag.py
[2025-06-10T15:52:14.235+0200] {processor.py:914} INFO - Processing file /Users/tsimsek/airflow/dags/mein_erster_dag.py for tasks to queue
[2025-06-10T15:52:14.235+0200] {logging_mixin.py:190} INFO - [2025-06-10T15:52:14.235+0200] {dagbag.py:588} INFO - Filling up the DagBag from /Users/tsimsek/airflow/dags/mein_erster_dag.py
[2025-06-10T15:52:14.241+0200] {processor.py:925} INFO - DAG(s) 'mein_erster_dag' retrieved from /Users/tsimsek/airflow/dags/mein_erster_dag.py
[2025-06-10T15:52:14.296+0200] {logging_mixin.py:190} INFO - [2025-06-10T15:52:14.296+0200] {dag.py:3239} INFO - Sync 1 DAGs
[2025-06-10T15:52:14.303+0200] {logging_mixin.py:190} INFO - [2025-06-10T15:52:14.303+0200] {dag.py:4180} INFO - Setting next_dagrun for mein_erster_dag to 2024-01-09 00:00:00+00:00, run_after=2024-01-10 00:00:00+00:00
[2025-06-10T15:52:14.312+0200] {processor.py:208} INFO - Processing /Users/tsimsek/airflow/dags/mein_erster_dag.py took 0.087 seconds
[2025-06-10T16:37:37.955+0200] {processor.py:186} INFO - Started process (PID=42928) to work on /Users/tsimsek/airflow/dags/mein_erster_dag.py
[2025-06-10T16:37:37.957+0200] {processor.py:914} INFO - Processing file /Users/tsimsek/airflow/dags/mein_erster_dag.py for tasks to queue
[2025-06-10T16:37:37.957+0200] {logging_mixin.py:190} INFO - [2025-06-10T16:37:37.957+0200] {dagbag.py:588} INFO - Filling up the DagBag from /Users/tsimsek/airflow/dags/mein_erster_dag.py
[2025-06-10T16:37:37.968+0200] {processor.py:925} INFO - DAG(s) 'mein_erster_dag' retrieved from /Users/tsimsek/airflow/dags/mein_erster_dag.py
[2025-06-10T16:37:38.024+0200] {logging_mixin.py:190} INFO - [2025-06-10T16:37:38.024+0200] {dag.py:3239} INFO - Sync 1 DAGs
[2025-06-10T16:37:38.031+0200] {logging_mixin.py:190} INFO - [2025-06-10T16:37:38.030+0200] {dag.py:4180} INFO - Setting next_dagrun for mein_erster_dag to 2024-01-09 00:00:00+00:00, run_after=2024-01-10 00:00:00+00:00
[2025-06-10T16:37:38.039+0200] {processor.py:208} INFO - Processing /Users/tsimsek/airflow/dags/mein_erster_dag.py took 0.091 seconds
[2025-06-10T16:38:09.038+0200] {processor.py:186} INFO - Started process (PID=43027) to work on /Users/tsimsek/airflow/dags/mein_erster_dag.py
[2025-06-10T16:38:09.040+0200] {processor.py:914} INFO - Processing file /Users/tsimsek/airflow/dags/mein_erster_dag.py for tasks to queue
[2025-06-10T16:38:09.040+0200] {logging_mixin.py:190} INFO - [2025-06-10T16:38:09.040+0200] {dagbag.py:588} INFO - Filling up the DagBag from /Users/tsimsek/airflow/dags/mein_erster_dag.py
[2025-06-10T16:38:09.046+0200] {processor.py:925} INFO - DAG(s) 'mein_erster_dag' retrieved from /Users/tsimsek/airflow/dags/mein_erster_dag.py
[2025-06-10T16:38:09.102+0200] {logging_mixin.py:190} INFO - [2025-06-10T16:38:09.102+0200] {dag.py:3239} INFO - Sync 1 DAGs
[2025-06-10T16:38:09.109+0200] {logging_mixin.py:190} INFO - [2025-06-10T16:38:09.109+0200] {dag.py:4180} INFO - Setting next_dagrun for mein_erster_dag to 2024-01-09 00:00:00+00:00, run_after=2024-01-10 00:00:00+00:00
[2025-06-10T16:38:09.116+0200] {processor.py:208} INFO - Processing /Users/tsimsek/airflow/dags/mein_erster_dag.py took 0.086 seconds
[2025-06-10T16:38:48.109+0200] {processor.py:186} INFO - Started process (PID=43345) to work on /Users/tsimsek/airflow/dags/mein_erster_dag.py
[2025-06-10T16:38:48.111+0200] {processor.py:914} INFO - Processing file /Users/tsimsek/airflow/dags/mein_erster_dag.py for tasks to queue
[2025-06-10T16:38:48.112+0200] {logging_mixin.py:190} INFO - [2025-06-10T16:38:48.112+0200] {dagbag.py:588} INFO - Filling up the DagBag from /Users/tsimsek/airflow/dags/mein_erster_dag.py
[2025-06-10T16:38:48.118+0200] {processor.py:925} INFO - DAG(s) 'mein_erster_dag' retrieved from /Users/tsimsek/airflow/dags/mein_erster_dag.py
[2025-06-10T16:38:48.175+0200] {logging_mixin.py:190} INFO - [2025-06-10T16:38:48.175+0200] {dag.py:3239} INFO - Sync 1 DAGs
[2025-06-10T16:38:48.181+0200] {logging_mixin.py:190} INFO - [2025-06-10T16:38:48.181+0200] {dag.py:4180} INFO - Setting next_dagrun for mein_erster_dag to 2024-01-09 00:00:00+00:00, run_after=2024-01-10 00:00:00+00:00
[2025-06-10T16:38:48.190+0200] {processor.py:208} INFO - Processing /Users/tsimsek/airflow/dags/mein_erster_dag.py took 0.090 seconds
[2025-06-10T16:40:13.247+0200] {processor.py:186} INFO - Started process (PID=43787) to work on /Users/tsimsek/airflow/dags/mein_erster_dag.py
[2025-06-10T16:40:13.249+0200] {processor.py:914} INFO - Processing file /Users/tsimsek/airflow/dags/mein_erster_dag.py for tasks to queue
[2025-06-10T16:40:13.249+0200] {logging_mixin.py:190} INFO - [2025-06-10T16:40:13.249+0200] {dagbag.py:588} INFO - Filling up the DagBag from /Users/tsimsek/airflow/dags/mein_erster_dag.py
[2025-06-10T16:40:13.255+0200] {processor.py:925} INFO - DAG(s) 'mein_erster_dag' retrieved from /Users/tsimsek/airflow/dags/mein_erster_dag.py
[2025-06-10T16:40:13.316+0200] {logging_mixin.py:190} INFO - [2025-06-10T16:40:13.316+0200] {dag.py:3239} INFO - Sync 1 DAGs
[2025-06-10T16:40:13.324+0200] {logging_mixin.py:190} INFO - [2025-06-10T16:40:13.324+0200] {dag.py:4180} INFO - Setting next_dagrun for mein_erster_dag to 2024-01-09 00:00:00+00:00, run_after=2024-01-10 00:00:00+00:00
[2025-06-10T16:40:13.339+0200] {processor.py:208} INFO - Processing /Users/tsimsek/airflow/dags/mein_erster_dag.py took 0.099 seconds
[2025-06-10T16:40:44.522+0200] {processor.py:186} INFO - Started process (PID=43887) to work on /Users/tsimsek/airflow/dags/mein_erster_dag.py
[2025-06-10T16:40:44.524+0200] {processor.py:914} INFO - Processing file /Users/tsimsek/airflow/dags/mein_erster_dag.py for tasks to queue
[2025-06-10T16:40:44.525+0200] {logging_mixin.py:190} INFO - [2025-06-10T16:40:44.524+0200] {dagbag.py:588} INFO - Filling up the DagBag from /Users/tsimsek/airflow/dags/mein_erster_dag.py
[2025-06-10T16:40:44.534+0200] {processor.py:925} INFO - DAG(s) 'mein_erster_dag' retrieved from /Users/tsimsek/airflow/dags/mein_erster_dag.py
[2025-06-10T16:40:44.592+0200] {logging_mixin.py:190} INFO - [2025-06-10T16:40:44.592+0200] {dag.py:3239} INFO - Sync 1 DAGs
[2025-06-10T16:40:44.599+0200] {logging_mixin.py:190} INFO - [2025-06-10T16:40:44.599+0200] {dag.py:4180} INFO - Setting next_dagrun for mein_erster_dag to 2024-01-09 00:00:00+00:00, run_after=2024-01-10 00:00:00+00:00
[2025-06-10T16:40:44.606+0200] {processor.py:208} INFO - Processing /Users/tsimsek/airflow/dags/mein_erster_dag.py took 0.095 seconds
[2025-06-10T16:41:16.843+0200] {processor.py:186} INFO - Started process (PID=44023) to work on /Users/tsimsek/airflow/dags/mein_erster_dag.py
[2025-06-10T16:41:16.845+0200] {processor.py:914} INFO - Processing file /Users/tsimsek/airflow/dags/mein_erster_dag.py for tasks to queue
[2025-06-10T16:41:16.846+0200] {logging_mixin.py:190} INFO - [2025-06-10T16:41:16.846+0200] {dagbag.py:588} INFO - Filling up the DagBag from /Users/tsimsek/airflow/dags/mein_erster_dag.py
[2025-06-10T16:41:16.852+0200] {processor.py:925} INFO - DAG(s) 'mein_erster_dag' retrieved from /Users/tsimsek/airflow/dags/mein_erster_dag.py
[2025-06-10T16:41:16.910+0200] {logging_mixin.py:190} INFO - [2025-06-10T16:41:16.910+0200] {dag.py:3239} INFO - Sync 1 DAGs
[2025-06-10T16:41:16.917+0200] {logging_mixin.py:190} INFO - [2025-06-10T16:41:16.917+0200] {dag.py:4180} INFO - Setting next_dagrun for mein_erster_dag to 2024-01-09 00:00:00+00:00, run_after=2024-01-10 00:00:00+00:00
[2025-06-10T16:41:16.926+0200] {processor.py:208} INFO - Processing /Users/tsimsek/airflow/dags/mein_erster_dag.py took 0.092 seconds
[2025-06-10T16:41:50.527+0200] {processor.py:186} INFO - Started process (PID=44144) to work on /Users/tsimsek/airflow/dags/mein_erster_dag.py
[2025-06-10T16:41:50.529+0200] {processor.py:914} INFO - Processing file /Users/tsimsek/airflow/dags/mein_erster_dag.py for tasks to queue
[2025-06-10T16:41:50.529+0200] {logging_mixin.py:190} INFO - [2025-06-10T16:41:50.529+0200] {dagbag.py:588} INFO - Filling up the DagBag from /Users/tsimsek/airflow/dags/mein_erster_dag.py
[2025-06-10T16:41:50.536+0200] {processor.py:925} INFO - DAG(s) 'mein_erster_dag' retrieved from /Users/tsimsek/airflow/dags/mein_erster_dag.py
[2025-06-10T16:41:50.591+0200] {logging_mixin.py:190} INFO - [2025-06-10T16:41:50.591+0200] {dag.py:3239} INFO - Sync 1 DAGs
[2025-06-10T16:41:50.597+0200] {logging_mixin.py:190} INFO - [2025-06-10T16:41:50.597+0200] {dag.py:4180} INFO - Setting next_dagrun for mein_erster_dag to 2024-01-09 00:00:00+00:00, run_after=2024-01-10 00:00:00+00:00
[2025-06-10T16:41:50.605+0200] {processor.py:208} INFO - Processing /Users/tsimsek/airflow/dags/mein_erster_dag.py took 0.087 seconds
[2025-06-10T16:42:32.927+0200] {processor.py:186} INFO - Started process (PID=44452) to work on /Users/tsimsek/airflow/dags/mein_erster_dag.py
[2025-06-10T16:42:32.929+0200] {processor.py:914} INFO - Processing file /Users/tsimsek/airflow/dags/mein_erster_dag.py for tasks to queue
[2025-06-10T16:42:32.929+0200] {logging_mixin.py:190} INFO - [2025-06-10T16:42:32.929+0200] {dagbag.py:588} INFO - Filling up the DagBag from /Users/tsimsek/airflow/dags/mein_erster_dag.py
[2025-06-10T16:42:32.936+0200] {processor.py:925} INFO - DAG(s) 'mein_erster_dag' retrieved from /Users/tsimsek/airflow/dags/mein_erster_dag.py
[2025-06-10T16:42:32.992+0200] {logging_mixin.py:190} INFO - [2025-06-10T16:42:32.992+0200] {dag.py:3239} INFO - Sync 1 DAGs
[2025-06-10T16:42:32.999+0200] {logging_mixin.py:190} INFO - [2025-06-10T16:42:32.999+0200] {dag.py:4180} INFO - Setting next_dagrun for mein_erster_dag to 2024-01-09 00:00:00+00:00, run_after=2024-01-10 00:00:00+00:00
[2025-06-10T16:42:33.006+0200] {processor.py:208} INFO - Processing /Users/tsimsek/airflow/dags/mein_erster_dag.py took 0.086 seconds
[2025-06-10T16:43:04.368+0200] {processor.py:186} INFO - Started process (PID=44563) to work on /Users/tsimsek/airflow/dags/mein_erster_dag.py
[2025-06-10T16:43:04.369+0200] {processor.py:914} INFO - Processing file /Users/tsimsek/airflow/dags/mein_erster_dag.py for tasks to queue
[2025-06-10T16:43:04.370+0200] {logging_mixin.py:190} INFO - [2025-06-10T16:43:04.370+0200] {dagbag.py:588} INFO - Filling up the DagBag from /Users/tsimsek/airflow/dags/mein_erster_dag.py
[2025-06-10T16:43:04.376+0200] {processor.py:925} INFO - DAG(s) 'mein_erster_dag' retrieved from /Users/tsimsek/airflow/dags/mein_erster_dag.py
[2025-06-10T16:43:04.434+0200] {logging_mixin.py:190} INFO - [2025-06-10T16:43:04.434+0200] {dag.py:3239} INFO - Sync 1 DAGs
[2025-06-10T16:43:04.440+0200] {logging_mixin.py:190} INFO - [2025-06-10T16:43:04.440+0200] {dag.py:4180} INFO - Setting next_dagrun for mein_erster_dag to 2024-01-09 00:00:00+00:00, run_after=2024-01-10 00:00:00+00:00
[2025-06-10T16:43:04.449+0200] {processor.py:208} INFO - Processing /Users/tsimsek/airflow/dags/mein_erster_dag.py took 0.088 seconds
[2025-06-10T16:43:39.536+0200] {processor.py:186} INFO - Started process (PID=44656) to work on /Users/tsimsek/airflow/dags/mein_erster_dag.py
[2025-06-10T16:43:39.538+0200] {processor.py:914} INFO - Processing file /Users/tsimsek/airflow/dags/mein_erster_dag.py for tasks to queue
[2025-06-10T16:43:39.538+0200] {logging_mixin.py:190} INFO - [2025-06-10T16:43:39.538+0200] {dagbag.py:588} INFO - Filling up the DagBag from /Users/tsimsek/airflow/dags/mein_erster_dag.py
[2025-06-10T16:43:39.545+0200] {processor.py:925} INFO - DAG(s) 'mein_erster_dag' retrieved from /Users/tsimsek/airflow/dags/mein_erster_dag.py
[2025-06-10T16:43:39.607+0200] {logging_mixin.py:190} INFO - [2025-06-10T16:43:39.607+0200] {dag.py:3239} INFO - Sync 1 DAGs
[2025-06-10T16:43:39.614+0200] {logging_mixin.py:190} INFO - [2025-06-10T16:43:39.613+0200] {dag.py:4180} INFO - Setting next_dagrun for mein_erster_dag to 2024-01-09 00:00:00+00:00, run_after=2024-01-10 00:00:00+00:00
[2025-06-10T16:43:39.621+0200] {processor.py:208} INFO - Processing /Users/tsimsek/airflow/dags/mein_erster_dag.py took 0.093 seconds
[2025-06-10T16:44:11.705+0200] {processor.py:186} INFO - Started process (PID=44780) to work on /Users/tsimsek/airflow/dags/mein_erster_dag.py
[2025-06-10T16:44:11.707+0200] {processor.py:914} INFO - Processing file /Users/tsimsek/airflow/dags/mein_erster_dag.py for tasks to queue
[2025-06-10T16:44:11.708+0200] {logging_mixin.py:190} INFO - [2025-06-10T16:44:11.707+0200] {dagbag.py:588} INFO - Filling up the DagBag from /Users/tsimsek/airflow/dags/mein_erster_dag.py
[2025-06-10T16:44:11.714+0200] {processor.py:925} INFO - DAG(s) 'mein_erster_dag' retrieved from /Users/tsimsek/airflow/dags/mein_erster_dag.py
[2025-06-10T16:44:11.770+0200] {logging_mixin.py:190} INFO - [2025-06-10T16:44:11.770+0200] {dag.py:3239} INFO - Sync 1 DAGs
[2025-06-10T16:44:11.776+0200] {logging_mixin.py:190} INFO - [2025-06-10T16:44:11.776+0200] {dag.py:4180} INFO - Setting next_dagrun for mein_erster_dag to 2024-01-09 00:00:00+00:00, run_after=2024-01-10 00:00:00+00:00
[2025-06-10T16:44:11.785+0200] {processor.py:208} INFO - Processing /Users/tsimsek/airflow/dags/mein_erster_dag.py took 0.090 seconds
[2025-06-10T16:44:43.188+0200] {processor.py:186} INFO - Started process (PID=44878) to work on /Users/tsimsek/airflow/dags/mein_erster_dag.py
[2025-06-10T16:44:43.190+0200] {processor.py:914} INFO - Processing file /Users/tsimsek/airflow/dags/mein_erster_dag.py for tasks to queue
[2025-06-10T16:44:43.190+0200] {logging_mixin.py:190} INFO - [2025-06-10T16:44:43.190+0200] {dagbag.py:588} INFO - Filling up the DagBag from /Users/tsimsek/airflow/dags/mein_erster_dag.py
[2025-06-10T16:44:43.197+0200] {processor.py:925} INFO - DAG(s) 'mein_erster_dag' retrieved from /Users/tsimsek/airflow/dags/mein_erster_dag.py
[2025-06-10T16:44:43.255+0200] {logging_mixin.py:190} INFO - [2025-06-10T16:44:43.255+0200] {dag.py:3239} INFO - Sync 1 DAGs
[2025-06-10T16:44:43.261+0200] {logging_mixin.py:190} INFO - [2025-06-10T16:44:43.261+0200] {dag.py:4180} INFO - Setting next_dagrun for mein_erster_dag to 2024-01-09 00:00:00+00:00, run_after=2024-01-10 00:00:00+00:00
[2025-06-10T16:44:43.268+0200] {processor.py:208} INFO - Processing /Users/tsimsek/airflow/dags/mein_erster_dag.py took 0.087 seconds
[2025-06-10T16:45:21.635+0200] {processor.py:186} INFO - Started process (PID=45156) to work on /Users/tsimsek/airflow/dags/mein_erster_dag.py
[2025-06-10T16:45:21.637+0200] {processor.py:914} INFO - Processing file /Users/tsimsek/airflow/dags/mein_erster_dag.py for tasks to queue
[2025-06-10T16:45:21.637+0200] {logging_mixin.py:190} INFO - [2025-06-10T16:45:21.637+0200] {dagbag.py:588} INFO - Filling up the DagBag from /Users/tsimsek/airflow/dags/mein_erster_dag.py
[2025-06-10T16:45:21.643+0200] {processor.py:925} INFO - DAG(s) 'mein_erster_dag' retrieved from /Users/tsimsek/airflow/dags/mein_erster_dag.py
[2025-06-10T16:45:21.703+0200] {logging_mixin.py:190} INFO - [2025-06-10T16:45:21.702+0200] {dag.py:3239} INFO - Sync 1 DAGs
[2025-06-10T16:45:21.709+0200] {logging_mixin.py:190} INFO - [2025-06-10T16:45:21.709+0200] {dag.py:4180} INFO - Setting next_dagrun for mein_erster_dag to 2024-01-09 00:00:00+00:00, run_after=2024-01-10 00:00:00+00:00
[2025-06-10T16:45:21.719+0200] {processor.py:208} INFO - Processing /Users/tsimsek/airflow/dags/mein_erster_dag.py took 0.092 seconds
[2025-06-10T16:45:54.178+0200] {processor.py:186} INFO - Started process (PID=45275) to work on /Users/tsimsek/airflow/dags/mein_erster_dag.py
[2025-06-10T16:45:54.180+0200] {processor.py:914} INFO - Processing file /Users/tsimsek/airflow/dags/mein_erster_dag.py for tasks to queue
[2025-06-10T16:45:54.180+0200] {logging_mixin.py:190} INFO - [2025-06-10T16:45:54.180+0200] {dagbag.py:588} INFO - Filling up the DagBag from /Users/tsimsek/airflow/dags/mein_erster_dag.py
[2025-06-10T16:45:54.189+0200] {processor.py:925} INFO - DAG(s) 'mein_erster_dag' retrieved from /Users/tsimsek/airflow/dags/mein_erster_dag.py
[2025-06-10T16:45:54.246+0200] {logging_mixin.py:190} INFO - [2025-06-10T16:45:54.246+0200] {dag.py:3239} INFO - Sync 1 DAGs
[2025-06-10T16:45:54.253+0200] {logging_mixin.py:190} INFO - [2025-06-10T16:45:54.253+0200] {dag.py:4180} INFO - Setting next_dagrun for mein_erster_dag to 2024-01-09 00:00:00+00:00, run_after=2024-01-10 00:00:00+00:00
[2025-06-10T16:45:54.261+0200] {processor.py:208} INFO - Processing /Users/tsimsek/airflow/dags/mein_erster_dag.py took 0.093 seconds
[2025-06-10T16:46:25.710+0200] {processor.py:186} INFO - Started process (PID=45386) to work on /Users/tsimsek/airflow/dags/mein_erster_dag.py
[2025-06-10T16:46:25.712+0200] {processor.py:914} INFO - Processing file /Users/tsimsek/airflow/dags/mein_erster_dag.py for tasks to queue
[2025-06-10T16:46:25.713+0200] {logging_mixin.py:190} INFO - [2025-06-10T16:46:25.713+0200] {dagbag.py:588} INFO - Filling up the DagBag from /Users/tsimsek/airflow/dags/mein_erster_dag.py
[2025-06-10T16:46:25.720+0200] {processor.py:925} INFO - DAG(s) 'mein_erster_dag' retrieved from /Users/tsimsek/airflow/dags/mein_erster_dag.py
[2025-06-10T16:46:25.784+0200] {logging_mixin.py:190} INFO - [2025-06-10T16:46:25.784+0200] {dag.py:3239} INFO - Sync 1 DAGs
[2025-06-10T16:46:25.790+0200] {logging_mixin.py:190} INFO - [2025-06-10T16:46:25.790+0200] {dag.py:4180} INFO - Setting next_dagrun for mein_erster_dag to 2024-01-09 00:00:00+00:00, run_after=2024-01-10 00:00:00+00:00
[2025-06-10T16:46:25.799+0200] {processor.py:208} INFO - Processing /Users/tsimsek/airflow/dags/mein_erster_dag.py took 0.099 seconds
[2025-06-10T16:47:02.450+0200] {processor.py:186} INFO - Started process (PID=46272) to work on /Users/tsimsek/airflow/dags/mein_erster_dag.py
[2025-06-10T16:47:02.452+0200] {processor.py:914} INFO - Processing file /Users/tsimsek/airflow/dags/mein_erster_dag.py for tasks to queue
[2025-06-10T16:47:02.452+0200] {logging_mixin.py:190} INFO - [2025-06-10T16:47:02.452+0200] {dagbag.py:588} INFO - Filling up the DagBag from /Users/tsimsek/airflow/dags/mein_erster_dag.py
[2025-06-10T16:47:02.462+0200] {processor.py:925} INFO - DAG(s) 'mein_erster_dag' retrieved from /Users/tsimsek/airflow/dags/mein_erster_dag.py
[2025-06-10T16:47:02.519+0200] {logging_mixin.py:190} INFO - [2025-06-10T16:47:02.519+0200] {dag.py:3239} INFO - Sync 1 DAGs
[2025-06-10T16:47:02.526+0200] {logging_mixin.py:190} INFO - [2025-06-10T16:47:02.525+0200] {dag.py:4180} INFO - Setting next_dagrun for mein_erster_dag to 2024-01-09 00:00:00+00:00, run_after=2024-01-10 00:00:00+00:00
[2025-06-10T16:47:02.534+0200] {processor.py:208} INFO - Processing /Users/tsimsek/airflow/dags/mein_erster_dag.py took 0.091 seconds
[2025-06-10T16:47:34.728+0200] {processor.py:186} INFO - Started process (PID=46349) to work on /Users/tsimsek/airflow/dags/mein_erster_dag.py
[2025-06-10T16:47:34.730+0200] {processor.py:914} INFO - Processing file /Users/tsimsek/airflow/dags/mein_erster_dag.py for tasks to queue
[2025-06-10T16:47:34.730+0200] {logging_mixin.py:190} INFO - [2025-06-10T16:47:34.730+0200] {dagbag.py:588} INFO - Filling up the DagBag from /Users/tsimsek/airflow/dags/mein_erster_dag.py
[2025-06-10T16:47:34.736+0200] {processor.py:925} INFO - DAG(s) 'mein_erster_dag' retrieved from /Users/tsimsek/airflow/dags/mein_erster_dag.py
[2025-06-10T16:47:34.793+0200] {logging_mixin.py:190} INFO - [2025-06-10T16:47:34.793+0200] {dag.py:3239} INFO - Sync 1 DAGs
[2025-06-10T16:47:34.799+0200] {logging_mixin.py:190} INFO - [2025-06-10T16:47:34.799+0200] {dag.py:4180} INFO - Setting next_dagrun for mein_erster_dag to 2024-01-09 00:00:00+00:00, run_after=2024-01-10 00:00:00+00:00
[2025-06-10T16:47:34.808+0200] {processor.py:208} INFO - Processing /Users/tsimsek/airflow/dags/mein_erster_dag.py took 0.090 seconds
[2025-06-10T16:48:06.642+0200] {processor.py:186} INFO - Started process (PID=46453) to work on /Users/tsimsek/airflow/dags/mein_erster_dag.py
[2025-06-10T16:48:06.644+0200] {processor.py:914} INFO - Processing file /Users/tsimsek/airflow/dags/mein_erster_dag.py for tasks to queue
[2025-06-10T16:48:06.644+0200] {logging_mixin.py:190} INFO - [2025-06-10T16:48:06.644+0200] {dagbag.py:588} INFO - Filling up the DagBag from /Users/tsimsek/airflow/dags/mein_erster_dag.py
[2025-06-10T16:48:06.650+0200] {processor.py:925} INFO - DAG(s) 'mein_erster_dag' retrieved from /Users/tsimsek/airflow/dags/mein_erster_dag.py
[2025-06-10T16:48:06.705+0200] {logging_mixin.py:190} INFO - [2025-06-10T16:48:06.705+0200] {dag.py:3239} INFO - Sync 1 DAGs
[2025-06-10T16:48:06.711+0200] {logging_mixin.py:190} INFO - [2025-06-10T16:48:06.711+0200] {dag.py:4180} INFO - Setting next_dagrun for mein_erster_dag to 2024-01-09 00:00:00+00:00, run_after=2024-01-10 00:00:00+00:00
[2025-06-10T16:48:06.720+0200] {processor.py:208} INFO - Processing /Users/tsimsek/airflow/dags/mein_erster_dag.py took 0.087 seconds
[2025-06-10T16:48:50.974+0200] {processor.py:186} INFO - Started process (PID=46741) to work on /Users/tsimsek/airflow/dags/mein_erster_dag.py
[2025-06-10T16:48:50.977+0200] {processor.py:914} INFO - Processing file /Users/tsimsek/airflow/dags/mein_erster_dag.py for tasks to queue
[2025-06-10T16:48:50.977+0200] {logging_mixin.py:190} INFO - [2025-06-10T16:48:50.977+0200] {dagbag.py:588} INFO - Filling up the DagBag from /Users/tsimsek/airflow/dags/mein_erster_dag.py
[2025-06-10T16:48:50.986+0200] {processor.py:925} INFO - DAG(s) 'mein_erster_dag' retrieved from /Users/tsimsek/airflow/dags/mein_erster_dag.py
[2025-06-10T16:48:51.046+0200] {logging_mixin.py:190} INFO - [2025-06-10T16:48:51.046+0200] {dag.py:3239} INFO - Sync 1 DAGs
[2025-06-10T16:48:51.053+0200] {logging_mixin.py:190} INFO - [2025-06-10T16:48:51.053+0200] {dag.py:4180} INFO - Setting next_dagrun for mein_erster_dag to 2024-01-09 00:00:00+00:00, run_after=2024-01-10 00:00:00+00:00
[2025-06-10T16:48:51.061+0200] {processor.py:208} INFO - Processing /Users/tsimsek/airflow/dags/mein_erster_dag.py took 0.096 seconds
[2025-06-10T16:49:24.799+0200] {processor.py:186} INFO - Started process (PID=46869) to work on /Users/tsimsek/airflow/dags/mein_erster_dag.py
[2025-06-10T16:49:24.800+0200] {processor.py:914} INFO - Processing file /Users/tsimsek/airflow/dags/mein_erster_dag.py for tasks to queue
[2025-06-10T16:49:24.801+0200] {logging_mixin.py:190} INFO - [2025-06-10T16:49:24.801+0200] {dagbag.py:588} INFO - Filling up the DagBag from /Users/tsimsek/airflow/dags/mein_erster_dag.py
[2025-06-10T16:49:24.807+0200] {processor.py:925} INFO - DAG(s) 'mein_erster_dag' retrieved from /Users/tsimsek/airflow/dags/mein_erster_dag.py
[2025-06-10T16:49:24.865+0200] {logging_mixin.py:190} INFO - [2025-06-10T16:49:24.865+0200] {dag.py:3239} INFO - Sync 1 DAGs
[2025-06-10T16:49:24.871+0200] {logging_mixin.py:190} INFO - [2025-06-10T16:49:24.871+0200] {dag.py:4180} INFO - Setting next_dagrun for mein_erster_dag to 2024-01-09 00:00:00+00:00, run_after=2024-01-10 00:00:00+00:00
[2025-06-10T16:49:24.881+0200] {processor.py:208} INFO - Processing /Users/tsimsek/airflow/dags/mein_erster_dag.py took 0.091 seconds
[2025-06-10T16:49:56.189+0200] {processor.py:186} INFO - Started process (PID=46944) to work on /Users/tsimsek/airflow/dags/mein_erster_dag.py
[2025-06-10T16:49:56.191+0200] {processor.py:914} INFO - Processing file /Users/tsimsek/airflow/dags/mein_erster_dag.py for tasks to queue
[2025-06-10T16:49:56.191+0200] {logging_mixin.py:190} INFO - [2025-06-10T16:49:56.191+0200] {dagbag.py:588} INFO - Filling up the DagBag from /Users/tsimsek/airflow/dags/mein_erster_dag.py
[2025-06-10T16:49:56.196+0200] {processor.py:925} INFO - DAG(s) 'mein_erster_dag' retrieved from /Users/tsimsek/airflow/dags/mein_erster_dag.py
[2025-06-10T16:49:56.253+0200] {logging_mixin.py:190} INFO - [2025-06-10T16:49:56.253+0200] {dag.py:3239} INFO - Sync 1 DAGs
[2025-06-10T16:49:56.259+0200] {logging_mixin.py:190} INFO - [2025-06-10T16:49:56.259+0200] {dag.py:4180} INFO - Setting next_dagrun for mein_erster_dag to 2024-01-09 00:00:00+00:00, run_after=2024-01-10 00:00:00+00:00
[2025-06-10T16:49:56.268+0200] {processor.py:208} INFO - Processing /Users/tsimsek/airflow/dags/mein_erster_dag.py took 0.087 seconds
[2025-06-10T16:50:28.077+0200] {processor.py:186} INFO - Started process (PID=47048) to work on /Users/tsimsek/airflow/dags/mein_erster_dag.py
[2025-06-10T16:50:28.079+0200] {processor.py:914} INFO - Processing file /Users/tsimsek/airflow/dags/mein_erster_dag.py for tasks to queue
[2025-06-10T16:50:28.079+0200] {logging_mixin.py:190} INFO - [2025-06-10T16:50:28.079+0200] {dagbag.py:588} INFO - Filling up the DagBag from /Users/tsimsek/airflow/dags/mein_erster_dag.py
[2025-06-10T16:50:28.086+0200] {processor.py:925} INFO - DAG(s) 'mein_erster_dag' retrieved from /Users/tsimsek/airflow/dags/mein_erster_dag.py
[2025-06-10T16:50:28.143+0200] {logging_mixin.py:190} INFO - [2025-06-10T16:50:28.143+0200] {dag.py:3239} INFO - Sync 1 DAGs
[2025-06-10T16:50:28.149+0200] {logging_mixin.py:190} INFO - [2025-06-10T16:50:28.149+0200] {dag.py:4180} INFO - Setting next_dagrun for mein_erster_dag to 2024-01-09 00:00:00+00:00, run_after=2024-01-10 00:00:00+00:00
[2025-06-10T16:50:28.158+0200] {processor.py:208} INFO - Processing /Users/tsimsek/airflow/dags/mein_erster_dag.py took 0.090 seconds
[2025-06-10T16:50:59.805+0200] {processor.py:186} INFO - Started process (PID=47139) to work on /Users/tsimsek/airflow/dags/mein_erster_dag.py
[2025-06-10T16:50:59.807+0200] {processor.py:914} INFO - Processing file /Users/tsimsek/airflow/dags/mein_erster_dag.py for tasks to queue
[2025-06-10T16:50:59.807+0200] {logging_mixin.py:190} INFO - [2025-06-10T16:50:59.807+0200] {dagbag.py:588} INFO - Filling up the DagBag from /Users/tsimsek/airflow/dags/mein_erster_dag.py
[2025-06-10T16:50:59.815+0200] {processor.py:925} INFO - DAG(s) 'mein_erster_dag' retrieved from /Users/tsimsek/airflow/dags/mein_erster_dag.py
[2025-06-10T16:50:59.872+0200] {logging_mixin.py:190} INFO - [2025-06-10T16:50:59.872+0200] {dag.py:3239} INFO - Sync 1 DAGs
[2025-06-10T16:50:59.878+0200] {logging_mixin.py:190} INFO - [2025-06-10T16:50:59.878+0200] {dag.py:4180} INFO - Setting next_dagrun for mein_erster_dag to 2024-01-09 00:00:00+00:00, run_after=2024-01-10 00:00:00+00:00
[2025-06-10T16:50:59.886+0200] {processor.py:208} INFO - Processing /Users/tsimsek/airflow/dags/mein_erster_dag.py took 0.090 seconds
