[2025-06-10T16:40:16.419+0200] {local_task_job_runner.py:123} INFO - ::group::Pre task execution logs
[2025-06-10T16:40:16.423+0200] {taskinstance.py:2614} INFO - Dependencies all met for dep_context=non-requeueable deps ti=<TaskInstance: case4.wait_for_raw_parquet manual__2025-06-10T14:40:13.140015+00:00 [queued]>
[2025-06-10T16:40:16.425+0200] {taskinstance.py:2614} INFO - Dependencies all met for dep_context=requeueable deps ti=<TaskInstance: case4.wait_for_raw_parquet manual__2025-06-10T14:40:13.140015+00:00 [queued]>
[2025-06-10T16:40:16.425+0200] {taskinstance.py:2867} INFO - Starting attempt 1 of 2
[2025-06-10T16:40:16.430+0200] {taskinstance.py:2890} INFO - Executing <Task(FileSensor): wait_for_raw_parquet> on 2025-06-10 14:40:13.140015+00:00
[2025-06-10T16:40:16.433+0200] {standard_task_runner.py:72} INFO - Started process 43801 to run task
[2025-06-10T16:40:16.436+0200] {standard_task_runner.py:104} INFO - Running: ['airflow', 'tasks', 'run', 'case4', 'wait_for_raw_parquet', 'manual__2025-06-10T14:40:13.140015+00:00', '--job-id', '46', '--raw', '--subdir', 'DAGS_FOLDER/case4.py', '--cfg-path', '/var/folders/sj/kmk_wl3517d377606n_z382h0000gp/T/tmpbxlfqt_4']
[2025-06-10T16:40:16.438+0200] {standard_task_runner.py:105} INFO - Job 46: Subtask wait_for_raw_parquet
[2025-06-10T16:40:16.473+0200] {task_command.py:467} INFO - Running <TaskInstance: case4.wait_for_raw_parquet manual__2025-06-10T14:40:13.140015+00:00 [running]> on host LGLXN9TVJX
[2025-06-10T16:40:16.494+0200] {taskinstance.py:3134} INFO - Exporting env vars: AIRFLOW_CTX_DAG_EMAIL='tayfun.simsek@mhp.com' AIRFLOW_CTX_DAG_OWNER='airflow' AIRFLOW_CTX_DAG_ID='case4' AIRFLOW_CTX_TASK_ID='wait_for_raw_parquet' AIRFLOW_CTX_EXECUTION_DATE='2025-06-10T14:40:13.140015+00:00' AIRFLOW_CTX_TRY_NUMBER='1' AIRFLOW_CTX_DAG_RUN_ID='manual__2025-06-10T14:40:13.140015+00:00'
[2025-06-10T16:40:16.494+0200] {taskinstance.py:732} INFO - ::endgroup::
[2025-06-10T16:40:16.552+0200] {baseoperator.py:423} WARNING - FileSensor.execute cannot be called outside TaskInstance!
[2025-06-10T16:40:16.557+0200] {base.py:84} INFO - Retrieving connection 'fs_default'
[2025-06-10T16:40:16.557+0200] {filesystem.py:109} INFO - Poking for file /Users/tsimsek/airflow/dags/../data/raw/taxi_data_012024.csv
[2025-06-10T16:40:16.562+0200] {taskinstance.py:310} INFO - Rescheduling task, marking task as UP_FOR_RESCHEDULE
[2025-06-10T16:40:16.562+0200] {taskinstance.py:341} INFO - ::group::Post task execution logs
[2025-06-10T16:40:16.572+0200] {local_task_job_runner.py:266} INFO - Task exited with return code 0
[2025-06-10T16:40:16.581+0200] {taskinstance.py:3901} INFO - 0 downstream tasks scheduled from follow-on schedule check
[2025-06-10T16:40:16.581+0200] {local_task_job_runner.py:245} INFO - ::endgroup::
[2025-06-10T16:41:18.654+0200] {local_task_job_runner.py:123} INFO - ::group::Pre task execution logs
[2025-06-10T16:41:18.658+0200] {taskinstance.py:2614} INFO - Dependencies all met for dep_context=non-requeueable deps ti=<TaskInstance: case4.wait_for_raw_parquet manual__2025-06-10T14:40:13.140015+00:00 [queued]>
[2025-06-10T16:41:18.659+0200] {taskinstance.py:2614} INFO - Dependencies all met for dep_context=requeueable deps ti=<TaskInstance: case4.wait_for_raw_parquet manual__2025-06-10T14:40:13.140015+00:00 [queued]>
[2025-06-10T16:41:18.659+0200] {taskinstance.py:2867} INFO - Starting attempt 1 of 2
[2025-06-10T16:41:18.664+0200] {taskinstance.py:2890} INFO - Executing <Task(FileSensor): wait_for_raw_parquet> on 2025-06-10 14:40:13.140015+00:00
[2025-06-10T16:41:18.667+0200] {standard_task_runner.py:72} INFO - Started process 44032 to run task
[2025-06-10T16:41:18.669+0200] {standard_task_runner.py:104} INFO - Running: ['airflow', 'tasks', 'run', 'case4', 'wait_for_raw_parquet', 'manual__2025-06-10T14:40:13.140015+00:00', '--job-id', '47', '--raw', '--subdir', 'DAGS_FOLDER/case4.py', '--cfg-path', '/var/folders/sj/kmk_wl3517d377606n_z382h0000gp/T/tmpzc3mlgx4']
[2025-06-10T16:41:18.671+0200] {standard_task_runner.py:105} INFO - Job 47: Subtask wait_for_raw_parquet
[2025-06-10T16:41:18.697+0200] {task_command.py:467} INFO - Running <TaskInstance: case4.wait_for_raw_parquet manual__2025-06-10T14:40:13.140015+00:00 [running]> on host LGLXN9TVJX
[2025-06-10T16:41:18.717+0200] {taskinstance.py:3134} INFO - Exporting env vars: AIRFLOW_CTX_DAG_EMAIL='tayfun.simsek@mhp.com' AIRFLOW_CTX_DAG_OWNER='airflow' AIRFLOW_CTX_DAG_ID='case4' AIRFLOW_CTX_TASK_ID='wait_for_raw_parquet' AIRFLOW_CTX_EXECUTION_DATE='2025-06-10T14:40:13.140015+00:00' AIRFLOW_CTX_TRY_NUMBER='1' AIRFLOW_CTX_DAG_RUN_ID='manual__2025-06-10T14:40:13.140015+00:00'
[2025-06-10T16:41:18.717+0200] {taskinstance.py:732} INFO - ::endgroup::
[2025-06-10T16:41:18.726+0200] {baseoperator.py:423} WARNING - FileSensor.execute cannot be called outside TaskInstance!
[2025-06-10T16:41:18.729+0200] {base.py:84} INFO - Retrieving connection 'fs_default'
[2025-06-10T16:41:18.729+0200] {filesystem.py:109} INFO - Poking for file /Users/tsimsek/airflow/dags/../data/raw/taxi_data_012024.csv
[2025-06-10T16:41:18.733+0200] {taskinstance.py:310} INFO - Rescheduling task, marking task as UP_FOR_RESCHEDULE
[2025-06-10T16:41:18.734+0200] {taskinstance.py:341} INFO - ::group::Post task execution logs
[2025-06-10T16:41:18.765+0200] {local_task_job_runner.py:266} INFO - Task exited with return code 0
[2025-06-10T16:41:18.775+0200] {taskinstance.py:3901} INFO - 0 downstream tasks scheduled from follow-on schedule check
[2025-06-10T16:41:18.775+0200] {local_task_job_runner.py:245} INFO - ::endgroup::
