[2025-06-10T15:11:47.973+0200] {local_task_job_runner.py:123} INFO - ::group::Pre task execution logs
[2025-06-10T15:11:47.977+0200] {taskinstance.py:2614} INFO - Dependencies all met for dep_context=non-requeueable deps ti=<TaskInstance: mein_erster_dag.print_hello scheduled__2024-01-01T00:00:00+00:00 [queued]>
[2025-06-10T15:11:47.980+0200] {taskinstance.py:2614} INFO - Dependencies all met for dep_context=requeueable deps ti=<TaskInstance: mein_erster_dag.print_hello scheduled__2024-01-01T00:00:00+00:00 [queued]>
[2025-06-10T15:11:47.980+0200] {taskinstance.py:2867} INFO - Starting attempt 1 of 1
[2025-06-10T15:11:47.986+0200] {taskinstance.py:2890} INFO - Executing <Task(BashOperator): print_hello> on 2024-01-01 00:00:00+00:00
[2025-06-10T15:11:47.990+0200] {standard_task_runner.py:72} INFO - Started process 23693 to run task
[2025-06-10T15:11:47.993+0200] {standard_task_runner.py:104} INFO - Running: ['airflow', 'tasks', 'run', 'mein_erster_dag', 'print_hello', 'scheduled__2024-01-01T00:00:00+00:00', '--job-id', '4', '--raw', '--subdir', 'DAGS_FOLDER/mein_erster_dag.py', '--cfg-path', '/var/folders/sj/kmk_wl3517d377606n_z382h0000gp/T/tmp9i7kzukg']
[2025-06-10T15:11:47.995+0200] {standard_task_runner.py:105} INFO - Job 4: Subtask print_hello
[2025-06-10T15:11:48.029+0200] {task_command.py:467} INFO - Running <TaskInstance: mein_erster_dag.print_hello scheduled__2024-01-01T00:00:00+00:00 [running]> on host LGLXN9TVJX
[2025-06-10T15:11:48.054+0200] {taskinstance.py:3134} INFO - Exporting env vars: AIRFLOW_CTX_DAG_OWNER='airflow' AIRFLOW_CTX_DAG_ID='mein_erster_dag' AIRFLOW_CTX_TASK_ID='print_hello' AIRFLOW_CTX_EXECUTION_DATE='2024-01-01T00:00:00+00:00' AIRFLOW_CTX_TRY_NUMBER='1' AIRFLOW_CTX_DAG_RUN_ID='scheduled__2024-01-01T00:00:00+00:00'
[2025-06-10T15:11:48.055+0200] {taskinstance.py:732} INFO - ::endgroup::
[2025-06-10T15:11:48.142+0200] {subprocess.py:78} INFO - Tmp dir root location: /var/folders/sj/kmk_wl3517d377606n_z382h0000gp/T
[2025-06-10T15:11:48.143+0200] {subprocess.py:88} INFO - Running command: ['/bin/bash', '-c', "echo 'Hallo Welt!'"]
[2025-06-10T15:11:48.146+0200] {subprocess.py:99} INFO - Output:
[2025-06-10T15:11:48.151+0200] {subprocess.py:106} INFO - Hallo Welt!
[2025-06-10T15:11:48.151+0200] {subprocess.py:110} INFO - Command exited with return code 0
[2025-06-10T15:11:48.163+0200] {taskinstance.py:341} INFO - ::group::Post task execution logs
[2025-06-10T15:11:48.163+0200] {taskinstance.py:353} INFO - Marking task as SUCCESS. dag_id=mein_erster_dag, task_id=print_hello, run_id=scheduled__2024-01-01T00:00:00+00:00, execution_date=20240101T000000, start_date=20250610T131147, end_date=20250610T131148
[2025-06-10T15:11:48.211+0200] {local_task_job_runner.py:266} INFO - Task exited with return code 0
[2025-06-10T15:11:48.221+0200] {taskinstance.py:3901} INFO - 0 downstream tasks scheduled from follow-on schedule check
[2025-06-10T15:11:48.221+0200] {local_task_job_runner.py:245} INFO - ::endgroup::
