[2025-06-10T15:11:50.776+0200] {local_task_job_runner.py:123} INFO - ::group::Pre task execution logs
[2025-06-10T15:11:50.779+0200] {taskinstance.py:2614} INFO - Dependencies all met for dep_context=non-requeueable deps ti=<TaskInstance: mein_erster_dag.print_hello manual__2025-06-10T13:11:45.142363+00:00 [queued]>
[2025-06-10T15:11:50.781+0200] {taskinstance.py:2614} INFO - Dependencies all met for dep_context=requeueable deps ti=<TaskInstance: mein_erster_dag.print_hello manual__2025-06-10T13:11:45.142363+00:00 [queued]>
[2025-06-10T15:11:50.781+0200] {taskinstance.py:2867} INFO - Starting attempt 1 of 1
[2025-06-10T15:11:50.786+0200] {taskinstance.py:2890} INFO - Executing <Task(BashOperator): print_hello> on 2025-06-10 13:11:45.142363+00:00
[2025-06-10T15:11:50.788+0200] {standard_task_runner.py:72} INFO - Started process 23701 to run task
[2025-06-10T15:11:50.790+0200] {standard_task_runner.py:104} INFO - Running: ['airflow', 'tasks', 'run', 'mein_erster_dag', 'print_hello', 'manual__2025-06-10T13:11:45.142363+00:00', '--job-id', '6', '--raw', '--subdir', 'DAGS_FOLDER/mein_erster_dag.py', '--cfg-path', '/var/folders/sj/kmk_wl3517d377606n_z382h0000gp/T/tmph4p8d1ly']
[2025-06-10T15:11:50.792+0200] {standard_task_runner.py:105} INFO - Job 6: Subtask print_hello
[2025-06-10T15:11:50.823+0200] {task_command.py:467} INFO - Running <TaskInstance: mein_erster_dag.print_hello manual__2025-06-10T13:11:45.142363+00:00 [running]> on host LGLXN9TVJX
[2025-06-10T15:11:50.847+0200] {taskinstance.py:3134} INFO - Exporting env vars: AIRFLOW_CTX_DAG_OWNER='airflow' AIRFLOW_CTX_DAG_ID='mein_erster_dag' AIRFLOW_CTX_TASK_ID='print_hello' AIRFLOW_CTX_EXECUTION_DATE='2025-06-10T13:11:45.142363+00:00' AIRFLOW_CTX_TRY_NUMBER='1' AIRFLOW_CTX_DAG_RUN_ID='manual__2025-06-10T13:11:45.142363+00:00'
[2025-06-10T15:11:50.848+0200] {taskinstance.py:732} INFO - ::endgroup::
[2025-06-10T15:11:50.859+0200] {subprocess.py:78} INFO - Tmp dir root location: /var/folders/sj/kmk_wl3517d377606n_z382h0000gp/T
[2025-06-10T15:11:50.860+0200] {subprocess.py:88} INFO - Running command: ['/bin/bash', '-c', "echo 'Hallo Welt!'"]
[2025-06-10T15:11:50.863+0200] {subprocess.py:99} INFO - Output:
[2025-06-10T15:11:50.865+0200] {subprocess.py:106} INFO - Hallo Welt!
[2025-06-10T15:11:50.866+0200] {subprocess.py:110} INFO - Command exited with return code 0
[2025-06-10T15:11:50.874+0200] {taskinstance.py:341} INFO - ::group::Post task execution logs
[2025-06-10T15:11:50.874+0200] {taskinstance.py:353} INFO - Marking task as SUCCESS. dag_id=mein_erster_dag, task_id=print_hello, run_id=manual__2025-06-10T13:11:45.142363+00:00, execution_date=20250610T131145, start_date=20250610T131150, end_date=20250610T131150
[2025-06-10T15:11:50.886+0200] {local_task_job_runner.py:266} INFO - Task exited with return code 0
[2025-06-10T15:11:50.891+0200] {taskinstance.py:3901} INFO - 0 downstream tasks scheduled from follow-on schedule check
[2025-06-10T15:11:50.892+0200] {local_task_job_runner.py:245} INFO - ::endgroup::
