[2025-06-10T16:42:36.026+0200] {local_task_job_runner.py:123} INFO - ::group::Pre task execution logs
[2025-06-10T16:42:36.030+0200] {taskinstance.py:2614} INFO - Dependencies all met for dep_context=non-requeueable deps ti=<TaskInstance: case4.wait_for_raw_parquet manual__2025-06-10T14:42:33.619738+00:00 [queued]>
[2025-06-10T16:42:36.032+0200] {taskinstance.py:2614} INFO - Dependencies all met for dep_context=requeueable deps ti=<TaskInstance: case4.wait_for_raw_parquet manual__2025-06-10T14:42:33.619738+00:00 [queued]>
[2025-06-10T16:42:36.032+0200] {taskinstance.py:2867} INFO - Starting attempt 1 of 2
[2025-06-10T16:42:36.037+0200] {taskinstance.py:2890} INFO - Executing <Task(FileSensor): wait_for_raw_parquet> on 2025-06-10 14:42:33.619738+00:00
[2025-06-10T16:42:36.040+0200] {standard_task_runner.py:72} INFO - Started process 44468 to run task
[2025-06-10T16:42:36.042+0200] {standard_task_runner.py:104} INFO - Running: ['airflow', 'tasks', 'run', 'case4', 'wait_for_raw_parquet', 'manual__2025-06-10T14:42:33.619738+00:00', '--job-id', '49', '--raw', '--subdir', 'DAGS_FOLDER/case4.py', '--cfg-path', '/var/folders/sj/kmk_wl3517d377606n_z382h0000gp/T/tmplqihklzy']
[2025-06-10T16:42:36.044+0200] {standard_task_runner.py:105} INFO - Job 49: Subtask wait_for_raw_parquet
[2025-06-10T16:42:36.078+0200] {task_command.py:467} INFO - Running <TaskInstance: case4.wait_for_raw_parquet manual__2025-06-10T14:42:33.619738+00:00 [running]> on host LGLXN9TVJX
[2025-06-10T16:42:36.098+0200] {taskinstance.py:3134} INFO - Exporting env vars: AIRFLOW_CTX_DAG_EMAIL='tayfun.simsek@mhp.com' AIRFLOW_CTX_DAG_OWNER='airflow' AIRFLOW_CTX_DAG_ID='case4' AIRFLOW_CTX_TASK_ID='wait_for_raw_parquet' AIRFLOW_CTX_EXECUTION_DATE='2025-06-10T14:42:33.619738+00:00' AIRFLOW_CTX_TRY_NUMBER='1' AIRFLOW_CTX_DAG_RUN_ID='manual__2025-06-10T14:42:33.619738+00:00'
[2025-06-10T16:42:36.098+0200] {taskinstance.py:732} INFO - ::endgroup::
[2025-06-10T16:42:36.107+0200] {baseoperator.py:423} WARNING - FileSensor.execute cannot be called outside TaskInstance!
[2025-06-10T16:42:36.111+0200] {base.py:84} INFO - Retrieving connection 'fs_default'
[2025-06-10T16:42:36.112+0200] {filesystem.py:109} INFO - Poking for file /Users/tsimsek/airflow/dags/../data/raw/taxi_data_012024.parquet
[2025-06-10T16:42:36.116+0200] {taskinstance.py:310} INFO - Rescheduling task, marking task as UP_FOR_RESCHEDULE
[2025-06-10T16:42:36.116+0200] {taskinstance.py:341} INFO - ::group::Post task execution logs
[2025-06-10T16:42:36.138+0200] {local_task_job_runner.py:266} INFO - Task exited with return code 0
[2025-06-10T16:42:36.145+0200] {taskinstance.py:3901} INFO - 0 downstream tasks scheduled from follow-on schedule check
[2025-06-10T16:42:36.145+0200] {local_task_job_runner.py:245} INFO - ::endgroup::
[2025-06-10T16:43:38.271+0200] {local_task_job_runner.py:123} INFO - ::group::Pre task execution logs
[2025-06-10T16:43:38.276+0200] {taskinstance.py:2614} INFO - Dependencies all met for dep_context=non-requeueable deps ti=<TaskInstance: case4.wait_for_raw_parquet manual__2025-06-10T14:42:33.619738+00:00 [queued]>
[2025-06-10T16:43:38.278+0200] {taskinstance.py:2614} INFO - Dependencies all met for dep_context=requeueable deps ti=<TaskInstance: case4.wait_for_raw_parquet manual__2025-06-10T14:42:33.619738+00:00 [queued]>
[2025-06-10T16:43:38.280+0200] {taskinstance.py:2867} INFO - Starting attempt 1 of 2
[2025-06-10T16:43:38.286+0200] {taskinstance.py:2890} INFO - Executing <Task(FileSensor): wait_for_raw_parquet> on 2025-06-10 14:42:33.619738+00:00
[2025-06-10T16:43:38.289+0200] {standard_task_runner.py:72} INFO - Started process 44650 to run task
[2025-06-10T16:43:38.292+0200] {standard_task_runner.py:104} INFO - Running: ['airflow', 'tasks', 'run', 'case4', 'wait_for_raw_parquet', 'manual__2025-06-10T14:42:33.619738+00:00', '--job-id', '50', '--raw', '--subdir', 'DAGS_FOLDER/case4.py', '--cfg-path', '/var/folders/sj/kmk_wl3517d377606n_z382h0000gp/T/tmpes3uozyu']
[2025-06-10T16:43:38.293+0200] {standard_task_runner.py:105} INFO - Job 50: Subtask wait_for_raw_parquet
[2025-06-10T16:43:38.321+0200] {task_command.py:467} INFO - Running <TaskInstance: case4.wait_for_raw_parquet manual__2025-06-10T14:42:33.619738+00:00 [running]> on host LGLXN9TVJX
[2025-06-10T16:43:38.343+0200] {taskinstance.py:3134} INFO - Exporting env vars: AIRFLOW_CTX_DAG_EMAIL='tayfun.simsek@mhp.com' AIRFLOW_CTX_DAG_OWNER='airflow' AIRFLOW_CTX_DAG_ID='case4' AIRFLOW_CTX_TASK_ID='wait_for_raw_parquet' AIRFLOW_CTX_EXECUTION_DATE='2025-06-10T14:42:33.619738+00:00' AIRFLOW_CTX_TRY_NUMBER='1' AIRFLOW_CTX_DAG_RUN_ID='manual__2025-06-10T14:42:33.619738+00:00'
[2025-06-10T16:43:38.343+0200] {taskinstance.py:732} INFO - ::endgroup::
[2025-06-10T16:43:38.351+0200] {baseoperator.py:423} WARNING - FileSensor.execute cannot be called outside TaskInstance!
[2025-06-10T16:43:38.354+0200] {base.py:84} INFO - Retrieving connection 'fs_default'
[2025-06-10T16:43:38.355+0200] {filesystem.py:109} INFO - Poking for file /Users/tsimsek/airflow/dags/../data/raw/taxi_data_012024.parquet
[2025-06-10T16:43:38.355+0200] {filesystem.py:113} INFO - Found File /Users/tsimsek/airflow/dags/../data/raw/taxi_data_012024.parquet last modified: 20250610164120
[2025-06-10T16:43:38.355+0200] {base.py:339} INFO - Success criteria met. Exiting.
[2025-06-10T16:43:38.356+0200] {filesystem.py:109} INFO - Poking for file /Users/tsimsek/airflow/dags/../data/raw/taxi_data_012024.parquet
[2025-06-10T16:43:38.356+0200] {filesystem.py:113} INFO - Found File /Users/tsimsek/airflow/dags/../data/raw/taxi_data_012024.parquet last modified: 20250610164120
[2025-06-10T16:43:38.358+0200] {taskinstance.py:341} INFO - ::group::Post task execution logs
[2025-06-10T16:43:38.358+0200] {taskinstance.py:353} INFO - Marking task as SUCCESS. dag_id=case4, task_id=wait_for_raw_parquet, run_id=manual__2025-06-10T14:42:33.619738+00:00, execution_date=20250610T144233, start_date=20250610T144338, end_date=20250610T144338
[2025-06-10T16:43:38.387+0200] {local_task_job_runner.py:266} INFO - Task exited with return code 0
[2025-06-10T16:43:38.399+0200] {taskinstance.py:3901} INFO - 1 downstream tasks scheduled from follow-on schedule check
[2025-06-10T16:43:38.400+0200] {local_task_job_runner.py:245} INFO - ::endgroup::
