[2025-06-10T15:11:57.695+0200] {local_task_job_runner.py:123} INFO - ::group::Pre task execution logs
[2025-06-10T15:11:57.698+0200] {taskinstance.py:2614} INFO - Dependencies all met for dep_context=non-requeueable deps ti=<TaskInstance: mein_erster_dag.print_hello scheduled__2024-01-06T00:00:00+00:00 [queued]>
[2025-06-10T15:11:57.700+0200] {taskinstance.py:2614} INFO - Dependencies all met for dep_context=requeueable deps ti=<TaskInstance: mein_erster_dag.print_hello scheduled__2024-01-06T00:00:00+00:00 [queued]>
[2025-06-10T15:11:57.700+0200] {taskinstance.py:2867} INFO - Starting attempt 1 of 1
[2025-06-10T15:11:57.704+0200] {taskinstance.py:2890} INFO - Executing <Task(BashOperator): print_hello> on 2024-01-06 00:00:00+00:00
[2025-06-10T15:11:57.707+0200] {standard_task_runner.py:72} INFO - Started process 23735 to run task
[2025-06-10T15:11:57.709+0200] {standard_task_runner.py:104} INFO - Running: ['airflow', 'tasks', 'run', 'mein_erster_dag', 'print_hello', 'scheduled__2024-01-06T00:00:00+00:00', '--job-id', '10', '--raw', '--subdir', 'DAGS_FOLDER/mein_erster_dag.py', '--cfg-path', '/var/folders/sj/kmk_wl3517d377606n_z382h0000gp/T/tmpb6d_gtoq']
[2025-06-10T15:11:57.711+0200] {standard_task_runner.py:105} INFO - Job 10: Subtask print_hello
[2025-06-10T15:11:57.738+0200] {task_command.py:467} INFO - Running <TaskInstance: mein_erster_dag.print_hello scheduled__2024-01-06T00:00:00+00:00 [running]> on host LGLXN9TVJX
[2025-06-10T15:11:57.761+0200] {taskinstance.py:3134} INFO - Exporting env vars: AIRFLOW_CTX_DAG_OWNER='airflow' AIRFLOW_CTX_DAG_ID='mein_erster_dag' AIRFLOW_CTX_TASK_ID='print_hello' AIRFLOW_CTX_EXECUTION_DATE='2024-01-06T00:00:00+00:00' AIRFLOW_CTX_TRY_NUMBER='1' AIRFLOW_CTX_DAG_RUN_ID='scheduled__2024-01-06T00:00:00+00:00'
[2025-06-10T15:11:57.761+0200] {taskinstance.py:732} INFO - ::endgroup::
[2025-06-10T15:11:57.769+0200] {subprocess.py:78} INFO - Tmp dir root location: /var/folders/sj/kmk_wl3517d377606n_z382h0000gp/T
[2025-06-10T15:11:57.770+0200] {subprocess.py:88} INFO - Running command: ['/bin/bash', '-c', "echo 'Hallo Welt!'"]
[2025-06-10T15:11:57.772+0200] {subprocess.py:99} INFO - Output:
[2025-06-10T15:11:57.776+0200] {subprocess.py:106} INFO - Hallo Welt!
[2025-06-10T15:11:57.776+0200] {subprocess.py:110} INFO - Command exited with return code 0
[2025-06-10T15:11:57.785+0200] {taskinstance.py:341} INFO - ::group::Post task execution logs
[2025-06-10T15:11:57.786+0200] {taskinstance.py:353} INFO - Marking task as SUCCESS. dag_id=mein_erster_dag, task_id=print_hello, run_id=scheduled__2024-01-06T00:00:00+00:00, execution_date=20240106T000000, start_date=20250610T131157, end_date=20250610T131157
[2025-06-10T15:11:57.805+0200] {local_task_job_runner.py:266} INFO - Task exited with return code 0
[2025-06-10T15:11:57.811+0200] {taskinstance.py:3901} INFO - 0 downstream tasks scheduled from follow-on schedule check
[2025-06-10T15:11:57.811+0200] {local_task_job_runner.py:245} INFO - ::endgroup::
